
  ___  ____  ____  ____  ____ (R)
 /__    /   ____/   /   ____/
___/   /   /___/   /   /___/   13.1   Copyright 1985-2013 StataCorp LP
  Statistics/Data Analysis            StataCorp
                                      4905 Lakeway Drive
     MP - Parallel Edition            College Station, Texas 77845 USA
                                      800-STATA-PC        http://www.stata.com
                                      979-696-4600        stata@stata.com
                                      979-696-4601 (fax)

5-user 4-core Stata network perpetual license:
       Serial number:  501306214279
         Licensed to:  Department of Economics
                       University College London

Notes:
      1.  (-v# option or -set maxvar-) 5000 maximum variables
      2.  Command line editing disabled
      3.  Stata running in batch mode

Note:  Your site can add messages to the introduction by editing the file
       stata.msg in the directory where Stata is installed.

. do highspeedmi.do 

. 
. cd ~/git/baowen/
/data/uctprgu/git/baowen

. use widemissing, clear
(SAVASTATA created this dataset on 09SEP2014)

. 
. mi set flong

. mi xtset,clear

. set matsize 10000

. 
. mi register imputed education skills lastactivity lastsmoke lastalcohol works
> pouse restopage ///
> perhhincome1991 perhhincome1993 perhhincome1997 ///
> perhhincome2000 perhhincome2004 perhhincome2006 perhhincome2009 perhhincome20
> 11 ///
> bismoking1991 bismoking1993 bismoking1997 ///
> bismoking2000 bismoking2004 bismoking2006 bismoking2009 bismoking2011 ///
> lastsysdrug lastdiadrug lastwaist lastbmi ///
> d3kcal1991 d3carbo1991 d3fat1991 d3protn1991 ///
> d3kcal1993 d3carbo1993 d3fat1993 d3protn1993 d3kcal1997 d3carbo1997 d3fat1997
>  d3protn1997 ///
> d3kcal2000 d3carbo2000 d3fat2000 d3protn2000 d3kcal2004 d3carbo2004 d3fat2004
>  d3protn2004 ///
> d3kcal2006 d3carbo2006 d3fat2006 d3protn2006 d3kcal2009 d3carbo2009 d3fat2009
>  d3protn2009 ///
> d3kcal2011 d3carbo2011 d3fat2011 d3protn2011 ///
> alcohol1991 alcohol1993 alcohol1997 alcohol2000 alcohol2004 alcohol2006 alcoh
> ol2009 alcohol2011 
(2697 m=0 obs. now marked as incomplete)

. 
. 
. mi impute chained ///
> (ologit,iter(20))education skills lastactivity ///
> (logit,iter(20))lastsmoke bismoking2006 bismoking2009 bismoking2011 bismoking
> 2004 bismoking2000 bismoking1997 ///
> (logit if lastmarriage==0)workspouse ///
> (regress) lastsysdrug lastdiadrug lastwaist lastbmi ///
> (pmm)d3kcal1991 d3carbo1991 d3fat1991 d3protn1991 ///
> d3kcal1993 d3carbo1993 d3fat1993 d3protn1993 d3kcal1997 d3carbo1997 d3fat1997
>  d3protn1997 ///
> d3kcal2000 d3carbo2000 d3fat2000 d3protn2000 d3kcal2004 d3carbo2004 d3fat2004
>  d3protn2004 ///
> d3kcal2006 d3carbo2006 d3fat2006 d3protn2006 d3kcal2009 d3carbo2009 d3fat2009
>  d3protn2009 ///
> d3kcal2011 d3carbo2011 d3fat2011 d3protn2011 /// 
> alcohol1993 alcohol1997 alcohol2000 alcohol2004 alcohol2006 alcohol2009 alcoh
> ol2011 ///
> =  gender restopage birthcohort urban provinces commid since1991sq yearsince1
> 991 ///
> prepost1991 prepost1993 prepost1997 lastmarriage ///
> prepost2000 prepost2004 prepost2006 prepost2009 ///
> xgender xurban  ///
> ,add(20) burnin(100) rseed(1389)augment

Conditional models:
         education: ologit education i.skills i.workspouse i.lastsmoke
                     i.lastactivity lastsysdrug lastdiadrug lastbmi lastwaist
                     d3kcal2000 d3carbo2000 d3fat2000 d3protn2000 d3kcal2004
                     d3carbo2004 d3fat2004 d3protn2004 d3kcal2006 d3carbo2006
                     d3fat2006 d3protn2006 alcohol2006 alcohol2004
                     i.bismoking2000 i.bismoking2004 i.bismoking2006
                     alcohol2000 i.bismoking1997 d3kcal1997 d3carbo1997
                     d3fat1997 d3protn1997 alcohol1997 d3kcal2009 d3carbo2009
                     d3fat2009 d3protn2009 d3kcal1993 d3carbo1993 d3fat1993
                     d3protn1993 d3kcal1991 d3carbo1991 d3fat1991 d3protn1991
                     alcohol2009 i.bismoking2009 alcohol1993 d3kcal2011
                     d3carbo2011 d3fat2011 d3protn2011 alcohol2011
                     i.bismoking2011 gender restopage birthcohort urban
                     provinces commid since1991sq yearsince1991 prepost1991
                     prepost1993 prepost1997 lastmarriage prepost2000
                     prepost2004 prepost2006 prepost2009 xgender xurban ,
                     augment iter(20)
            skills: ologit skills i.education i.workspouse i.lastsmoke
                     i.lastactivity lastsysdrug lastdiadrug lastbmi lastwaist
                     d3kcal2000 d3carbo2000 d3fat2000 d3protn2000 d3kcal2004
                     d3carbo2004 d3fat2004 d3protn2004 d3kcal2006 d3carbo2006
                     d3fat2006 d3protn2006 alcohol2006 alcohol2004
                     i.bismoking2000 i.bismoking2004 i.bismoking2006
                     alcohol2000 i.bismoking1997 d3kcal1997 d3carbo1997
                     d3fat1997 d3protn1997 alcohol1997 d3kcal2009 d3carbo2009
                     d3fat2009 d3protn2009 d3kcal1993 d3carbo1993 d3fat1993
                     d3protn1993 d3kcal1991 d3carbo1991 d3fat1991 d3protn1991
                     alcohol2009 i.bismoking2009 alcohol1993 d3kcal2011
                     d3carbo2011 d3fat2011 d3protn2011 alcohol2011
                     i.bismoking2011 gender restopage birthcohort urban
                     provinces commid since1991sq yearsince1991 prepost1991
                     prepost1993 prepost1997 lastmarriage prepost2000
                     prepost2004 prepost2006 prepost2009 xgender xurban ,
                     augment iter(20)
        workspouse: logit workspouse i.education i.skills i.lastsmoke
                     i.lastactivity lastsysdrug lastdiadrug lastbmi lastwaist
                     d3kcal2000 d3carbo2000 d3fat2000 d3protn2000 d3kcal2004
                     d3carbo2004 d3fat2004 d3protn2004 d3kcal2006 d3carbo2006
                     d3fat2006 d3protn2006 alcohol2006 alcohol2004
                     i.bismoking2000 i.bismoking2004 i.bismoking2006
                     alcohol2000 i.bismoking1997 d3kcal1997 d3carbo1997
                     d3fat1997 d3protn1997 alcohol1997 d3kcal2009 d3carbo2009
                     d3fat2009 d3protn2009 d3kcal1993 d3carbo1993 d3fat1993
                     d3protn1993 d3kcal1991 d3carbo1991 d3fat1991 d3protn1991
                     alcohol2009 i.bismoking2009 alcohol1993 d3kcal2011
                     d3carbo2011 d3fat2011 d3protn2011 alcohol2011
                     i.bismoking2011 gender restopage birthcohort urban
                     provinces commid since1991sq yearsince1991 prepost1991
                     prepost1993 prepost1997 lastmarriage prepost2000
                     prepost2004 prepost2006 prepost2009 xgender xurban if
                     lastmarriage==0, augment
         lastsmoke: logit lastsmoke i.education i.skills i.workspouse
                     i.lastactivity lastsysdrug lastdiadrug lastbmi lastwaist
                     d3kcal2000 d3carbo2000 d3fat2000 d3protn2000 d3kcal2004
                     d3carbo2004 d3fat2004 d3protn2004 d3kcal2006 d3carbo2006
                     d3fat2006 d3protn2006 alcohol2006 alcohol2004
                     i.bismoking2000 i.bismoking2004 i.bismoking2006
                     alcohol2000 i.bismoking1997 d3kcal1997 d3carbo1997
                     d3fat1997 d3protn1997 alcohol1997 d3kcal2009 d3carbo2009
                     d3fat2009 d3protn2009 d3kcal1993 d3carbo1993 d3fat1993
                     d3protn1993 d3kcal1991 d3carbo1991 d3fat1991 d3protn1991
                     alcohol2009 i.bismoking2009 alcohol1993 d3kcal2011
                     d3carbo2011 d3fat2011 d3protn2011 alcohol2011
                     i.bismoking2011 gender restopage birthcohort urban
                     provinces commid since1991sq yearsince1991 prepost1991
                     prepost1993 prepost1997 lastmarriage prepost2000
                     prepost2004 prepost2006 prepost2009 xgender xurban ,
                     augment iter(20)
      lastactivity: ologit lastactivity i.education i.skills i.workspouse
                     i.lastsmoke lastsysdrug lastdiadrug lastbmi lastwaist
                     d3kcal2000 d3carbo2000 d3fat2000 d3protn2000 d3kcal2004
                     d3carbo2004 d3fat2004 d3protn2004 d3kcal2006 d3carbo2006
                     d3fat2006 d3protn2006 alcohol2006 alcohol2004
                     i.bismoking2000 i.bismoking2004 i.bismoking2006
                     alcohol2000 i.bismoking1997 d3kcal1997 d3carbo1997
                     d3fat1997 d3protn1997 alcohol1997 d3kcal2009 d3carbo2009
                     d3fat2009 d3protn2009 d3kcal1993 d3carbo1993 d3fat1993
                     d3protn1993 d3kcal1991 d3carbo1991 d3fat1991 d3protn1991
                     alcohol2009 i.bismoking2009 alcohol1993 d3kcal2011
                     d3carbo2011 d3fat2011 d3protn2011 alcohol2011
                     i.bismoking2011 gender restopage birthcohort urban
                     provinces commid since1991sq yearsince1991 prepost1991
                     prepost1993 prepost1997 lastmarriage prepost2000
                     prepost2004 prepost2006 prepost2009 xgender xurban ,
                     augment iter(20)
       lastsysdrug: regress lastsysdrug i.education i.skills i.workspouse
                     i.lastsmoke i.lastactivity lastdiadrug lastbmi lastwaist
                     d3kcal2000 d3carbo2000 d3fat2000 d3protn2000 d3kcal2004
                     d3carbo2004 d3fat2004 d3protn2004 d3kcal2006 d3carbo2006
                     d3fat2006 d3protn2006 alcohol2006 alcohol2004
                     i.bismoking2000 i.bismoking2004 i.bismoking2006
                     alcohol2000 i.bismoking1997 d3kcal1997 d3carbo1997
                     d3fat1997 d3protn1997 alcohol1997 d3kcal2009 d3carbo2009
                     d3fat2009 d3protn2009 d3kcal1993 d3carbo1993 d3fat1993
                     d3protn1993 d3kcal1991 d3carbo1991 d3fat1991 d3protn1991
                     alcohol2009 i.bismoking2009 alcohol1993 d3kcal2011
                     d3carbo2011 d3fat2011 d3protn2011 alcohol2011
                     i.bismoking2011 gender restopage birthcohort urban
                     provinces commid since1991sq yearsince1991 prepost1991
                     prepost1993 prepost1997 lastmarriage prepost2000
                     prepost2004 prepost2006 prepost2009 xgender xurban
       lastdiadrug: regress lastdiadrug i.education i.skills i.workspouse
                     i.lastsmoke i.lastactivity lastsysdrug lastbmi lastwaist
                     d3kcal2000 d3carbo2000 d3fat2000 d3protn2000 d3kcal2004
                     d3carbo2004 d3fat2004 d3protn2004 d3kcal2006 d3carbo2006
                     d3fat2006 d3protn2006 alcohol2006 alcohol2004
                     i.bismoking2000 i.bismoking2004 i.bismoking2006
                     alcohol2000 i.bismoking1997 d3kcal1997 d3carbo1997
                     d3fat1997 d3protn1997 alcohol1997 d3kcal2009 d3carbo2009
                     d3fat2009 d3protn2009 d3kcal1993 d3carbo1993 d3fat1993
                     d3protn1993 d3kcal1991 d3carbo1991 d3fat1991 d3protn1991
                     alcohol2009 i.bismoking2009 alcohol1993 d3kcal2011
                     d3carbo2011 d3fat2011 d3protn2011 alcohol2011
                     i.bismoking2011 gender restopage birthcohort urban
                     provinces commid since1991sq yearsince1991 prepost1991
                     prepost1993 prepost1997 lastmarriage prepost2000
                     prepost2004 prepost2006 prepost2009 xgender xurban
           lastbmi: regress lastbmi i.education i.skills i.workspouse
                     i.lastsmoke i.lastactivity lastsysdrug lastdiadrug
                     lastwaist d3kcal2000 d3carbo2000 d3fat2000 d3protn2000
                     d3kcal2004 d3carbo2004 d3fat2004 d3protn2004 d3kcal2006
                     d3carbo2006 d3fat2006 d3protn2006 alcohol2006
                     alcohol2004 i.bismoking2000 i.bismoking2004
                     i.bismoking2006 alcohol2000 i.bismoking1997 d3kcal1997
                     d3carbo1997 d3fat1997 d3protn1997 alcohol1997 d3kcal2009
                     d3carbo2009 d3fat2009 d3protn2009 d3kcal1993 d3carbo1993
                     d3fat1993 d3protn1993 d3kcal1991 d3carbo1991 d3fat1991
                     d3protn1991 alcohol2009 i.bismoking2009 alcohol1993
                     d3kcal2011 d3carbo2011 d3fat2011 d3protn2011 alcohol2011
                     i.bismoking2011 gender restopage birthcohort urban
                     provinces commid since1991sq yearsince1991 prepost1991
                     prepost1993 prepost1997 lastmarriage prepost2000
                     prepost2004 prepost2006 prepost2009 xgender xurban
         lastwaist: regress lastwaist i.education i.skills i.workspouse
                     i.lastsmoke i.lastactivity lastsysdrug lastdiadrug
                     lastbmi d3kcal2000 d3carbo2000 d3fat2000 d3protn2000
                     d3kcal2004 d3carbo2004 d3fat2004 d3protn2004 d3kcal2006
                     d3carbo2006 d3fat2006 d3protn2006 alcohol2006
                     alcohol2004 i.bismoking2000 i.bismoking2004
                     i.bismoking2006 alcohol2000 i.bismoking1997 d3kcal1997
                     d3carbo1997 d3fat1997 d3protn1997 alcohol1997 d3kcal2009
                     d3carbo2009 d3fat2009 d3protn2009 d3kcal1993 d3carbo1993
                     d3fat1993 d3protn1993 d3kcal1991 d3carbo1991 d3fat1991
                     d3protn1991 alcohol2009 i.bismoking2009 alcohol1993
                     d3kcal2011 d3carbo2011 d3fat2011 d3protn2011 alcohol2011
                     i.bismoking2011 gender restopage birthcohort urban
                     provinces commid since1991sq yearsince1991 prepost1991
                     prepost1993 prepost1997 lastmarriage prepost2000
                     prepost2004 prepost2006 prepost2009 xgender xurban
        d3kcal2000: pmm d3kcal2000 i.education i.skills i.workspouse
                     i.lastsmoke i.lastactivity lastsysdrug lastdiadrug
                     lastbmi lastwaist d3carbo2000 d3fat2000 d3protn2000
                     d3kcal2004 d3carbo2004 d3fat2004 d3protn2004 d3kcal2006
                     d3carbo2006 d3fat2006 d3protn2006 alcohol2006
                     alcohol2004 i.bismoking2000 i.bismoking2004
                     i.bismoking2006 alcohol2000 i.bismoking1997 d3kcal1997
                     d3carbo1997 d3fat1997 d3protn1997 alcohol1997 d3kcal2009
                     d3carbo2009 d3fat2009 d3protn2009 d3kcal1993 d3carbo1993
                     d3fat1993 d3protn1993 d3kcal1991 d3carbo1991 d3fat1991
                     d3protn1991 alcohol2009 i.bismoking2009 alcohol1993
                     d3kcal2011 d3carbo2011 d3fat2011 d3protn2011 alcohol2011
                     i.bismoking2011 gender restopage birthcohort urban
                     provinces commid since1991sq yearsince1991 prepost1991
                     prepost1993 prepost1997 lastmarriage prepost2000
                     prepost2004 prepost2006 prepost2009 xgender xurban
       d3carbo2000: pmm d3carbo2000 i.education i.skills i.workspouse
                     i.lastsmoke i.lastactivity lastsysdrug lastdiadrug
                     lastbmi lastwaist d3kcal2000 d3fat2000 d3protn2000
                     d3kcal2004 d3carbo2004 d3fat2004 d3protn2004 d3kcal2006
                     d3carbo2006 d3fat2006 d3protn2006 alcohol2006
                     alcohol2004 i.bismoking2000 i.bismoking2004
                     i.bismoking2006 alcohol2000 i.bismoking1997 d3kcal1997
                     d3carbo1997 d3fat1997 d3protn1997 alcohol1997 d3kcal2009
                     d3carbo2009 d3fat2009 d3protn2009 d3kcal1993 d3carbo1993
                     d3fat1993 d3protn1993 d3kcal1991 d3carbo1991 d3fat1991
                     d3protn1991 alcohol2009 i.bismoking2009 alcohol1993
                     d3kcal2011 d3carbo2011 d3fat2011 d3protn2011 alcohol2011
                     i.bismoking2011 gender restopage birthcohort urban
                     provinces commid since1991sq yearsince1991 prepost1991
                     prepost1993 prepost1997 lastmarriage prepost2000
                     prepost2004 prepost2006 prepost2009 xgender xurban
         d3fat2000: pmm d3fat2000 i.education i.skills i.workspouse
                     i.lastsmoke i.lastactivity lastsysdrug lastdiadrug
                     lastbmi lastwaist d3kcal2000 d3carbo2000 d3protn2000
                     d3kcal2004 d3carbo2004 d3fat2004 d3protn2004 d3kcal2006
                     d3carbo2006 d3fat2006 d3protn2006 alcohol2006
                     alcohol2004 i.bismoking2000 i.bismoking2004
                     i.bismoking2006 alcohol2000 i.bismoking1997 d3kcal1997
                     d3carbo1997 d3fat1997 d3protn1997 alcohol1997 d3kcal2009
                     d3carbo2009 d3fat2009 d3protn2009 d3kcal1993 d3carbo1993
                     d3fat1993 d3protn1993 d3kcal1991 d3carbo1991 d3fat1991
                     d3protn1991 alcohol2009 i.bismoking2009 alcohol1993
                     d3kcal2011 d3carbo2011 d3fat2011 d3protn2011 alcohol2011
                     i.bismoking2011 gender restopage birthcohort urban
                     provinces commid since1991sq yearsince1991 prepost1991
                     prepost1993 prepost1997 lastmarriage prepost2000
                     prepost2004 prepost2006 prepost2009 xgender xurban
       d3protn2000: pmm d3protn2000 i.education i.skills i.workspouse
                     i.lastsmoke i.lastactivity lastsysdrug lastdiadrug
                     lastbmi lastwaist d3kcal2000 d3carbo2000 d3fat2000
                     d3kcal2004 d3carbo2004 d3fat2004 d3protn2004 d3kcal2006
                     d3carbo2006 d3fat2006 d3protn2006 alcohol2006
                     alcohol2004 i.bismoking2000 i.bismoking2004
                     i.bismoking2006 alcohol2000 i.bismoking1997 d3kcal1997
                     d3carbo1997 d3fat1997 d3protn1997 alcohol1997 d3kcal2009
                     d3carbo2009 d3fat2009 d3protn2009 d3kcal1993 d3carbo1993
                     d3fat1993 d3protn1993 d3kcal1991 d3carbo1991 d3fat1991
                     d3protn1991 alcohol2009 i.bismoking2009 alcohol1993
                     d3kcal2011 d3carbo2011 d3fat2011 d3protn2011 alcohol2011
                     i.bismoking2011 gender restopage birthcohort urban
                     provinces commid since1991sq yearsince1991 prepost1991
                     prepost1993 prepost1997 lastmarriage prepost2000
                     prepost2004 prepost2006 prepost2009 xgender xurban
        d3kcal2004: pmm d3kcal2004 i.education i.skills i.workspouse
                     i.lastsmoke i.lastactivity lastsysdrug lastdiadrug
                     lastbmi lastwaist d3kcal2000 d3carbo2000 d3fat2000
                     d3protn2000 d3carbo2004 d3fat2004 d3protn2004 d3kcal2006
                     d3carbo2006 d3fat2006 d3protn2006 alcohol2006
                     alcohol2004 i.bismoking2000 i.bismoking2004
                     i.bismoking2006 alcohol2000 i.bismoking1997 d3kcal1997
                     d3carbo1997 d3fat1997 d3protn1997 alcohol1997 d3kcal2009
                     d3carbo2009 d3fat2009 d3protn2009 d3kcal1993 d3carbo1993
                     d3fat1993 d3protn1993 d3kcal1991 d3carbo1991 d3fat1991
                     d3protn1991 alcohol2009 i.bismoking2009 alcohol1993
                     d3kcal2011 d3carbo2011 d3fat2011 d3protn2011 alcohol2011
                     i.bismoking2011 gender restopage birthcohort urban
                     provinces commid since1991sq yearsince1991 prepost1991
                     prepost1993 prepost1997 lastmarriage prepost2000
                     prepost2004 prepost2006 prepost2009 xgender xurban
       d3carbo2004: pmm d3carbo2004 i.education i.skills i.workspouse
                     i.lastsmoke i.lastactivity lastsysdrug lastdiadrug
                     lastbmi lastwaist d3kcal2000 d3carbo2000 d3fat2000
                     d3protn2000 d3kcal2004 d3fat2004 d3protn2004 d3kcal2006
                     d3carbo2006 d3fat2006 d3protn2006 alcohol2006
                     alcohol2004 i.bismoking2000 i.bismoking2004
                     i.bismoking2006 alcohol2000 i.bismoking1997 d3kcal1997
                     d3carbo1997 d3fat1997 d3protn1997 alcohol1997 d3kcal2009
                     d3carbo2009 d3fat2009 d3protn2009 d3kcal1993 d3carbo1993
                     d3fat1993 d3protn1993 d3kcal1991 d3carbo1991 d3fat1991
                     d3protn1991 alcohol2009 i.bismoking2009 alcohol1993
                     d3kcal2011 d3carbo2011 d3fat2011 d3protn2011 alcohol2011
                     i.bismoking2011 gender restopage birthcohort urban
                     provinces commid since1991sq yearsince1991 prepost1991
                     prepost1993 prepost1997 lastmarriage prepost2000
                     prepost2004 prepost2006 prepost2009 xgender xurban
         d3fat2004: pmm d3fat2004 i.education i.skills i.workspouse
                     i.lastsmoke i.lastactivity lastsysdrug lastdiadrug
                     lastbmi lastwaist d3kcal2000 d3carbo2000 d3fat2000
                     d3protn2000 d3kcal2004 d3carbo2004 d3protn2004
                     d3kcal2006 d3carbo2006 d3fat2006 d3protn2006 alcohol2006
                     alcohol2004 i.bismoking2000 i.bismoking2004
                     i.bismoking2006 alcohol2000 i.bismoking1997 d3kcal1997
                     d3carbo1997 d3fat1997 d3protn1997 alcohol1997 d3kcal2009
                     d3carbo2009 d3fat2009 d3protn2009 d3kcal1993 d3carbo1993
                     d3fat1993 d3protn1993 d3kcal1991 d3carbo1991 d3fat1991
                     d3protn1991 alcohol2009 i.bismoking2009 alcohol1993
                     d3kcal2011 d3carbo2011 d3fat2011 d3protn2011 alcohol2011
                     i.bismoking2011 gender restopage birthcohort urban
                     provinces commid since1991sq yearsince1991 prepost1991
                     prepost1993 prepost1997 lastmarriage prepost2000
                     prepost2004 prepost2006 prepost2009 xgender xurban
       d3protn2004: pmm d3protn2004 i.education i.skills i.workspouse
                     i.lastsmoke i.lastactivity lastsysdrug lastdiadrug
                     lastbmi lastwaist d3kcal2000 d3carbo2000 d3fat2000
                     d3protn2000 d3kcal2004 d3carbo2004 d3fat2004 d3kcal2006
                     d3carbo2006 d3fat2006 d3protn2006 alcohol2006
                     alcohol2004 i.bismoking2000 i.bismoking2004
                     i.bismoking2006 alcohol2000 i.bismoking1997 d3kcal1997
                     d3carbo1997 d3fat1997 d3protn1997 alcohol1997 d3kcal2009
                     d3carbo2009 d3fat2009 d3protn2009 d3kcal1993 d3carbo1993
                     d3fat1993 d3protn1993 d3kcal1991 d3carbo1991 d3fat1991
                     d3protn1991 alcohol2009 i.bismoking2009 alcohol1993
                     d3kcal2011 d3carbo2011 d3fat2011 d3protn2011 alcohol2011
                     i.bismoking2011 gender restopage birthcohort urban
                     provinces commid since1991sq yearsince1991 prepost1991
                     prepost1993 prepost1997 lastmarriage prepost2000
                     prepost2004 prepost2006 prepost2009 xgender xurban
        d3kcal2006: pmm d3kcal2006 i.education i.skills i.workspouse
                     i.lastsmoke i.lastactivity lastsysdrug lastdiadrug
                     lastbmi lastwaist d3kcal2000 d3carbo2000 d3fat2000
                     d3protn2000 d3kcal2004 d3carbo2004 d3fat2004 d3protn2004
                     d3carbo2006 d3fat2006 d3protn2006 alcohol2006
                     alcohol2004 i.bismoking2000 i.bismoking2004
                     i.bismoking2006 alcohol2000 i.bismoking1997 d3kcal1997
                     d3carbo1997 d3fat1997 d3protn1997 alcohol1997 d3kcal2009
                     d3carbo2009 d3fat2009 d3protn2009 d3kcal1993 d3carbo1993
                     d3fat1993 d3protn1993 d3kcal1991 d3carbo1991 d3fat1991
                     d3protn1991 alcohol2009 i.bismoking2009 alcohol1993
                     d3kcal2011 d3carbo2011 d3fat2011 d3protn2011 alcohol2011
                     i.bismoking2011 gender restopage birthcohort urban
                     provinces commid since1991sq yearsince1991 prepost1991
                     prepost1993 prepost1997 lastmarriage prepost2000
                     prepost2004 prepost2006 prepost2009 xgender xurban
       d3carbo2006: pmm d3carbo2006 i.education i.skills i.workspouse
                     i.lastsmoke i.lastactivity lastsysdrug lastdiadrug
                     lastbmi lastwaist d3kcal2000 d3carbo2000 d3fat2000
                     d3protn2000 d3kcal2004 d3carbo2004 d3fat2004 d3protn2004
                     d3kcal2006 d3fat2006 d3protn2006 alcohol2006 alcohol2004
                     i.bismoking2000 i.bismoking2004 i.bismoking2006
                     alcohol2000 i.bismoking1997 d3kcal1997 d3carbo1997
                     d3fat1997 d3protn1997 alcohol1997 d3kcal2009 d3carbo2009
                     d3fat2009 d3protn2009 d3kcal1993 d3carbo1993 d3fat1993
                     d3protn1993 d3kcal1991 d3carbo1991 d3fat1991 d3protn1991
                     alcohol2009 i.bismoking2009 alcohol1993 d3kcal2011
                     d3carbo2011 d3fat2011 d3protn2011 alcohol2011
                     i.bismoking2011 gender restopage birthcohort urban
                     provinces commid since1991sq yearsince1991 prepost1991
                     prepost1993 prepost1997 lastmarriage prepost2000
                     prepost2004 prepost2006 prepost2009 xgender xurban
         d3fat2006: pmm d3fat2006 i.education i.skills i.workspouse
                     i.lastsmoke i.lastactivity lastsysdrug lastdiadrug
                     lastbmi lastwaist d3kcal2000 d3carbo2000 d3fat2000
                     d3protn2000 d3kcal2004 d3carbo2004 d3fat2004 d3protn2004
                     d3kcal2006 d3carbo2006 d3protn2006 alcohol2006
                     alcohol2004 i.bismoking2000 i.bismoking2004
                     i.bismoking2006 alcohol2000 i.bismoking1997 d3kcal1997
                     d3carbo1997 d3fat1997 d3protn1997 alcohol1997 d3kcal2009
                     d3carbo2009 d3fat2009 d3protn2009 d3kcal1993 d3carbo1993
                     d3fat1993 d3protn1993 d3kcal1991 d3carbo1991 d3fat1991
                     d3protn1991 alcohol2009 i.bismoking2009 alcohol1993
                     d3kcal2011 d3carbo2011 d3fat2011 d3protn2011 alcohol2011
                     i.bismoking2011 gender restopage birthcohort urban
                     provinces commid since1991sq yearsince1991 prepost1991
                     prepost1993 prepost1997 lastmarriage prepost2000
                     prepost2004 prepost2006 prepost2009 xgender xurban
       d3protn2006: pmm d3protn2006 i.education i.skills i.workspouse
                     i.lastsmoke i.lastactivity lastsysdrug lastdiadrug
                     lastbmi lastwaist d3kcal2000 d3carbo2000 d3fat2000
                     d3protn2000 d3kcal2004 d3carbo2004 d3fat2004 d3protn2004
                     d3kcal2006 d3carbo2006 d3fat2006 alcohol2006 alcohol2004
                     i.bismoking2000 i.bismoking2004 i.bismoking2006
                     alcohol2000 i.bismoking1997 d3kcal1997 d3carbo1997
                     d3fat1997 d3protn1997 alcohol1997 d3kcal2009 d3carbo2009
                     d3fat2009 d3protn2009 d3kcal1993 d3carbo1993 d3fat1993
                     d3protn1993 d3kcal1991 d3carbo1991 d3fat1991 d3protn1991
                     alcohol2009 i.bismoking2009 alcohol1993 d3kcal2011
                     d3carbo2011 d3fat2011 d3protn2011 alcohol2011
                     i.bismoking2011 gender restopage birthcohort urban
                     provinces commid since1991sq yearsince1991 prepost1991
                     prepost1993 prepost1997 lastmarriage prepost2000
                     prepost2004 prepost2006 prepost2009 xgender xurban
       alcohol2006: pmm alcohol2006 i.education i.skills i.workspouse
                     i.lastsmoke i.lastactivity lastsysdrug lastdiadrug
                     lastbmi lastwaist d3kcal2000 d3carbo2000 d3fat2000
                     d3protn2000 d3kcal2004 d3carbo2004 d3fat2004 d3protn2004
                     d3kcal2006 d3carbo2006 d3fat2006 d3protn2006 alcohol2004
                     i.bismoking2000 i.bismoking2004 i.bismoking2006
                     alcohol2000 i.bismoking1997 d3kcal1997 d3carbo1997
                     d3fat1997 d3protn1997 alcohol1997 d3kcal2009 d3carbo2009
                     d3fat2009 d3protn2009 d3kcal1993 d3carbo1993 d3fat1993
                     d3protn1993 d3kcal1991 d3carbo1991 d3fat1991 d3protn1991
                     alcohol2009 i.bismoking2009 alcohol1993 d3kcal2011
                     d3carbo2011 d3fat2011 d3protn2011 alcohol2011
                     i.bismoking2011 gender restopage birthcohort urban
                     provinces commid since1991sq yearsince1991 prepost1991
                     prepost1993 prepost1997 lastmarriage prepost2000
                     prepost2004 prepost2006 prepost2009 xgender xurban
       alcohol2004: pmm alcohol2004 i.education i.skills i.workspouse
                     i.lastsmoke i.lastactivity lastsysdrug lastdiadrug
                     lastbmi lastwaist d3kcal2000 d3carbo2000 d3fat2000
                     d3protn2000 d3kcal2004 d3carbo2004 d3fat2004 d3protn2004
                     d3kcal2006 d3carbo2006 d3fat2006 d3protn2006 alcohol2006
                     i.bismoking2000 i.bismoking2004 i.bismoking2006
                     alcohol2000 i.bismoking1997 d3kcal1997 d3carbo1997
                     d3fat1997 d3protn1997 alcohol1997 d3kcal2009 d3carbo2009
                     d3fat2009 d3protn2009 d3kcal1993 d3carbo1993 d3fat1993
                     d3protn1993 d3kcal1991 d3carbo1991 d3fat1991 d3protn1991
                     alcohol2009 i.bismoking2009 alcohol1993 d3kcal2011
                     d3carbo2011 d3fat2011 d3protn2011 alcohol2011
                     i.bismoking2011 gender restopage birthcohort urban
                     provinces commid since1991sq yearsince1991 prepost1991
                     prepost1993 prepost1997 lastmarriage prepost2000
                     prepost2004 prepost2006 prepost2009 xgender xurban
     bismoking2000: logit bismoking2000 i.education i.skills i.workspouse
                     i.lastsmoke i.lastactivity lastsysdrug lastdiadrug
                     lastbmi lastwaist d3kcal2000 d3carbo2000 d3fat2000
                     d3protn2000 d3kcal2004 d3carbo2004 d3fat2004 d3protn2004
                     d3kcal2006 d3carbo2006 d3fat2006 d3protn2006 alcohol2006
                     alcohol2004 i.bismoking2004 i.bismoking2006 alcohol2000
                     i.bismoking1997 d3kcal1997 d3carbo1997 d3fat1997
                     d3protn1997 alcohol1997 d3kcal2009 d3carbo2009 d3fat2009
                     d3protn2009 d3kcal1993 d3carbo1993 d3fat1993 d3protn1993
                     d3kcal1991 d3carbo1991 d3fat1991 d3protn1991 alcohol2009
                     i.bismoking2009 alcohol1993 d3kcal2011 d3carbo2011
                     d3fat2011 d3protn2011 alcohol2011 i.bismoking2011 gender
                     restopage birthcohort urban provinces commid since1991sq
                     yearsince1991 prepost1991 prepost1993 prepost1997
                     lastmarriage prepost2000 prepost2004 prepost2006
                     prepost2009 xgender xurban , augment iter(20)
     bismoking2004: logit bismoking2004 i.education i.skills i.workspouse
                     i.lastsmoke i.lastactivity lastsysdrug lastdiadrug
                     lastbmi lastwaist d3kcal2000 d3carbo2000 d3fat2000
                     d3protn2000 d3kcal2004 d3carbo2004 d3fat2004 d3protn2004
                     d3kcal2006 d3carbo2006 d3fat2006 d3protn2006 alcohol2006
                     alcohol2004 i.bismoking2000 i.bismoking2006 alcohol2000
                     i.bismoking1997 d3kcal1997 d3carbo1997 d3fat1997
                     d3protn1997 alcohol1997 d3kcal2009 d3carbo2009 d3fat2009
                     d3protn2009 d3kcal1993 d3carbo1993 d3fat1993 d3protn1993
                     d3kcal1991 d3carbo1991 d3fat1991 d3protn1991 alcohol2009
                     i.bismoking2009 alcohol1993 d3kcal2011 d3carbo2011
                     d3fat2011 d3protn2011 alcohol2011 i.bismoking2011 gender
                     restopage birthcohort urban provinces commid since1991sq
                     yearsince1991 prepost1991 prepost1993 prepost1997
                     lastmarriage prepost2000 prepost2004 prepost2006
                     prepost2009 xgender xurban , augment iter(20)
     bismoking2006: logit bismoking2006 i.education i.skills i.workspouse
                     i.lastsmoke i.lastactivity lastsysdrug lastdiadrug
                     lastbmi lastwaist d3kcal2000 d3carbo2000 d3fat2000
                     d3protn2000 d3kcal2004 d3carbo2004 d3fat2004 d3protn2004
                     d3kcal2006 d3carbo2006 d3fat2006 d3protn2006 alcohol2006
                     alcohol2004 i.bismoking2000 i.bismoking2004 alcohol2000
                     i.bismoking1997 d3kcal1997 d3carbo1997 d3fat1997
                     d3protn1997 alcohol1997 d3kcal2009 d3carbo2009 d3fat2009
                     d3protn2009 d3kcal1993 d3carbo1993 d3fat1993 d3protn1993
                     d3kcal1991 d3carbo1991 d3fat1991 d3protn1991 alcohol2009
                     i.bismoking2009 alcohol1993 d3kcal2011 d3carbo2011
                     d3fat2011 d3protn2011 alcohol2011 i.bismoking2011 gender
                     restopage birthcohort urban provinces commid since1991sq
                     yearsince1991 prepost1991 prepost1993 prepost1997
                     lastmarriage prepost2000 prepost2004 prepost2006
                     prepost2009 xgender xurban , augment iter(20)
       alcohol2000: pmm alcohol2000 i.education i.skills i.workspouse
                     i.lastsmoke i.lastactivity lastsysdrug lastdiadrug
                     lastbmi lastwaist d3kcal2000 d3carbo2000 d3fat2000
                     d3protn2000 d3kcal2004 d3carbo2004 d3fat2004 d3protn2004
                     d3kcal2006 d3carbo2006 d3fat2006 d3protn2006 alcohol2006
                     alcohol2004 i.bismoking2000 i.bismoking2004
                     i.bismoking2006 i.bismoking1997 d3kcal1997 d3carbo1997
                     d3fat1997 d3protn1997 alcohol1997 d3kcal2009 d3carbo2009
                     d3fat2009 d3protn2009 d3kcal1993 d3carbo1993 d3fat1993
                     d3protn1993 d3kcal1991 d3carbo1991 d3fat1991 d3protn1991
                     alcohol2009 i.bismoking2009 alcohol1993 d3kcal2011
                     d3carbo2011 d3fat2011 d3protn2011 alcohol2011
                     i.bismoking2011 gender restopage birthcohort urban
                     provinces commid since1991sq yearsince1991 prepost1991
                     prepost1993 prepost1997 lastmarriage prepost2000
                     prepost2004 prepost2006 prepost2009 xgender xurban
     bismoking1997: logit bismoking1997 i.education i.skills i.workspouse
                     i.lastsmoke i.lastactivity lastsysdrug lastdiadrug
                     lastbmi lastwaist d3kcal2000 d3carbo2000 d3fat2000
                     d3protn2000 d3kcal2004 d3carbo2004 d3fat2004 d3protn2004
                     d3kcal2006 d3carbo2006 d3fat2006 d3protn2006 alcohol2006
                     alcohol2004 i.bismoking2000 i.bismoking2004
                     i.bismoking2006 alcohol2000 d3kcal1997 d3carbo1997
                     d3fat1997 d3protn1997 alcohol1997 d3kcal2009 d3carbo2009
                     d3fat2009 d3protn2009 d3kcal1993 d3carbo1993 d3fat1993
                     d3protn1993 d3kcal1991 d3carbo1991 d3fat1991 d3protn1991
                     alcohol2009 i.bismoking2009 alcohol1993 d3kcal2011
                     d3carbo2011 d3fat2011 d3protn2011 alcohol2011
                     i.bismoking2011 gender restopage birthcohort urban
                     provinces commid since1991sq yearsince1991 prepost1991
                     prepost1993 prepost1997 lastmarriage prepost2000
                     prepost2004 prepost2006 prepost2009 xgender xurban ,
                     augment iter(20)
        d3kcal1997: pmm d3kcal1997 i.education i.skills i.workspouse
                     i.lastsmoke i.lastactivity lastsysdrug lastdiadrug
                     lastbmi lastwaist d3kcal2000 d3carbo2000 d3fat2000
                     d3protn2000 d3kcal2004 d3carbo2004 d3fat2004 d3protn2004
                     d3kcal2006 d3carbo2006 d3fat2006 d3protn2006 alcohol2006
                     alcohol2004 i.bismoking2000 i.bismoking2004
                     i.bismoking2006 alcohol2000 i.bismoking1997 d3carbo1997
                     d3fat1997 d3protn1997 alcohol1997 d3kcal2009 d3carbo2009
                     d3fat2009 d3protn2009 d3kcal1993 d3carbo1993 d3fat1993
                     d3protn1993 d3kcal1991 d3carbo1991 d3fat1991 d3protn1991
                     alcohol2009 i.bismoking2009 alcohol1993 d3kcal2011
                     d3carbo2011 d3fat2011 d3protn2011 alcohol2011
                     i.bismoking2011 gender restopage birthcohort urban
                     provinces commid since1991sq yearsince1991 prepost1991
                     prepost1993 prepost1997 lastmarriage prepost2000
                     prepost2004 prepost2006 prepost2009 xgender xurban
       d3carbo1997: pmm d3carbo1997 i.education i.skills i.workspouse
                     i.lastsmoke i.lastactivity lastsysdrug lastdiadrug
                     lastbmi lastwaist d3kcal2000 d3carbo2000 d3fat2000
                     d3protn2000 d3kcal2004 d3carbo2004 d3fat2004 d3protn2004
                     d3kcal2006 d3carbo2006 d3fat2006 d3protn2006 alcohol2006
                     alcohol2004 i.bismoking2000 i.bismoking2004
                     i.bismoking2006 alcohol2000 i.bismoking1997 d3kcal1997
                     d3fat1997 d3protn1997 alcohol1997 d3kcal2009 d3carbo2009
                     d3fat2009 d3protn2009 d3kcal1993 d3carbo1993 d3fat1993
                     d3protn1993 d3kcal1991 d3carbo1991 d3fat1991 d3protn1991
                     alcohol2009 i.bismoking2009 alcohol1993 d3kcal2011
                     d3carbo2011 d3fat2011 d3protn2011 alcohol2011
                     i.bismoking2011 gender restopage birthcohort urban
                     provinces commid since1991sq yearsince1991 prepost1991
                     prepost1993 prepost1997 lastmarriage prepost2000
                     prepost2004 prepost2006 prepost2009 xgender xurban
         d3fat1997: pmm d3fat1997 i.education i.skills i.workspouse
                     i.lastsmoke i.lastactivity lastsysdrug lastdiadrug
                     lastbmi lastwaist d3kcal2000 d3carbo2000 d3fat2000
                     d3protn2000 d3kcal2004 d3carbo2004 d3fat2004 d3protn2004
                     d3kcal2006 d3carbo2006 d3fat2006 d3protn2006 alcohol2006
                     alcohol2004 i.bismoking2000 i.bismoking2004
                     i.bismoking2006 alcohol2000 i.bismoking1997 d3kcal1997
                     d3carbo1997 d3protn1997 alcohol1997 d3kcal2009
                     d3carbo2009 d3fat2009 d3protn2009 d3kcal1993 d3carbo1993
                     d3fat1993 d3protn1993 d3kcal1991 d3carbo1991 d3fat1991
                     d3protn1991 alcohol2009 i.bismoking2009 alcohol1993
                     d3kcal2011 d3carbo2011 d3fat2011 d3protn2011 alcohol2011
                     i.bismoking2011 gender restopage birthcohort urban
                     provinces commid since1991sq yearsince1991 prepost1991
                     prepost1993 prepost1997 lastmarriage prepost2000
                     prepost2004 prepost2006 prepost2009 xgender xurban
       d3protn1997: pmm d3protn1997 i.education i.skills i.workspouse
                     i.lastsmoke i.lastactivity lastsysdrug lastdiadrug
                     lastbmi lastwaist d3kcal2000 d3carbo2000 d3fat2000
                     d3protn2000 d3kcal2004 d3carbo2004 d3fat2004 d3protn2004
                     d3kcal2006 d3carbo2006 d3fat2006 d3protn2006 alcohol2006
                     alcohol2004 i.bismoking2000 i.bismoking2004
                     i.bismoking2006 alcohol2000 i.bismoking1997 d3kcal1997
                     d3carbo1997 d3fat1997 alcohol1997 d3kcal2009 d3carbo2009
                     d3fat2009 d3protn2009 d3kcal1993 d3carbo1993 d3fat1993
                     d3protn1993 d3kcal1991 d3carbo1991 d3fat1991 d3protn1991
                     alcohol2009 i.bismoking2009 alcohol1993 d3kcal2011
                     d3carbo2011 d3fat2011 d3protn2011 alcohol2011
                     i.bismoking2011 gender restopage birthcohort urban
                     provinces commid since1991sq yearsince1991 prepost1991
                     prepost1993 prepost1997 lastmarriage prepost2000
                     prepost2004 prepost2006 prepost2009 xgender xurban
       alcohol1997: pmm alcohol1997 i.education i.skills i.workspouse
                     i.lastsmoke i.lastactivity lastsysdrug lastdiadrug
                     lastbmi lastwaist d3kcal2000 d3carbo2000 d3fat2000
                     d3protn2000 d3kcal2004 d3carbo2004 d3fat2004 d3protn2004
                     d3kcal2006 d3carbo2006 d3fat2006 d3protn2006 alcohol2006
                     alcohol2004 i.bismoking2000 i.bismoking2004
                     i.bismoking2006 alcohol2000 i.bismoking1997 d3kcal1997
                     d3carbo1997 d3fat1997 d3protn1997 d3kcal2009 d3carbo2009
                     d3fat2009 d3protn2009 d3kcal1993 d3carbo1993 d3fat1993
                     d3protn1993 d3kcal1991 d3carbo1991 d3fat1991 d3protn1991
                     alcohol2009 i.bismoking2009 alcohol1993 d3kcal2011
                     d3carbo2011 d3fat2011 d3protn2011 alcohol2011
                     i.bismoking2011 gender restopage birthcohort urban
                     provinces commid since1991sq yearsince1991 prepost1991
                     prepost1993 prepost1997 lastmarriage prepost2000
                     prepost2004 prepost2006 prepost2009 xgender xurban
        d3kcal2009: pmm d3kcal2009 i.education i.skills i.workspouse
                     i.lastsmoke i.lastactivity lastsysdrug lastdiadrug
                     lastbmi lastwaist d3kcal2000 d3carbo2000 d3fat2000
                     d3protn2000 d3kcal2004 d3carbo2004 d3fat2004 d3protn2004
                     d3kcal2006 d3carbo2006 d3fat2006 d3protn2006 alcohol2006
                     alcohol2004 i.bismoking2000 i.bismoking2004
                     i.bismoking2006 alcohol2000 i.bismoking1997 d3kcal1997
                     d3carbo1997 d3fat1997 d3protn1997 alcohol1997
                     d3carbo2009 d3fat2009 d3protn2009 d3kcal1993 d3carbo1993
                     d3fat1993 d3protn1993 d3kcal1991 d3carbo1991 d3fat1991
                     d3protn1991 alcohol2009 i.bismoking2009 alcohol1993
                     d3kcal2011 d3carbo2011 d3fat2011 d3protn2011 alcohol2011
                     i.bismoking2011 gender restopage birthcohort urban
                     provinces commid since1991sq yearsince1991 prepost1991
                     prepost1993 prepost1997 lastmarriage prepost2000
                     prepost2004 prepost2006 prepost2009 xgender xurban
       d3carbo2009: pmm d3carbo2009 i.education i.skills i.workspouse
                     i.lastsmoke i.lastactivity lastsysdrug lastdiadrug
                     lastbmi lastwaist d3kcal2000 d3carbo2000 d3fat2000
                     d3protn2000 d3kcal2004 d3carbo2004 d3fat2004 d3protn2004
                     d3kcal2006 d3carbo2006 d3fat2006 d3protn2006 alcohol2006
                     alcohol2004 i.bismoking2000 i.bismoking2004
                     i.bismoking2006 alcohol2000 i.bismoking1997 d3kcal1997
                     d3carbo1997 d3fat1997 d3protn1997 alcohol1997 d3kcal2009
                     d3fat2009 d3protn2009 d3kcal1993 d3carbo1993 d3fat1993
                     d3protn1993 d3kcal1991 d3carbo1991 d3fat1991 d3protn1991
                     alcohol2009 i.bismoking2009 alcohol1993 d3kcal2011
                     d3carbo2011 d3fat2011 d3protn2011 alcohol2011
                     i.bismoking2011 gender restopage birthcohort urban
                     provinces commid since1991sq yearsince1991 prepost1991
                     prepost1993 prepost1997 lastmarriage prepost2000
                     prepost2004 prepost2006 prepost2009 xgender xurban
         d3fat2009: pmm d3fat2009 i.education i.skills i.workspouse
                     i.lastsmoke i.lastactivity lastsysdrug lastdiadrug
                     lastbmi lastwaist d3kcal2000 d3carbo2000 d3fat2000
                     d3protn2000 d3kcal2004 d3carbo2004 d3fat2004 d3protn2004
                     d3kcal2006 d3carbo2006 d3fat2006 d3protn2006 alcohol2006
                     alcohol2004 i.bismoking2000 i.bismoking2004
                     i.bismoking2006 alcohol2000 i.bismoking1997 d3kcal1997
                     d3carbo1997 d3fat1997 d3protn1997 alcohol1997 d3kcal2009
                     d3carbo2009 d3protn2009 d3kcal1993 d3carbo1993 d3fat1993
                     d3protn1993 d3kcal1991 d3carbo1991 d3fat1991 d3protn1991
                     alcohol2009 i.bismoking2009 alcohol1993 d3kcal2011
                     d3carbo2011 d3fat2011 d3protn2011 alcohol2011
                     i.bismoking2011 gender restopage birthcohort urban
                     provinces commid since1991sq yearsince1991 prepost1991
                     prepost1993 prepost1997 lastmarriage prepost2000
                     prepost2004 prepost2006 prepost2009 xgender xurban
       d3protn2009: pmm d3protn2009 i.education i.skills i.workspouse
                     i.lastsmoke i.lastactivity lastsysdrug lastdiadrug
                     lastbmi lastwaist d3kcal2000 d3carbo2000 d3fat2000
                     d3protn2000 d3kcal2004 d3carbo2004 d3fat2004 d3protn2004
                     d3kcal2006 d3carbo2006 d3fat2006 d3protn2006 alcohol2006
                     alcohol2004 i.bismoking2000 i.bismoking2004
                     i.bismoking2006 alcohol2000 i.bismoking1997 d3kcal1997
                     d3carbo1997 d3fat1997 d3protn1997 alcohol1997 d3kcal2009
                     d3carbo2009 d3fat2009 d3kcal1993 d3carbo1993 d3fat1993
                     d3protn1993 d3kcal1991 d3carbo1991 d3fat1991 d3protn1991
                     alcohol2009 i.bismoking2009 alcohol1993 d3kcal2011
                     d3carbo2011 d3fat2011 d3protn2011 alcohol2011
                     i.bismoking2011 gender restopage birthcohort urban
                     provinces commid since1991sq yearsince1991 prepost1991
                     prepost1993 prepost1997 lastmarriage prepost2000
                     prepost2004 prepost2006 prepost2009 xgender xurban
        d3kcal1993: pmm d3kcal1993 i.education i.skills i.workspouse
                     i.lastsmoke i.lastactivity lastsysdrug lastdiadrug
                     lastbmi lastwaist d3kcal2000 d3carbo2000 d3fat2000
                     d3protn2000 d3kcal2004 d3carbo2004 d3fat2004 d3protn2004
                     d3kcal2006 d3carbo2006 d3fat2006 d3protn2006 alcohol2006
                     alcohol2004 i.bismoking2000 i.bismoking2004
                     i.bismoking2006 alcohol2000 i.bismoking1997 d3kcal1997
                     d3carbo1997 d3fat1997 d3protn1997 alcohol1997 d3kcal2009
                     d3carbo2009 d3fat2009 d3protn2009 d3carbo1993 d3fat1993
                     d3protn1993 d3kcal1991 d3carbo1991 d3fat1991 d3protn1991
                     alcohol2009 i.bismoking2009 alcohol1993 d3kcal2011
                     d3carbo2011 d3fat2011 d3protn2011 alcohol2011
                     i.bismoking2011 gender restopage birthcohort urban
                     provinces commid since1991sq yearsince1991 prepost1991
                     prepost1993 prepost1997 lastmarriage prepost2000
                     prepost2004 prepost2006 prepost2009 xgender xurban
       d3carbo1993: pmm d3carbo1993 i.education i.skills i.workspouse
                     i.lastsmoke i.lastactivity lastsysdrug lastdiadrug
                     lastbmi lastwaist d3kcal2000 d3carbo2000 d3fat2000
                     d3protn2000 d3kcal2004 d3carbo2004 d3fat2004 d3protn2004
                     d3kcal2006 d3carbo2006 d3fat2006 d3protn2006 alcohol2006
                     alcohol2004 i.bismoking2000 i.bismoking2004
                     i.bismoking2006 alcohol2000 i.bismoking1997 d3kcal1997
                     d3carbo1997 d3fat1997 d3protn1997 alcohol1997 d3kcal2009
                     d3carbo2009 d3fat2009 d3protn2009 d3kcal1993 d3fat1993
                     d3protn1993 d3kcal1991 d3carbo1991 d3fat1991 d3protn1991
                     alcohol2009 i.bismoking2009 alcohol1993 d3kcal2011
                     d3carbo2011 d3fat2011 d3protn2011 alcohol2011
                     i.bismoking2011 gender restopage birthcohort urban
                     provinces commid since1991sq yearsince1991 prepost1991
                     prepost1993 prepost1997 lastmarriage prepost2000
                     prepost2004 prepost2006 prepost2009 xgender xurban
         d3fat1993: pmm d3fat1993 i.education i.skills i.workspouse
                     i.lastsmoke i.lastactivity lastsysdrug lastdiadrug
                     lastbmi lastwaist d3kcal2000 d3carbo2000 d3fat2000
                     d3protn2000 d3kcal2004 d3carbo2004 d3fat2004 d3protn2004
                     d3kcal2006 d3carbo2006 d3fat2006 d3protn2006 alcohol2006
                     alcohol2004 i.bismoking2000 i.bismoking2004
                     i.bismoking2006 alcohol2000 i.bismoking1997 d3kcal1997
                     d3carbo1997 d3fat1997 d3protn1997 alcohol1997 d3kcal2009
                     d3carbo2009 d3fat2009 d3protn2009 d3kcal1993 d3carbo1993
                     d3protn1993 d3kcal1991 d3carbo1991 d3fat1991 d3protn1991
                     alcohol2009 i.bismoking2009 alcohol1993 d3kcal2011
                     d3carbo2011 d3fat2011 d3protn2011 alcohol2011
                     i.bismoking2011 gender restopage birthcohort urban
                     provinces commid since1991sq yearsince1991 prepost1991
                     prepost1993 prepost1997 lastmarriage prepost2000
                     prepost2004 prepost2006 prepost2009 xgender xurban
       d3protn1993: pmm d3protn1993 i.education i.skills i.workspouse
                     i.lastsmoke i.lastactivity lastsysdrug lastdiadrug
                     lastbmi lastwaist d3kcal2000 d3carbo2000 d3fat2000
                     d3protn2000 d3kcal2004 d3carbo2004 d3fat2004 d3protn2004
                     d3kcal2006 d3carbo2006 d3fat2006 d3protn2006 alcohol2006
                     alcohol2004 i.bismoking2000 i.bismoking2004
                     i.bismoking2006 alcohol2000 i.bismoking1997 d3kcal1997
                     d3carbo1997 d3fat1997 d3protn1997 alcohol1997 d3kcal2009
                     d3carbo2009 d3fat2009 d3protn2009 d3kcal1993 d3carbo1993
                     d3fat1993 d3kcal1991 d3carbo1991 d3fat1991 d3protn1991
                     alcohol2009 i.bismoking2009 alcohol1993 d3kcal2011
                     d3carbo2011 d3fat2011 d3protn2011 alcohol2011
                     i.bismoking2011 gender restopage birthcohort urban
                     provinces commid since1991sq yearsince1991 prepost1991
                     prepost1993 prepost1997 lastmarriage prepost2000
                     prepost2004 prepost2006 prepost2009 xgender xurban
        d3kcal1991: pmm d3kcal1991 i.education i.skills i.workspouse
                     i.lastsmoke i.lastactivity lastsysdrug lastdiadrug
                     lastbmi lastwaist d3kcal2000 d3carbo2000 d3fat2000
                     d3protn2000 d3kcal2004 d3carbo2004 d3fat2004 d3protn2004
                     d3kcal2006 d3carbo2006 d3fat2006 d3protn2006 alcohol2006
                     alcohol2004 i.bismoking2000 i.bismoking2004
                     i.bismoking2006 alcohol2000 i.bismoking1997 d3kcal1997
                     d3carbo1997 d3fat1997 d3protn1997 alcohol1997 d3kcal2009
                     d3carbo2009 d3fat2009 d3protn2009 d3kcal1993 d3carbo1993
                     d3fat1993 d3protn1993 d3carbo1991 d3fat1991 d3protn1991
                     alcohol2009 i.bismoking2009 alcohol1993 d3kcal2011
                     d3carbo2011 d3fat2011 d3protn2011 alcohol2011
                     i.bismoking2011 gender restopage birthcohort urban
                     provinces commid since1991sq yearsince1991 prepost1991
                     prepost1993 prepost1997 lastmarriage prepost2000
                     prepost2004 prepost2006 prepost2009 xgender xurban
       d3carbo1991: pmm d3carbo1991 i.education i.skills i.workspouse
                     i.lastsmoke i.lastactivity lastsysdrug lastdiadrug
                     lastbmi lastwaist d3kcal2000 d3carbo2000 d3fat2000
                     d3protn2000 d3kcal2004 d3carbo2004 d3fat2004 d3protn2004
                     d3kcal2006 d3carbo2006 d3fat2006 d3protn2006 alcohol2006
                     alcohol2004 i.bismoking2000 i.bismoking2004
                     i.bismoking2006 alcohol2000 i.bismoking1997 d3kcal1997
                     d3carbo1997 d3fat1997 d3protn1997 alcohol1997 d3kcal2009
                     d3carbo2009 d3fat2009 d3protn2009 d3kcal1993 d3carbo1993
                     d3fat1993 d3protn1993 d3kcal1991 d3fat1991 d3protn1991
                     alcohol2009 i.bismoking2009 alcohol1993 d3kcal2011
                     d3carbo2011 d3fat2011 d3protn2011 alcohol2011
                     i.bismoking2011 gender restopage birthcohort urban
                     provinces commid since1991sq yearsince1991 prepost1991
                     prepost1993 prepost1997 lastmarriage prepost2000
                     prepost2004 prepost2006 prepost2009 xgender xurban
         d3fat1991: pmm d3fat1991 i.education i.skills i.workspouse
                     i.lastsmoke i.lastactivity lastsysdrug lastdiadrug
                     lastbmi lastwaist d3kcal2000 d3carbo2000 d3fat2000
                     d3protn2000 d3kcal2004 d3carbo2004 d3fat2004 d3protn2004
                     d3kcal2006 d3carbo2006 d3fat2006 d3protn2006 alcohol2006
                     alcohol2004 i.bismoking2000 i.bismoking2004
                     i.bismoking2006 alcohol2000 i.bismoking1997 d3kcal1997
                     d3carbo1997 d3fat1997 d3protn1997 alcohol1997 d3kcal2009
                     d3carbo2009 d3fat2009 d3protn2009 d3kcal1993 d3carbo1993
                     d3fat1993 d3protn1993 d3kcal1991 d3carbo1991 d3protn1991
                     alcohol2009 i.bismoking2009 alcohol1993 d3kcal2011
                     d3carbo2011 d3fat2011 d3protn2011 alcohol2011
                     i.bismoking2011 gender restopage birthcohort urban
                     provinces commid since1991sq yearsince1991 prepost1991
                     prepost1993 prepost1997 lastmarriage prepost2000
                     prepost2004 prepost2006 prepost2009 xgender xurban
       d3protn1991: pmm d3protn1991 i.education i.skills i.workspouse
                     i.lastsmoke i.lastactivity lastsysdrug lastdiadrug
                     lastbmi lastwaist d3kcal2000 d3carbo2000 d3fat2000
                     d3protn2000 d3kcal2004 d3carbo2004 d3fat2004 d3protn2004
                     d3kcal2006 d3carbo2006 d3fat2006 d3protn2006 alcohol2006
                     alcohol2004 i.bismoking2000 i.bismoking2004
                     i.bismoking2006 alcohol2000 i.bismoking1997 d3kcal1997
                     d3carbo1997 d3fat1997 d3protn1997 alcohol1997 d3kcal2009
                     d3carbo2009 d3fat2009 d3protn2009 d3kcal1993 d3carbo1993
                     d3fat1993 d3protn1993 d3kcal1991 d3carbo1991 d3fat1991
                     alcohol2009 i.bismoking2009 alcohol1993 d3kcal2011
                     d3carbo2011 d3fat2011 d3protn2011 alcohol2011
                     i.bismoking2011 gender restopage birthcohort urban
                     provinces commid since1991sq yearsince1991 prepost1991
                     prepost1993 prepost1997 lastmarriage prepost2000
                     prepost2004 prepost2006 prepost2009 xgender xurban
       alcohol2009: pmm alcohol2009 i.education i.skills i.workspouse
                     i.lastsmoke i.lastactivity lastsysdrug lastdiadrug
                     lastbmi lastwaist d3kcal2000 d3carbo2000 d3fat2000
                     d3protn2000 d3kcal2004 d3carbo2004 d3fat2004 d3protn2004
                     d3kcal2006 d3carbo2006 d3fat2006 d3protn2006 alcohol2006
                     alcohol2004 i.bismoking2000 i.bismoking2004
                     i.bismoking2006 alcohol2000 i.bismoking1997 d3kcal1997
                     d3carbo1997 d3fat1997 d3protn1997 alcohol1997 d3kcal2009
                     d3carbo2009 d3fat2009 d3protn2009 d3kcal1993 d3carbo1993
                     d3fat1993 d3protn1993 d3kcal1991 d3carbo1991 d3fat1991
                     d3protn1991 i.bismoking2009 alcohol1993 d3kcal2011
                     d3carbo2011 d3fat2011 d3protn2011 alcohol2011
                     i.bismoking2011 gender restopage birthcohort urban
                     provinces commid since1991sq yearsince1991 prepost1991
                     prepost1993 prepost1997 lastmarriage prepost2000
                     prepost2004 prepost2006 prepost2009 xgender xurban
     bismoking2009: logit bismoking2009 i.education i.skills i.workspouse
                     i.lastsmoke i.lastactivity lastsysdrug lastdiadrug
                     lastbmi lastwaist d3kcal2000 d3carbo2000 d3fat2000
                     d3protn2000 d3kcal2004 d3carbo2004 d3fat2004 d3protn2004
                     d3kcal2006 d3carbo2006 d3fat2006 d3protn2006 alcohol2006
                     alcohol2004 i.bismoking2000 i.bismoking2004
                     i.bismoking2006 alcohol2000 i.bismoking1997 d3kcal1997
                     d3carbo1997 d3fat1997 d3protn1997 alcohol1997 d3kcal2009
                     d3carbo2009 d3fat2009 d3protn2009 d3kcal1993 d3carbo1993
                     d3fat1993 d3protn1993 d3kcal1991 d3carbo1991 d3fat1991
                     d3protn1991 alcohol2009 alcohol1993 d3kcal2011
                     d3carbo2011 d3fat2011 d3protn2011 alcohol2011
                     i.bismoking2011 gender restopage birthcohort urban
                     provinces commid since1991sq yearsince1991 prepost1991
                     prepost1993 prepost1997 lastmarriage prepost2000
                     prepost2004 prepost2006 prepost2009 xgender xurban ,
                     augment iter(20)
       alcohol1993: pmm alcohol1993 i.education i.skills i.workspouse
                     i.lastsmoke i.lastactivity lastsysdrug lastdiadrug
                     lastbmi lastwaist d3kcal2000 d3carbo2000 d3fat2000
                     d3protn2000 d3kcal2004 d3carbo2004 d3fat2004 d3protn2004
                     d3kcal2006 d3carbo2006 d3fat2006 d3protn2006 alcohol2006
                     alcohol2004 i.bismoking2000 i.bismoking2004
                     i.bismoking2006 alcohol2000 i.bismoking1997 d3kcal1997
                     d3carbo1997 d3fat1997 d3protn1997 alcohol1997 d3kcal2009
                     d3carbo2009 d3fat2009 d3protn2009 d3kcal1993 d3carbo1993
                     d3fat1993 d3protn1993 d3kcal1991 d3carbo1991 d3fat1991
                     d3protn1991 alcohol2009 i.bismoking2009 d3kcal2011
                     d3carbo2011 d3fat2011 d3protn2011 alcohol2011
                     i.bismoking2011 gender restopage birthcohort urban
                     provinces commid since1991sq yearsince1991 prepost1991
                     prepost1993 prepost1997 lastmarriage prepost2000
                     prepost2004 prepost2006 prepost2009 xgender xurban
        d3kcal2011: pmm d3kcal2011 i.education i.skills i.workspouse
                     i.lastsmoke i.lastactivity lastsysdrug lastdiadrug
                     lastbmi lastwaist d3kcal2000 d3carbo2000 d3fat2000
                     d3protn2000 d3kcal2004 d3carbo2004 d3fat2004 d3protn2004
                     d3kcal2006 d3carbo2006 d3fat2006 d3protn2006 alcohol2006
                     alcohol2004 i.bismoking2000 i.bismoking2004
                     i.bismoking2006 alcohol2000 i.bismoking1997 d3kcal1997
                     d3carbo1997 d3fat1997 d3protn1997 alcohol1997 d3kcal2009
                     d3carbo2009 d3fat2009 d3protn2009 d3kcal1993 d3carbo1993
                     d3fat1993 d3protn1993 d3kcal1991 d3carbo1991 d3fat1991
                     d3protn1991 alcohol2009 i.bismoking2009 alcohol1993
                     d3carbo2011 d3fat2011 d3protn2011 alcohol2011
                     i.bismoking2011 gender restopage birthcohort urban
                     provinces commid since1991sq yearsince1991 prepost1991
                     prepost1993 prepost1997 lastmarriage prepost2000
                     prepost2004 prepost2006 prepost2009 xgender xurban
       d3carbo2011: pmm d3carbo2011 i.education i.skills i.workspouse
                     i.lastsmoke i.lastactivity lastsysdrug lastdiadrug
                     lastbmi lastwaist d3kcal2000 d3carbo2000 d3fat2000
                     d3protn2000 d3kcal2004 d3carbo2004 d3fat2004 d3protn2004
                     d3kcal2006 d3carbo2006 d3fat2006 d3protn2006 alcohol2006
                     alcohol2004 i.bismoking2000 i.bismoking2004
                     i.bismoking2006 alcohol2000 i.bismoking1997 d3kcal1997
                     d3carbo1997 d3fat1997 d3protn1997 alcohol1997 d3kcal2009
                     d3carbo2009 d3fat2009 d3protn2009 d3kcal1993 d3carbo1993
                     d3fat1993 d3protn1993 d3kcal1991 d3carbo1991 d3fat1991
                     d3protn1991 alcohol2009 i.bismoking2009 alcohol1993
                     d3kcal2011 d3fat2011 d3protn2011 alcohol2011
                     i.bismoking2011 gender restopage birthcohort urban
                     provinces commid since1991sq yearsince1991 prepost1991
                     prepost1993 prepost1997 lastmarriage prepost2000
                     prepost2004 prepost2006 prepost2009 xgender xurban
         d3fat2011: pmm d3fat2011 i.education i.skills i.workspouse
                     i.lastsmoke i.lastactivity lastsysdrug lastdiadrug
                     lastbmi lastwaist d3kcal2000 d3carbo2000 d3fat2000
                     d3protn2000 d3kcal2004 d3carbo2004 d3fat2004 d3protn2004
                     d3kcal2006 d3carbo2006 d3fat2006 d3protn2006 alcohol2006
                     alcohol2004 i.bismoking2000 i.bismoking2004
                     i.bismoking2006 alcohol2000 i.bismoking1997 d3kcal1997
                     d3carbo1997 d3fat1997 d3protn1997 alcohol1997 d3kcal2009
                     d3carbo2009 d3fat2009 d3protn2009 d3kcal1993 d3carbo1993
                     d3fat1993 d3protn1993 d3kcal1991 d3carbo1991 d3fat1991
                     d3protn1991 alcohol2009 i.bismoking2009 alcohol1993
                     d3kcal2011 d3carbo2011 d3protn2011 alcohol2011
                     i.bismoking2011 gender restopage birthcohort urban
                     provinces commid since1991sq yearsince1991 prepost1991
                     prepost1993 prepost1997 lastmarriage prepost2000
                     prepost2004 prepost2006 prepost2009 xgender xurban
       d3protn2011: pmm d3protn2011 i.education i.skills i.workspouse
                     i.lastsmoke i.lastactivity lastsysdrug lastdiadrug
                     lastbmi lastwaist d3kcal2000 d3carbo2000 d3fat2000
                     d3protn2000 d3kcal2004 d3carbo2004 d3fat2004 d3protn2004
                     d3kcal2006 d3carbo2006 d3fat2006 d3protn2006 alcohol2006
                     alcohol2004 i.bismoking2000 i.bismoking2004
                     i.bismoking2006 alcohol2000 i.bismoking1997 d3kcal1997
                     d3carbo1997 d3fat1997 d3protn1997 alcohol1997 d3kcal2009
                     d3carbo2009 d3fat2009 d3protn2009 d3kcal1993 d3carbo1993
                     d3fat1993 d3protn1993 d3kcal1991 d3carbo1991 d3fat1991
                     d3protn1991 alcohol2009 i.bismoking2009 alcohol1993
                     d3kcal2011 d3carbo2011 d3fat2011 alcohol2011
                     i.bismoking2011 gender restopage birthcohort urban
                     provinces commid since1991sq yearsince1991 prepost1991
                     prepost1993 prepost1997 lastmarriage prepost2000
                     prepost2004 prepost2006 prepost2009 xgender xurban
       alcohol2011: pmm alcohol2011 i.education i.skills i.workspouse
                     i.lastsmoke i.lastactivity lastsysdrug lastdiadrug
                     lastbmi lastwaist d3kcal2000 d3carbo2000 d3fat2000
                     d3protn2000 d3kcal2004 d3carbo2004 d3fat2004 d3protn2004
                     d3kcal2006 d3carbo2006 d3fat2006 d3protn2006 alcohol2006
                     alcohol2004 i.bismoking2000 i.bismoking2004
                     i.bismoking2006 alcohol2000 i.bismoking1997 d3kcal1997
                     d3carbo1997 d3fat1997 d3protn1997 alcohol1997 d3kcal2009
                     d3carbo2009 d3fat2009 d3protn2009 d3kcal1993 d3carbo1993
                     d3fat1993 d3protn1993 d3kcal1991 d3carbo1991 d3fat1991
                     d3protn1991 alcohol2009 i.bismoking2009 alcohol1993
                     d3kcal2011 d3carbo2011 d3fat2011 d3protn2011
                     i.bismoking2011 gender restopage birthcohort urban
                     provinces commid since1991sq yearsince1991 prepost1991
                     prepost1993 prepost1997 lastmarriage prepost2000
                     prepost2004 prepost2006 prepost2009 xgender xurban
     bismoking2011: logit bismoking2011 i.education i.skills i.workspouse
                     i.lastsmoke i.lastactivity lastsysdrug lastdiadrug
                     lastbmi lastwaist d3kcal2000 d3carbo2000 d3fat2000
                     d3protn2000 d3kcal2004 d3carbo2004 d3fat2004 d3protn2004
                     d3kcal2006 d3carbo2006 d3fat2006 d3protn2006 alcohol2006
                     alcohol2004 i.bismoking2000 i.bismoking2004
                     i.bismoking2006 alcohol2000 i.bismoking1997 d3kcal1997
                     d3carbo1997 d3fat1997 d3protn1997 alcohol1997 d3kcal2009
                     d3carbo2009 d3fat2009 d3protn2009 d3kcal1993 d3carbo1993
                     d3fat1993 d3protn1993 d3kcal1991 d3carbo1991 d3fat1991
                     d3protn1991 alcohol2009 i.bismoking2009 alcohol1993
                     d3kcal2011 d3carbo2011 d3fat2011 d3protn2011 alcohol2011
                     gender restopage birthcohort urban provinces commid
                     since1991sq yearsince1991 prepost1991 prepost1993
                     prepost1997 lastmarriage prepost2000 prepost2004
                     prepost2006 prepost2009 xgender xurban , augment
                     iter(20)

Performing chained iterations ...

Multivariate imputation                     Imputations =       20
Chained equations                                 added =       20
Imputed: m=1 through m=20                       updated =        0

Initialization: monotone                     Iterations =     2000
                                                burn-in =      100

         education: ordered logistic regression
            skills: ordered logistic regression
      lastactivity: ordered logistic regression
         lastsmoke: logistic regression
     bismoking2006: logistic regression
     bismoking2009: logistic regression
     bismoking2011: logistic regression
     bismoking2004: logistic regression
     bismoking2000: logistic regression
     bismoking1997: logistic regression
        workspouse: logistic regression
       lastsysdrug: linear regression
       lastdiadrug: linear regression
         lastwaist: linear regression
           lastbmi: linear regression
        d3kcal1991: predictive mean matching
       d3carbo1991: predictive mean matching
         d3fat1991: predictive mean matching
       d3protn1991: predictive mean matching
        d3kcal1993: predictive mean matching
       d3carbo1993: predictive mean matching
         d3fat1993: predictive mean matching
       d3protn1993: predictive mean matching
        d3kcal1997: predictive mean matching
       d3carbo1997: predictive mean matching
         d3fat1997: predictive mean matching
       d3protn1997: predictive mean matching
        d3kcal2000: predictive mean matching
       d3carbo2000: predictive mean matching
         d3fat2000: predictive mean matching
       d3protn2000: predictive mean matching
        d3kcal2004: predictive mean matching
       d3carbo2004: predictive mean matching
         d3fat2004: predictive mean matching
       d3protn2004: predictive mean matching
        d3kcal2006: predictive mean matching
       d3carbo2006: predictive mean matching
         d3fat2006: predictive mean matching
       d3protn2006: predictive mean matching
        d3kcal2009: predictive mean matching
       d3carbo2009: predictive mean matching
         d3fat2009: predictive mean matching
       d3protn2009: predictive mean matching
        d3kcal2011: predictive mean matching
       d3carbo2011: predictive mean matching
         d3fat2011: predictive mean matching
       d3protn2011: predictive mean matching
       alcohol1993: predictive mean matching
       alcohol1997: predictive mean matching
       alcohol2000: predictive mean matching
       alcohol2004: predictive mean matching
       alcohol2006: predictive mean matching
       alcohol2009: predictive mean matching
       alcohol2011: predictive mean matching

------------------------------------------------------------------
                   |               Observations per m             
                   |----------------------------------------------
          Variable |   Complete   Incomplete   Imputed |     Total
-------------------+-----------------------------------+----------
         education |       3013            6         6 |      3019
            skills |       2989           30        30 |      3019
      lastactivity |       2905          114       114 |      3019
         lastsmoke |       2919          100       100 |      3019
     bismoking2006 |       2214          805       805 |      3019
     bismoking2009 |       2056          963       963 |      3019
     bismoking2011 |       1878         1141      1141 |      3019
     bismoking2004 |       2220          799       799 |      3019
     bismoking2000 |       2237          782       782 |      3019
     bismoking1997 |       2202          817       817 |      3019
        workspouse |       2605           96        96 |      2701
       lastsysdrug |       2888          131       131 |      3019
       lastdiadrug |       2888          131       131 |      3019
         lastwaist |       2506          513       513 |      3019
           lastbmi |       2879          140       140 |      3019
        d3kcal1991 |       2121          898       898 |      3019
       d3carbo1991 |       2121          898       898 |      3019
         d3fat1991 |       2121          898       898 |      3019
       d3protn1991 |       2121          898       898 |      3019
        d3kcal1993 |       2127          892       892 |      3019
       d3carbo1993 |       2127          892       892 |      3019
         d3fat1993 |       2127          892       892 |      3019
       d3protn1993 |       2127          892       892 |      3019
        d3kcal1997 |       2175          844       844 |      3019
       d3carbo1997 |       2175          844       844 |      3019
         d3fat1997 |       2175          844       844 |      3019
       d3protn1997 |       2175          844       844 |      3019
        d3kcal2000 |       2448          571       571 |      3019
       d3carbo2000 |       2448          571       571 |      3019
         d3fat2000 |       2448          571       571 |      3019
       d3protn2000 |       2448          571       571 |      3019
        d3kcal2004 |       2327          692       692 |      3019
       d3carbo2004 |       2327          692       692 |      3019
         d3fat2004 |       2327          692       692 |      3019
       d3protn2004 |       2327          692       692 |      3019
        d3kcal2006 |       2300          719       719 |      3019
       d3carbo2006 |       2300          719       719 |      3019
         d3fat2006 |       2300          719       719 |      3019
       d3protn2006 |       2300          719       719 |      3019
        d3kcal2009 |       2128          891       891 |      3019
       d3carbo2009 |       2128          891       891 |      3019
         d3fat2009 |       2128          891       891 |      3019
       d3protn2009 |       2128          891       891 |      3019
        d3kcal2011 |       1960         1059      1059 |      3019
       d3carbo2011 |       1960         1059      1059 |      3019
         d3fat2011 |       1960         1059      1059 |      3019
       d3protn2011 |       1960         1059      1059 |      3019
       alcohol1993 |       1968         1051      1051 |      3019
       alcohol1997 |       2142          877       877 |      3019
       alcohol2000 |       2210          809       809 |      3019
       alcohol2004 |       2281          738       738 |      3019
       alcohol2006 |       2287          732       732 |      3019
       alcohol2009 |       2113          906       906 |      3019
       alcohol2011 |       1957         1062      1062 |      3019
------------------------------------------------------------------
(complete + incomplete = total; imputed is the minimum across m
 of the number of filled-in observations.)

Warning: the sets of predictors of the imputation model vary across
         imputations or iterations

. 
. saveold mied, replace
file mied.dta saved

. 
. 
. 
. 
. 
. 
. 
. 
end of do-file
