
  ___  ____  ____  ____  ____ (R)
 /__    /   ____/   /   ____/
___/   /   /___/   /   /___/   14.1   Copyright 1985-2015 StataCorp LP
  Statistics/Data Analysis            StataCorp
                                      4905 Lakeway Drive
     MP - Parallel Edition            College Station, Texas 77845 USA
                                      800-STATA-PC        http://www.stata.com
                                      979-696-4600        stata@stata.com
                                      979-696-4601 (fax)

5-user 4-core Stata network perpetual license:
       Serial number:  501406219442
         Licensed to:  Department of Economics
                       University College London

Notes:
      1.  Stata is running in batch mode.
      2.  Unicode is supported; see help unicode_advice.
      3.  More than 2 billion observations are allowed; see help obs_advice.
      4.  Maximum number of variables is set to 5000; see help set_maxvar.

. do hpc.do 

. cd ~/git/baowen/
/data/uctprgu/git/baowen

. use statacomplete, clear
(Written by R.              )

. 
. mi estimate: xtmixed sysdrug i.posiyearcenter gender lastbmi retireage i.prov
> inces i.spstatus i.lastalcogrp i.lastsmoking i.education i.skills lastincome 
> index i.anti ///
> age1991 i.lastactivity if yearcenter<=17&yearcenter>=-17 || commid:|| hhid:||
>  idind:, mle var
