
  ___  ____  ____  ____  ____ (R)
 /__    /   ____/   /   ____/
___/   /   /___/   /   /___/   13.1   Copyright 1985-2013 StataCorp LP
  Statistics/Data Analysis            StataCorp
                                      4905 Lakeway Drive
     MP - Parallel Edition            College Station, Texas 77845 USA
                                      800-STATA-PC        http://www.stata.com
                                      979-696-4600        stata@stata.com
                                      979-696-4601 (fax)

5-user 4-core Stata network perpetual license:
       Serial number:  501306214279
         Licensed to:  Department of Economics
                       University College London

Notes:
      1.  (-v# option or -set maxvar-) 5000 maximum variables
      2.  Command line editing disabled
      3.  Stata running in batch mode

Note:  Your site can add messages to the introduction by editing the file
       stata.msg in the directory where Stata is installed.

. do mi.do 

. cd ~/git/baowen/
/data/uctprgu/git/baowen

. 
. use missingwide, clear
(SAVASTATA created this dataset on 01JAN2014)

. 
. mi set flong

. mi xtset,clear

. set matsize 10000

. 
. gen intergender=gender*yrsinceretire1989

. gen interarea=area*yrsinceretire1989

. replace workspouse=3 if lastmarriage==1
(97 real changes made)

. gen since1989sq=yrsinceretire1989^2

. 
. mi register imputed education skills  lastsmoke lastalcohol workspouse ///
> logincomemedi1989  logincomemedi1991 logincomemedi1993  logincomemedi1997 ///
> logincomemedi2000  logincomemedi2004 logincomemedi2006 logincomemedi2009  log
> incomemedi2011 ///
> lastsysdrug lastdiadrug lastwaist lastbmi ///
> energy1991 carbo1991 fat1991 protein1991 ///
> energy1993 carbo1993 fat1993 protein1993 energy1997 carbo1997 fat1997 protein
> 1997 ///
> energy2000 carbo2000 fat2000 protein2000 energy2004 carbo2004 fat2004 protein
> 2004 ///
> energy2006 carbo2006 fat2006 protein2006 energy2009 carbo2009 fat2009 protein
> 2009 ///
> energy2011 carbo2011 fat2011 protein2011 ///
> metstotal1997 metstotal2000 metstotal2004 metstotal2006 metstotal2009 metstot
> al2011 
(1250 m=0 obs. now marked as incomplete)

. 
. 
. 
. mi impute chained ///
> (ologit) education skills lastalcohol lastsmoke ///
> (logit if lastmarriage==0)workspouse ///
> (regress) logincomemedi1989 logincomemedi1991 logincomemedi1993 logincomemedi
> 1997 ///
> logincomemedi2000 logincomemedi2004 logincomemedi2006 logincomemedi2009 login
> comemedi2011 ///
> lastsysdrug lastdiadrug lastwaist lastbmi ///
> energy1991 carbo1991 fat1991 protein1991 ///
> energy1993 carbo1993 fat1993 protein1993 energy1997 carbo1997 fat1997 protein
> 1997 ///
> energy2000 carbo2000 fat2000 protein2000 energy2004 carbo2004 fat2004 protein
> 2004 ///
> energy2006 carbo2006 fat2006 protein2006 energy2009 carbo2009 fat2009 protein
> 2009 ///
> energy2011 carbo2011 fat2011 protein2011 ///
> metstotal1997 metstotal2000 metstotal2004 metstotal2006 metstotal2009 metstot
> al2011 ///
> = gender retireageg lastmarriage birthcohort area provinces communityid yrsin
> ceretire1989 since1989sq intergender interarea  ///
> ,add(20)savetrace(extrace, replace) burnin(100) rseed(1389)augment

Conditional models:
         education: ologit education i.workspouse i.skills i.lastsmoke
                     lastsysdrug lastdiadrug lastbmi i.lastalcohol
                     logincomemedi2000 carbo2000 fat2000 protein2000
                     energy2000 lastwaist logincomemedi1989 logincomemedi1991
                     logincomemedi2004 energy2004 carbo2004 fat2004
                     protein2004 logincomemedi2006 energy2006 carbo2006
                     fat2006 protein2006 logincomemedi1993 carbo1991 fat1991
                     protein1991 energy1991 energy1993 carbo1993 fat1993
                     protein1993 logincomemedi1997 carbo1997 protein1997
                     energy1997 fat1997 energy2009 carbo2009 fat2009
                     protein2009 logincomemedi2009 energy2011 carbo2011
                     fat2011 protein2011 logincomemedi2011 metstotal2006
                     metstotal2004 metstotal2009 metstotal2011 metstotal2000
                     metstotal1997 gender retireageg lastmarriage birthcohort
                     area provinces communityid yrsinceretire1989 since1989sq
                     intergender interarea , augment
        workspouse: logit workspouse i.education i.skills i.lastsmoke
                     lastsysdrug lastdiadrug lastbmi i.lastalcohol
                     logincomemedi2000 carbo2000 fat2000 protein2000
                     energy2000 lastwaist logincomemedi1989 logincomemedi1991
                     logincomemedi2004 energy2004 carbo2004 fat2004
                     protein2004 logincomemedi2006 energy2006 carbo2006
                     fat2006 protein2006 logincomemedi1993 carbo1991 fat1991
                     protein1991 energy1991 energy1993 carbo1993 fat1993
                     protein1993 logincomemedi1997 carbo1997 protein1997
                     energy1997 fat1997 energy2009 carbo2009 fat2009
                     protein2009 logincomemedi2009 energy2011 carbo2011
                     fat2011 protein2011 logincomemedi2011 metstotal2006
                     metstotal2004 metstotal2009 metstotal2011 metstotal2000
                     metstotal1997 gender retireageg lastmarriage birthcohort
                     area provinces communityid yrsinceretire1989 since1989sq
                     intergender interarea if lastmarriage==0, augment
            skills: ologit skills i.education i.workspouse i.lastsmoke
                     lastsysdrug lastdiadrug lastbmi i.lastalcohol
                     logincomemedi2000 carbo2000 fat2000 protein2000
                     energy2000 lastwaist logincomemedi1989 logincomemedi1991
                     logincomemedi2004 energy2004 carbo2004 fat2004
                     protein2004 logincomemedi2006 energy2006 carbo2006
                     fat2006 protein2006 logincomemedi1993 carbo1991 fat1991
                     protein1991 energy1991 energy1993 carbo1993 fat1993
                     protein1993 logincomemedi1997 carbo1997 protein1997
                     energy1997 fat1997 energy2009 carbo2009 fat2009
                     protein2009 logincomemedi2009 energy2011 carbo2011
                     fat2011 protein2011 logincomemedi2011 metstotal2006
                     metstotal2004 metstotal2009 metstotal2011 metstotal2000
                     metstotal1997 gender retireageg lastmarriage birthcohort
                     area provinces communityid yrsinceretire1989 since1989sq
                     intergender interarea , augment
         lastsmoke: ologit lastsmoke i.education i.workspouse i.skills
                     lastsysdrug lastdiadrug lastbmi i.lastalcohol
                     logincomemedi2000 carbo2000 fat2000 protein2000
                     energy2000 lastwaist logincomemedi1989 logincomemedi1991
                     logincomemedi2004 energy2004 carbo2004 fat2004
                     protein2004 logincomemedi2006 energy2006 carbo2006
                     fat2006 protein2006 logincomemedi1993 carbo1991 fat1991
                     protein1991 energy1991 energy1993 carbo1993 fat1993
                     protein1993 logincomemedi1997 carbo1997 protein1997
                     energy1997 fat1997 energy2009 carbo2009 fat2009
                     protein2009 logincomemedi2009 energy2011 carbo2011
                     fat2011 protein2011 logincomemedi2011 metstotal2006
                     metstotal2004 metstotal2009 metstotal2011 metstotal2000
                     metstotal1997 gender retireageg lastmarriage birthcohort
                     area provinces communityid yrsinceretire1989 since1989sq
                     intergender interarea , augment
       lastsysdrug: regress lastsysdrug i.education i.workspouse i.skills
                     i.lastsmoke lastdiadrug lastbmi i.lastalcohol
                     logincomemedi2000 carbo2000 fat2000 protein2000
                     energy2000 lastwaist logincomemedi1989 logincomemedi1991
                     logincomemedi2004 energy2004 carbo2004 fat2004
                     protein2004 logincomemedi2006 energy2006 carbo2006
                     fat2006 protein2006 logincomemedi1993 carbo1991 fat1991
                     protein1991 energy1991 energy1993 carbo1993 fat1993
                     protein1993 logincomemedi1997 carbo1997 protein1997
                     energy1997 fat1997 energy2009 carbo2009 fat2009
                     protein2009 logincomemedi2009 energy2011 carbo2011
                     fat2011 protein2011 logincomemedi2011 metstotal2006
                     metstotal2004 metstotal2009 metstotal2011 metstotal2000
                     metstotal1997 gender retireageg lastmarriage birthcohort
                     area provinces communityid yrsinceretire1989 since1989sq
                     intergender interarea
       lastdiadrug: regress lastdiadrug i.education i.workspouse i.skills
                     i.lastsmoke lastsysdrug lastbmi i.lastalcohol
                     logincomemedi2000 carbo2000 fat2000 protein2000
                     energy2000 lastwaist logincomemedi1989 logincomemedi1991
                     logincomemedi2004 energy2004 carbo2004 fat2004
                     protein2004 logincomemedi2006 energy2006 carbo2006
                     fat2006 protein2006 logincomemedi1993 carbo1991 fat1991
                     protein1991 energy1991 energy1993 carbo1993 fat1993
                     protein1993 logincomemedi1997 carbo1997 protein1997
                     energy1997 fat1997 energy2009 carbo2009 fat2009
                     protein2009 logincomemedi2009 energy2011 carbo2011
                     fat2011 protein2011 logincomemedi2011 metstotal2006
                     metstotal2004 metstotal2009 metstotal2011 metstotal2000
                     metstotal1997 gender retireageg lastmarriage birthcohort
                     area provinces communityid yrsinceretire1989 since1989sq
                     intergender interarea
           lastbmi: regress lastbmi i.education i.workspouse i.skills
                     i.lastsmoke lastsysdrug lastdiadrug i.lastalcohol
                     logincomemedi2000 carbo2000 fat2000 protein2000
                     energy2000 lastwaist logincomemedi1989 logincomemedi1991
                     logincomemedi2004 energy2004 carbo2004 fat2004
                     protein2004 logincomemedi2006 energy2006 carbo2006
                     fat2006 protein2006 logincomemedi1993 carbo1991 fat1991
                     protein1991 energy1991 energy1993 carbo1993 fat1993
                     protein1993 logincomemedi1997 carbo1997 protein1997
                     energy1997 fat1997 energy2009 carbo2009 fat2009
                     protein2009 logincomemedi2009 energy2011 carbo2011
                     fat2011 protein2011 logincomemedi2011 metstotal2006
                     metstotal2004 metstotal2009 metstotal2011 metstotal2000
                     metstotal1997 gender retireageg lastmarriage birthcohort
                     area provinces communityid yrsinceretire1989 since1989sq
                     intergender interarea
       lastalcohol: ologit lastalcohol i.education i.workspouse i.skills
                     i.lastsmoke lastsysdrug lastdiadrug lastbmi
                     logincomemedi2000 carbo2000 fat2000 protein2000
                     energy2000 lastwaist logincomemedi1989 logincomemedi1991
                     logincomemedi2004 energy2004 carbo2004 fat2004
                     protein2004 logincomemedi2006 energy2006 carbo2006
                     fat2006 protein2006 logincomemedi1993 carbo1991 fat1991
                     protein1991 energy1991 energy1993 carbo1993 fat1993
                     protein1993 logincomemedi1997 carbo1997 protein1997
                     energy1997 fat1997 energy2009 carbo2009 fat2009
                     protein2009 logincomemedi2009 energy2011 carbo2011
                     fat2011 protein2011 logincomemedi2011 metstotal2006
                     metstotal2004 metstotal2009 metstotal2011 metstotal2000
                     metstotal1997 gender retireageg lastmarriage birthcohort
                     area provinces communityid yrsinceretire1989 since1989sq
                     intergender interarea , augment
    logincome~2000: regress logincomemedi2000 i.education i.workspouse
                     i.skills i.lastsmoke lastsysdrug lastdiadrug lastbmi
                     i.lastalcohol carbo2000 fat2000 protein2000 energy2000
                     lastwaist logincomemedi1989 logincomemedi1991
                     logincomemedi2004 energy2004 carbo2004 fat2004
                     protein2004 logincomemedi2006 energy2006 carbo2006
                     fat2006 protein2006 logincomemedi1993 carbo1991 fat1991
                     protein1991 energy1991 energy1993 carbo1993 fat1993
                     protein1993 logincomemedi1997 carbo1997 protein1997
                     energy1997 fat1997 energy2009 carbo2009 fat2009
                     protein2009 logincomemedi2009 energy2011 carbo2011
                     fat2011 protein2011 logincomemedi2011 metstotal2006
                     metstotal2004 metstotal2009 metstotal2011 metstotal2000
                     metstotal1997 gender retireageg lastmarriage birthcohort
                     area provinces communityid yrsinceretire1989 since1989sq
                     intergender interarea
         carbo2000: regress carbo2000 i.education i.workspouse i.skills
                     i.lastsmoke lastsysdrug lastdiadrug lastbmi
                     i.lastalcohol logincomemedi2000 fat2000 protein2000
                     energy2000 lastwaist logincomemedi1989 logincomemedi1991
                     logincomemedi2004 energy2004 carbo2004 fat2004
                     protein2004 logincomemedi2006 energy2006 carbo2006
                     fat2006 protein2006 logincomemedi1993 carbo1991 fat1991
                     protein1991 energy1991 energy1993 carbo1993 fat1993
                     protein1993 logincomemedi1997 carbo1997 protein1997
                     energy1997 fat1997 energy2009 carbo2009 fat2009
                     protein2009 logincomemedi2009 energy2011 carbo2011
                     fat2011 protein2011 logincomemedi2011 metstotal2006
                     metstotal2004 metstotal2009 metstotal2011 metstotal2000
                     metstotal1997 gender retireageg lastmarriage birthcohort
                     area provinces communityid yrsinceretire1989 since1989sq
                     intergender interarea
           fat2000: regress fat2000 i.education i.workspouse i.skills
                     i.lastsmoke lastsysdrug lastdiadrug lastbmi
                     i.lastalcohol logincomemedi2000 carbo2000 protein2000
                     energy2000 lastwaist logincomemedi1989 logincomemedi1991
                     logincomemedi2004 energy2004 carbo2004 fat2004
                     protein2004 logincomemedi2006 energy2006 carbo2006
                     fat2006 protein2006 logincomemedi1993 carbo1991 fat1991
                     protein1991 energy1991 energy1993 carbo1993 fat1993
                     protein1993 logincomemedi1997 carbo1997 protein1997
                     energy1997 fat1997 energy2009 carbo2009 fat2009
                     protein2009 logincomemedi2009 energy2011 carbo2011
                     fat2011 protein2011 logincomemedi2011 metstotal2006
                     metstotal2004 metstotal2009 metstotal2011 metstotal2000
                     metstotal1997 gender retireageg lastmarriage birthcohort
                     area provinces communityid yrsinceretire1989 since1989sq
                     intergender interarea
       protein2000: regress protein2000 i.education i.workspouse i.skills
                     i.lastsmoke lastsysdrug lastdiadrug lastbmi
                     i.lastalcohol logincomemedi2000 carbo2000 fat2000
                     energy2000 lastwaist logincomemedi1989 logincomemedi1991
                     logincomemedi2004 energy2004 carbo2004 fat2004
                     protein2004 logincomemedi2006 energy2006 carbo2006
                     fat2006 protein2006 logincomemedi1993 carbo1991 fat1991
                     protein1991 energy1991 energy1993 carbo1993 fat1993
                     protein1993 logincomemedi1997 carbo1997 protein1997
                     energy1997 fat1997 energy2009 carbo2009 fat2009
                     protein2009 logincomemedi2009 energy2011 carbo2011
                     fat2011 protein2011 logincomemedi2011 metstotal2006
                     metstotal2004 metstotal2009 metstotal2011 metstotal2000
                     metstotal1997 gender retireageg lastmarriage birthcohort
                     area provinces communityid yrsinceretire1989 since1989sq
                     intergender interarea
        energy2000: regress energy2000 i.education i.workspouse i.skills
                     i.lastsmoke lastsysdrug lastdiadrug lastbmi
                     i.lastalcohol logincomemedi2000 carbo2000 fat2000
                     protein2000 lastwaist logincomemedi1989
                     logincomemedi1991 logincomemedi2004 energy2004 carbo2004
                     fat2004 protein2004 logincomemedi2006 energy2006
                     carbo2006 fat2006 protein2006 logincomemedi1993
                     carbo1991 fat1991 protein1991 energy1991 energy1993
                     carbo1993 fat1993 protein1993 logincomemedi1997
                     carbo1997 protein1997 energy1997 fat1997 energy2009
                     carbo2009 fat2009 protein2009 logincomemedi2009
                     energy2011 carbo2011 fat2011 protein2011
                     logincomemedi2011 metstotal2006 metstotal2004
                     metstotal2009 metstotal2011 metstotal2000 metstotal1997
                     gender retireageg lastmarriage birthcohort area
                     provinces communityid yrsinceretire1989 since1989sq
                     intergender interarea
         lastwaist: regress lastwaist i.education i.workspouse i.skills
                     i.lastsmoke lastsysdrug lastdiadrug lastbmi
                     i.lastalcohol logincomemedi2000 carbo2000 fat2000
                     protein2000 energy2000 logincomemedi1989
                     logincomemedi1991 logincomemedi2004 energy2004 carbo2004
                     fat2004 protein2004 logincomemedi2006 energy2006
                     carbo2006 fat2006 protein2006 logincomemedi1993
                     carbo1991 fat1991 protein1991 energy1991 energy1993
                     carbo1993 fat1993 protein1993 logincomemedi1997
                     carbo1997 protein1997 energy1997 fat1997 energy2009
                     carbo2009 fat2009 protein2009 logincomemedi2009
                     energy2011 carbo2011 fat2011 protein2011
                     logincomemedi2011 metstotal2006 metstotal2004
                     metstotal2009 metstotal2011 metstotal2000 metstotal1997
                     gender retireageg lastmarriage birthcohort area
                     provinces communityid yrsinceretire1989 since1989sq
                     intergender interarea
    logincome~1989: regress logincomemedi1989 i.education i.workspouse
                     i.skills i.lastsmoke lastsysdrug lastdiadrug lastbmi
                     i.lastalcohol logincomemedi2000 carbo2000 fat2000
                     protein2000 energy2000 lastwaist logincomemedi1991
                     logincomemedi2004 energy2004 carbo2004 fat2004
                     protein2004 logincomemedi2006 energy2006 carbo2006
                     fat2006 protein2006 logincomemedi1993 carbo1991 fat1991
                     protein1991 energy1991 energy1993 carbo1993 fat1993
                     protein1993 logincomemedi1997 carbo1997 protein1997
                     energy1997 fat1997 energy2009 carbo2009 fat2009
                     protein2009 logincomemedi2009 energy2011 carbo2011
                     fat2011 protein2011 logincomemedi2011 metstotal2006
                     metstotal2004 metstotal2009 metstotal2011 metstotal2000
                     metstotal1997 gender retireageg lastmarriage birthcohort
                     area provinces communityid yrsinceretire1989 since1989sq
                     intergender interarea
    logincome~1991: regress logincomemedi1991 i.education i.workspouse
                     i.skills i.lastsmoke lastsysdrug lastdiadrug lastbmi
                     i.lastalcohol logincomemedi2000 carbo2000 fat2000
                     protein2000 energy2000 lastwaist logincomemedi1989
                     logincomemedi2004 energy2004 carbo2004 fat2004
                     protein2004 logincomemedi2006 energy2006 carbo2006
                     fat2006 protein2006 logincomemedi1993 carbo1991 fat1991
                     protein1991 energy1991 energy1993 carbo1993 fat1993
                     protein1993 logincomemedi1997 carbo1997 protein1997
                     energy1997 fat1997 energy2009 carbo2009 fat2009
                     protein2009 logincomemedi2009 energy2011 carbo2011
                     fat2011 protein2011 logincomemedi2011 metstotal2006
                     metstotal2004 metstotal2009 metstotal2011 metstotal2000
                     metstotal1997 gender retireageg lastmarriage birthcohort
                     area provinces communityid yrsinceretire1989 since1989sq
                     intergender interarea
    logincome~2004: regress logincomemedi2004 i.education i.workspouse
                     i.skills i.lastsmoke lastsysdrug lastdiadrug lastbmi
                     i.lastalcohol logincomemedi2000 carbo2000 fat2000
                     protein2000 energy2000 lastwaist logincomemedi1989
                     logincomemedi1991 energy2004 carbo2004 fat2004
                     protein2004 logincomemedi2006 energy2006 carbo2006
                     fat2006 protein2006 logincomemedi1993 carbo1991 fat1991
                     protein1991 energy1991 energy1993 carbo1993 fat1993
                     protein1993 logincomemedi1997 carbo1997 protein1997
                     energy1997 fat1997 energy2009 carbo2009 fat2009
                     protein2009 logincomemedi2009 energy2011 carbo2011
                     fat2011 protein2011 logincomemedi2011 metstotal2006
                     metstotal2004 metstotal2009 metstotal2011 metstotal2000
                     metstotal1997 gender retireageg lastmarriage birthcohort
                     area provinces communityid yrsinceretire1989 since1989sq
                     intergender interarea
        energy2004: regress energy2004 i.education i.workspouse i.skills
                     i.lastsmoke lastsysdrug lastdiadrug lastbmi
                     i.lastalcohol logincomemedi2000 carbo2000 fat2000
                     protein2000 energy2000 lastwaist logincomemedi1989
                     logincomemedi1991 logincomemedi2004 carbo2004 fat2004
                     protein2004 logincomemedi2006 energy2006 carbo2006
                     fat2006 protein2006 logincomemedi1993 carbo1991 fat1991
                     protein1991 energy1991 energy1993 carbo1993 fat1993
                     protein1993 logincomemedi1997 carbo1997 protein1997
                     energy1997 fat1997 energy2009 carbo2009 fat2009
                     protein2009 logincomemedi2009 energy2011 carbo2011
                     fat2011 protein2011 logincomemedi2011 metstotal2006
                     metstotal2004 metstotal2009 metstotal2011 metstotal2000
                     metstotal1997 gender retireageg lastmarriage birthcohort
                     area provinces communityid yrsinceretire1989 since1989sq
                     intergender interarea
         carbo2004: regress carbo2004 i.education i.workspouse i.skills
                     i.lastsmoke lastsysdrug lastdiadrug lastbmi
                     i.lastalcohol logincomemedi2000 carbo2000 fat2000
                     protein2000 energy2000 lastwaist logincomemedi1989
                     logincomemedi1991 logincomemedi2004 energy2004 fat2004
                     protein2004 logincomemedi2006 energy2006 carbo2006
                     fat2006 protein2006 logincomemedi1993 carbo1991 fat1991
                     protein1991 energy1991 energy1993 carbo1993 fat1993
                     protein1993 logincomemedi1997 carbo1997 protein1997
                     energy1997 fat1997 energy2009 carbo2009 fat2009
                     protein2009 logincomemedi2009 energy2011 carbo2011
                     fat2011 protein2011 logincomemedi2011 metstotal2006
                     metstotal2004 metstotal2009 metstotal2011 metstotal2000
                     metstotal1997 gender retireageg lastmarriage birthcohort
                     area provinces communityid yrsinceretire1989 since1989sq
                     intergender interarea
           fat2004: regress fat2004 i.education i.workspouse i.skills
                     i.lastsmoke lastsysdrug lastdiadrug lastbmi
                     i.lastalcohol logincomemedi2000 carbo2000 fat2000
                     protein2000 energy2000 lastwaist logincomemedi1989
                     logincomemedi1991 logincomemedi2004 energy2004 carbo2004
                     protein2004 logincomemedi2006 energy2006 carbo2006
                     fat2006 protein2006 logincomemedi1993 carbo1991 fat1991
                     protein1991 energy1991 energy1993 carbo1993 fat1993
                     protein1993 logincomemedi1997 carbo1997 protein1997
                     energy1997 fat1997 energy2009 carbo2009 fat2009
                     protein2009 logincomemedi2009 energy2011 carbo2011
                     fat2011 protein2011 logincomemedi2011 metstotal2006
                     metstotal2004 metstotal2009 metstotal2011 metstotal2000
                     metstotal1997 gender retireageg lastmarriage birthcohort
                     area provinces communityid yrsinceretire1989 since1989sq
                     intergender interarea
       protein2004: regress protein2004 i.education i.workspouse i.skills
                     i.lastsmoke lastsysdrug lastdiadrug lastbmi
                     i.lastalcohol logincomemedi2000 carbo2000 fat2000
                     protein2000 energy2000 lastwaist logincomemedi1989
                     logincomemedi1991 logincomemedi2004 energy2004 carbo2004
                     fat2004 logincomemedi2006 energy2006 carbo2006 fat2006
                     protein2006 logincomemedi1993 carbo1991 fat1991
                     protein1991 energy1991 energy1993 carbo1993 fat1993
                     protein1993 logincomemedi1997 carbo1997 protein1997
                     energy1997 fat1997 energy2009 carbo2009 fat2009
                     protein2009 logincomemedi2009 energy2011 carbo2011
                     fat2011 protein2011 logincomemedi2011 metstotal2006
                     metstotal2004 metstotal2009 metstotal2011 metstotal2000
                     metstotal1997 gender retireageg lastmarriage birthcohort
                     area provinces communityid yrsinceretire1989 since1989sq
                     intergender interarea
    logincome~2006: regress logincomemedi2006 i.education i.workspouse
                     i.skills i.lastsmoke lastsysdrug lastdiadrug lastbmi
                     i.lastalcohol logincomemedi2000 carbo2000 fat2000
                     protein2000 energy2000 lastwaist logincomemedi1989
                     logincomemedi1991 logincomemedi2004 energy2004 carbo2004
                     fat2004 protein2004 energy2006 carbo2006 fat2006
                     protein2006 logincomemedi1993 carbo1991 fat1991
                     protein1991 energy1991 energy1993 carbo1993 fat1993
                     protein1993 logincomemedi1997 carbo1997 protein1997
                     energy1997 fat1997 energy2009 carbo2009 fat2009
                     protein2009 logincomemedi2009 energy2011 carbo2011
                     fat2011 protein2011 logincomemedi2011 metstotal2006
                     metstotal2004 metstotal2009 metstotal2011 metstotal2000
                     metstotal1997 gender retireageg lastmarriage birthcohort
                     area provinces communityid yrsinceretire1989 since1989sq
                     intergender interarea
        energy2006: regress energy2006 i.education i.workspouse i.skills
                     i.lastsmoke lastsysdrug lastdiadrug lastbmi
                     i.lastalcohol logincomemedi2000 carbo2000 fat2000
                     protein2000 energy2000 lastwaist logincomemedi1989
                     logincomemedi1991 logincomemedi2004 energy2004 carbo2004
                     fat2004 protein2004 logincomemedi2006 carbo2006 fat2006
                     protein2006 logincomemedi1993 carbo1991 fat1991
                     protein1991 energy1991 energy1993 carbo1993 fat1993
                     protein1993 logincomemedi1997 carbo1997 protein1997
                     energy1997 fat1997 energy2009 carbo2009 fat2009
                     protein2009 logincomemedi2009 energy2011 carbo2011
                     fat2011 protein2011 logincomemedi2011 metstotal2006
                     metstotal2004 metstotal2009 metstotal2011 metstotal2000
                     metstotal1997 gender retireageg lastmarriage birthcohort
                     area provinces communityid yrsinceretire1989 since1989sq
                     intergender interarea
         carbo2006: regress carbo2006 i.education i.workspouse i.skills
                     i.lastsmoke lastsysdrug lastdiadrug lastbmi
                     i.lastalcohol logincomemedi2000 carbo2000 fat2000
                     protein2000 energy2000 lastwaist logincomemedi1989
                     logincomemedi1991 logincomemedi2004 energy2004 carbo2004
                     fat2004 protein2004 logincomemedi2006 energy2006 fat2006
                     protein2006 logincomemedi1993 carbo1991 fat1991
                     protein1991 energy1991 energy1993 carbo1993 fat1993
                     protein1993 logincomemedi1997 carbo1997 protein1997
                     energy1997 fat1997 energy2009 carbo2009 fat2009
                     protein2009 logincomemedi2009 energy2011 carbo2011
                     fat2011 protein2011 logincomemedi2011 metstotal2006
                     metstotal2004 metstotal2009 metstotal2011 metstotal2000
                     metstotal1997 gender retireageg lastmarriage birthcohort
                     area provinces communityid yrsinceretire1989 since1989sq
                     intergender interarea
           fat2006: regress fat2006 i.education i.workspouse i.skills
                     i.lastsmoke lastsysdrug lastdiadrug lastbmi
                     i.lastalcohol logincomemedi2000 carbo2000 fat2000
                     protein2000 energy2000 lastwaist logincomemedi1989
                     logincomemedi1991 logincomemedi2004 energy2004 carbo2004
                     fat2004 protein2004 logincomemedi2006 energy2006
                     carbo2006 protein2006 logincomemedi1993 carbo1991
                     fat1991 protein1991 energy1991 energy1993 carbo1993
                     fat1993 protein1993 logincomemedi1997 carbo1997
                     protein1997 energy1997 fat1997 energy2009 carbo2009
                     fat2009 protein2009 logincomemedi2009 energy2011
                     carbo2011 fat2011 protein2011 logincomemedi2011
                     metstotal2006 metstotal2004 metstotal2009 metstotal2011
                     metstotal2000 metstotal1997 gender retireageg
                     lastmarriage birthcohort area provinces communityid
                     yrsinceretire1989 since1989sq intergender interarea
       protein2006: regress protein2006 i.education i.workspouse i.skills
                     i.lastsmoke lastsysdrug lastdiadrug lastbmi
                     i.lastalcohol logincomemedi2000 carbo2000 fat2000
                     protein2000 energy2000 lastwaist logincomemedi1989
                     logincomemedi1991 logincomemedi2004 energy2004 carbo2004
                     fat2004 protein2004 logincomemedi2006 energy2006
                     carbo2006 fat2006 logincomemedi1993 carbo1991 fat1991
                     protein1991 energy1991 energy1993 carbo1993 fat1993
                     protein1993 logincomemedi1997 carbo1997 protein1997
                     energy1997 fat1997 energy2009 carbo2009 fat2009
                     protein2009 logincomemedi2009 energy2011 carbo2011
                     fat2011 protein2011 logincomemedi2011 metstotal2006
                     metstotal2004 metstotal2009 metstotal2011 metstotal2000
                     metstotal1997 gender retireageg lastmarriage birthcohort
                     area provinces communityid yrsinceretire1989 since1989sq
                     intergender interarea
    logincome~1993: regress logincomemedi1993 i.education i.workspouse
                     i.skills i.lastsmoke lastsysdrug lastdiadrug lastbmi
                     i.lastalcohol logincomemedi2000 carbo2000 fat2000
                     protein2000 energy2000 lastwaist logincomemedi1989
                     logincomemedi1991 logincomemedi2004 energy2004 carbo2004
                     fat2004 protein2004 logincomemedi2006 energy2006
                     carbo2006 fat2006 protein2006 carbo1991 fat1991
                     protein1991 energy1991 energy1993 carbo1993 fat1993
                     protein1993 logincomemedi1997 carbo1997 protein1997
                     energy1997 fat1997 energy2009 carbo2009 fat2009
                     protein2009 logincomemedi2009 energy2011 carbo2011
                     fat2011 protein2011 logincomemedi2011 metstotal2006
                     metstotal2004 metstotal2009 metstotal2011 metstotal2000
                     metstotal1997 gender retireageg lastmarriage birthcohort
                     area provinces communityid yrsinceretire1989 since1989sq
                     intergender interarea
         carbo1991: regress carbo1991 i.education i.workspouse i.skills
                     i.lastsmoke lastsysdrug lastdiadrug lastbmi
                     i.lastalcohol logincomemedi2000 carbo2000 fat2000
                     protein2000 energy2000 lastwaist logincomemedi1989
                     logincomemedi1991 logincomemedi2004 energy2004 carbo2004
                     fat2004 protein2004 logincomemedi2006 energy2006
                     carbo2006 fat2006 protein2006 logincomemedi1993 fat1991
                     protein1991 energy1991 energy1993 carbo1993 fat1993
                     protein1993 logincomemedi1997 carbo1997 protein1997
                     energy1997 fat1997 energy2009 carbo2009 fat2009
                     protein2009 logincomemedi2009 energy2011 carbo2011
                     fat2011 protein2011 logincomemedi2011 metstotal2006
                     metstotal2004 metstotal2009 metstotal2011 metstotal2000
                     metstotal1997 gender retireageg lastmarriage birthcohort
                     area provinces communityid yrsinceretire1989 since1989sq
                     intergender interarea
           fat1991: regress fat1991 i.education i.workspouse i.skills
                     i.lastsmoke lastsysdrug lastdiadrug lastbmi
                     i.lastalcohol logincomemedi2000 carbo2000 fat2000
                     protein2000 energy2000 lastwaist logincomemedi1989
                     logincomemedi1991 logincomemedi2004 energy2004 carbo2004
                     fat2004 protein2004 logincomemedi2006 energy2006
                     carbo2006 fat2006 protein2006 logincomemedi1993
                     carbo1991 protein1991 energy1991 energy1993 carbo1993
                     fat1993 protein1993 logincomemedi1997 carbo1997
                     protein1997 energy1997 fat1997 energy2009 carbo2009
                     fat2009 protein2009 logincomemedi2009 energy2011
                     carbo2011 fat2011 protein2011 logincomemedi2011
                     metstotal2006 metstotal2004 metstotal2009 metstotal2011
                     metstotal2000 metstotal1997 gender retireageg
                     lastmarriage birthcohort area provinces communityid
                     yrsinceretire1989 since1989sq intergender interarea
       protein1991: regress protein1991 i.education i.workspouse i.skills
                     i.lastsmoke lastsysdrug lastdiadrug lastbmi
                     i.lastalcohol logincomemedi2000 carbo2000 fat2000
                     protein2000 energy2000 lastwaist logincomemedi1989
                     logincomemedi1991 logincomemedi2004 energy2004 carbo2004
                     fat2004 protein2004 logincomemedi2006 energy2006
                     carbo2006 fat2006 protein2006 logincomemedi1993
                     carbo1991 fat1991 energy1991 energy1993 carbo1993
                     fat1993 protein1993 logincomemedi1997 carbo1997
                     protein1997 energy1997 fat1997 energy2009 carbo2009
                     fat2009 protein2009 logincomemedi2009 energy2011
                     carbo2011 fat2011 protein2011 logincomemedi2011
                     metstotal2006 metstotal2004 metstotal2009 metstotal2011
                     metstotal2000 metstotal1997 gender retireageg
                     lastmarriage birthcohort area provinces communityid
                     yrsinceretire1989 since1989sq intergender interarea
        energy1991: regress energy1991 i.education i.workspouse i.skills
                     i.lastsmoke lastsysdrug lastdiadrug lastbmi
                     i.lastalcohol logincomemedi2000 carbo2000 fat2000
                     protein2000 energy2000 lastwaist logincomemedi1989
                     logincomemedi1991 logincomemedi2004 energy2004 carbo2004
                     fat2004 protein2004 logincomemedi2006 energy2006
                     carbo2006 fat2006 protein2006 logincomemedi1993
                     carbo1991 fat1991 protein1991 energy1993 carbo1993
                     fat1993 protein1993 logincomemedi1997 carbo1997
                     protein1997 energy1997 fat1997 energy2009 carbo2009
                     fat2009 protein2009 logincomemedi2009 energy2011
                     carbo2011 fat2011 protein2011 logincomemedi2011
                     metstotal2006 metstotal2004 metstotal2009 metstotal2011
                     metstotal2000 metstotal1997 gender retireageg
                     lastmarriage birthcohort area provinces communityid
                     yrsinceretire1989 since1989sq intergender interarea
        energy1993: regress energy1993 i.education i.workspouse i.skills
                     i.lastsmoke lastsysdrug lastdiadrug lastbmi
                     i.lastalcohol logincomemedi2000 carbo2000 fat2000
                     protein2000 energy2000 lastwaist logincomemedi1989
                     logincomemedi1991 logincomemedi2004 energy2004 carbo2004
                     fat2004 protein2004 logincomemedi2006 energy2006
                     carbo2006 fat2006 protein2006 logincomemedi1993
                     carbo1991 fat1991 protein1991 energy1991 carbo1993
                     fat1993 protein1993 logincomemedi1997 carbo1997
                     protein1997 energy1997 fat1997 energy2009 carbo2009
                     fat2009 protein2009 logincomemedi2009 energy2011
                     carbo2011 fat2011 protein2011 logincomemedi2011
                     metstotal2006 metstotal2004 metstotal2009 metstotal2011
                     metstotal2000 metstotal1997 gender retireageg
                     lastmarriage birthcohort area provinces communityid
                     yrsinceretire1989 since1989sq intergender interarea
         carbo1993: regress carbo1993 i.education i.workspouse i.skills
                     i.lastsmoke lastsysdrug lastdiadrug lastbmi
                     i.lastalcohol logincomemedi2000 carbo2000 fat2000
                     protein2000 energy2000 lastwaist logincomemedi1989
                     logincomemedi1991 logincomemedi2004 energy2004 carbo2004
                     fat2004 protein2004 logincomemedi2006 energy2006
                     carbo2006 fat2006 protein2006 logincomemedi1993
                     carbo1991 fat1991 protein1991 energy1991 energy1993
                     fat1993 protein1993 logincomemedi1997 carbo1997
                     protein1997 energy1997 fat1997 energy2009 carbo2009
                     fat2009 protein2009 logincomemedi2009 energy2011
                     carbo2011 fat2011 protein2011 logincomemedi2011
                     metstotal2006 metstotal2004 metstotal2009 metstotal2011
                     metstotal2000 metstotal1997 gender retireageg
                     lastmarriage birthcohort area provinces communityid
                     yrsinceretire1989 since1989sq intergender interarea
           fat1993: regress fat1993 i.education i.workspouse i.skills
                     i.lastsmoke lastsysdrug lastdiadrug lastbmi
                     i.lastalcohol logincomemedi2000 carbo2000 fat2000
                     protein2000 energy2000 lastwaist logincomemedi1989
                     logincomemedi1991 logincomemedi2004 energy2004 carbo2004
                     fat2004 protein2004 logincomemedi2006 energy2006
                     carbo2006 fat2006 protein2006 logincomemedi1993
                     carbo1991 fat1991 protein1991 energy1991 energy1993
                     carbo1993 protein1993 logincomemedi1997 carbo1997
                     protein1997 energy1997 fat1997 energy2009 carbo2009
                     fat2009 protein2009 logincomemedi2009 energy2011
                     carbo2011 fat2011 protein2011 logincomemedi2011
                     metstotal2006 metstotal2004 metstotal2009 metstotal2011
                     metstotal2000 metstotal1997 gender retireageg
                     lastmarriage birthcohort area provinces communityid
                     yrsinceretire1989 since1989sq intergender interarea
       protein1993: regress protein1993 i.education i.workspouse i.skills
                     i.lastsmoke lastsysdrug lastdiadrug lastbmi
                     i.lastalcohol logincomemedi2000 carbo2000 fat2000
                     protein2000 energy2000 lastwaist logincomemedi1989
                     logincomemedi1991 logincomemedi2004 energy2004 carbo2004
                     fat2004 protein2004 logincomemedi2006 energy2006
                     carbo2006 fat2006 protein2006 logincomemedi1993
                     carbo1991 fat1991 protein1991 energy1991 energy1993
                     carbo1993 fat1993 logincomemedi1997 carbo1997
                     protein1997 energy1997 fat1997 energy2009 carbo2009
                     fat2009 protein2009 logincomemedi2009 energy2011
                     carbo2011 fat2011 protein2011 logincomemedi2011
                     metstotal2006 metstotal2004 metstotal2009 metstotal2011
                     metstotal2000 metstotal1997 gender retireageg
                     lastmarriage birthcohort area provinces communityid
                     yrsinceretire1989 since1989sq intergender interarea
    logincome~1997: regress logincomemedi1997 i.education i.workspouse
                     i.skills i.lastsmoke lastsysdrug lastdiadrug lastbmi
                     i.lastalcohol logincomemedi2000 carbo2000 fat2000
                     protein2000 energy2000 lastwaist logincomemedi1989
                     logincomemedi1991 logincomemedi2004 energy2004 carbo2004
                     fat2004 protein2004 logincomemedi2006 energy2006
                     carbo2006 fat2006 protein2006 logincomemedi1993
                     carbo1991 fat1991 protein1991 energy1991 energy1993
                     carbo1993 fat1993 protein1993 carbo1997 protein1997
                     energy1997 fat1997 energy2009 carbo2009 fat2009
                     protein2009 logincomemedi2009 energy2011 carbo2011
                     fat2011 protein2011 logincomemedi2011 metstotal2006
                     metstotal2004 metstotal2009 metstotal2011 metstotal2000
                     metstotal1997 gender retireageg lastmarriage birthcohort
                     area provinces communityid yrsinceretire1989 since1989sq
                     intergender interarea
         carbo1997: regress carbo1997 i.education i.workspouse i.skills
                     i.lastsmoke lastsysdrug lastdiadrug lastbmi
                     i.lastalcohol logincomemedi2000 carbo2000 fat2000
                     protein2000 energy2000 lastwaist logincomemedi1989
                     logincomemedi1991 logincomemedi2004 energy2004 carbo2004
                     fat2004 protein2004 logincomemedi2006 energy2006
                     carbo2006 fat2006 protein2006 logincomemedi1993
                     carbo1991 fat1991 protein1991 energy1991 energy1993
                     carbo1993 fat1993 protein1993 logincomemedi1997
                     protein1997 energy1997 fat1997 energy2009 carbo2009
                     fat2009 protein2009 logincomemedi2009 energy2011
                     carbo2011 fat2011 protein2011 logincomemedi2011
                     metstotal2006 metstotal2004 metstotal2009 metstotal2011
                     metstotal2000 metstotal1997 gender retireageg
                     lastmarriage birthcohort area provinces communityid
                     yrsinceretire1989 since1989sq intergender interarea
       protein1997: regress protein1997 i.education i.workspouse i.skills
                     i.lastsmoke lastsysdrug lastdiadrug lastbmi
                     i.lastalcohol logincomemedi2000 carbo2000 fat2000
                     protein2000 energy2000 lastwaist logincomemedi1989
                     logincomemedi1991 logincomemedi2004 energy2004 carbo2004
                     fat2004 protein2004 logincomemedi2006 energy2006
                     carbo2006 fat2006 protein2006 logincomemedi1993
                     carbo1991 fat1991 protein1991 energy1991 energy1993
                     carbo1993 fat1993 protein1993 logincomemedi1997
                     carbo1997 energy1997 fat1997 energy2009 carbo2009
                     fat2009 protein2009 logincomemedi2009 energy2011
                     carbo2011 fat2011 protein2011 logincomemedi2011
                     metstotal2006 metstotal2004 metstotal2009 metstotal2011
                     metstotal2000 metstotal1997 gender retireageg
                     lastmarriage birthcohort area provinces communityid
                     yrsinceretire1989 since1989sq intergender interarea
        energy1997: regress energy1997 i.education i.workspouse i.skills
                     i.lastsmoke lastsysdrug lastdiadrug lastbmi
                     i.lastalcohol logincomemedi2000 carbo2000 fat2000
                     protein2000 energy2000 lastwaist logincomemedi1989
                     logincomemedi1991 logincomemedi2004 energy2004 carbo2004
                     fat2004 protein2004 logincomemedi2006 energy2006
                     carbo2006 fat2006 protein2006 logincomemedi1993
                     carbo1991 fat1991 protein1991 energy1991 energy1993
                     carbo1993 fat1993 protein1993 logincomemedi1997
                     carbo1997 protein1997 fat1997 energy2009 carbo2009
                     fat2009 protein2009 logincomemedi2009 energy2011
                     carbo2011 fat2011 protein2011 logincomemedi2011
                     metstotal2006 metstotal2004 metstotal2009 metstotal2011
                     metstotal2000 metstotal1997 gender retireageg
                     lastmarriage birthcohort area provinces communityid
                     yrsinceretire1989 since1989sq intergender interarea
           fat1997: regress fat1997 i.education i.workspouse i.skills
                     i.lastsmoke lastsysdrug lastdiadrug lastbmi
                     i.lastalcohol logincomemedi2000 carbo2000 fat2000
                     protein2000 energy2000 lastwaist logincomemedi1989
                     logincomemedi1991 logincomemedi2004 energy2004 carbo2004
                     fat2004 protein2004 logincomemedi2006 energy2006
                     carbo2006 fat2006 protein2006 logincomemedi1993
                     carbo1991 fat1991 protein1991 energy1991 energy1993
                     carbo1993 fat1993 protein1993 logincomemedi1997
                     carbo1997 protein1997 energy1997 energy2009 carbo2009
                     fat2009 protein2009 logincomemedi2009 energy2011
                     carbo2011 fat2011 protein2011 logincomemedi2011
                     metstotal2006 metstotal2004 metstotal2009 metstotal2011
                     metstotal2000 metstotal1997 gender retireageg
                     lastmarriage birthcohort area provinces communityid
                     yrsinceretire1989 since1989sq intergender interarea
        energy2009: regress energy2009 i.education i.workspouse i.skills
                     i.lastsmoke lastsysdrug lastdiadrug lastbmi
                     i.lastalcohol logincomemedi2000 carbo2000 fat2000
                     protein2000 energy2000 lastwaist logincomemedi1989
                     logincomemedi1991 logincomemedi2004 energy2004 carbo2004
                     fat2004 protein2004 logincomemedi2006 energy2006
                     carbo2006 fat2006 protein2006 logincomemedi1993
                     carbo1991 fat1991 protein1991 energy1991 energy1993
                     carbo1993 fat1993 protein1993 logincomemedi1997
                     carbo1997 protein1997 energy1997 fat1997 carbo2009
                     fat2009 protein2009 logincomemedi2009 energy2011
                     carbo2011 fat2011 protein2011 logincomemedi2011
                     metstotal2006 metstotal2004 metstotal2009 metstotal2011
                     metstotal2000 metstotal1997 gender retireageg
                     lastmarriage birthcohort area provinces communityid
                     yrsinceretire1989 since1989sq intergender interarea
         carbo2009: regress carbo2009 i.education i.workspouse i.skills
                     i.lastsmoke lastsysdrug lastdiadrug lastbmi
                     i.lastalcohol logincomemedi2000 carbo2000 fat2000
                     protein2000 energy2000 lastwaist logincomemedi1989
                     logincomemedi1991 logincomemedi2004 energy2004 carbo2004
                     fat2004 protein2004 logincomemedi2006 energy2006
                     carbo2006 fat2006 protein2006 logincomemedi1993
                     carbo1991 fat1991 protein1991 energy1991 energy1993
                     carbo1993 fat1993 protein1993 logincomemedi1997
                     carbo1997 protein1997 energy1997 fat1997 energy2009
                     fat2009 protein2009 logincomemedi2009 energy2011
                     carbo2011 fat2011 protein2011 logincomemedi2011
                     metstotal2006 metstotal2004 metstotal2009 metstotal2011
                     metstotal2000 metstotal1997 gender retireageg
                     lastmarriage birthcohort area provinces communityid
                     yrsinceretire1989 since1989sq intergender interarea
           fat2009: regress fat2009 i.education i.workspouse i.skills
                     i.lastsmoke lastsysdrug lastdiadrug lastbmi
                     i.lastalcohol logincomemedi2000 carbo2000 fat2000
                     protein2000 energy2000 lastwaist logincomemedi1989
                     logincomemedi1991 logincomemedi2004 energy2004 carbo2004
                     fat2004 protein2004 logincomemedi2006 energy2006
                     carbo2006 fat2006 protein2006 logincomemedi1993
                     carbo1991 fat1991 protein1991 energy1991 energy1993
                     carbo1993 fat1993 protein1993 logincomemedi1997
                     carbo1997 protein1997 energy1997 fat1997 energy2009
                     carbo2009 protein2009 logincomemedi2009 energy2011
                     carbo2011 fat2011 protein2011 logincomemedi2011
                     metstotal2006 metstotal2004 metstotal2009 metstotal2011
                     metstotal2000 metstotal1997 gender retireageg
                     lastmarriage birthcohort area provinces communityid
                     yrsinceretire1989 since1989sq intergender interarea
       protein2009: regress protein2009 i.education i.workspouse i.skills
                     i.lastsmoke lastsysdrug lastdiadrug lastbmi
                     i.lastalcohol logincomemedi2000 carbo2000 fat2000
                     protein2000 energy2000 lastwaist logincomemedi1989
                     logincomemedi1991 logincomemedi2004 energy2004 carbo2004
                     fat2004 protein2004 logincomemedi2006 energy2006
                     carbo2006 fat2006 protein2006 logincomemedi1993
                     carbo1991 fat1991 protein1991 energy1991 energy1993
                     carbo1993 fat1993 protein1993 logincomemedi1997
                     carbo1997 protein1997 energy1997 fat1997 energy2009
                     carbo2009 fat2009 logincomemedi2009 energy2011 carbo2011
                     fat2011 protein2011 logincomemedi2011 metstotal2006
                     metstotal2004 metstotal2009 metstotal2011 metstotal2000
                     metstotal1997 gender retireageg lastmarriage birthcohort
                     area provinces communityid yrsinceretire1989 since1989sq
                     intergender interarea
    logincome~2009: regress logincomemedi2009 i.education i.workspouse
                     i.skills i.lastsmoke lastsysdrug lastdiadrug lastbmi
                     i.lastalcohol logincomemedi2000 carbo2000 fat2000
                     protein2000 energy2000 lastwaist logincomemedi1989
                     logincomemedi1991 logincomemedi2004 energy2004 carbo2004
                     fat2004 protein2004 logincomemedi2006 energy2006
                     carbo2006 fat2006 protein2006 logincomemedi1993
                     carbo1991 fat1991 protein1991 energy1991 energy1993
                     carbo1993 fat1993 protein1993 logincomemedi1997
                     carbo1997 protein1997 energy1997 fat1997 energy2009
                     carbo2009 fat2009 protein2009 energy2011 carbo2011
                     fat2011 protein2011 logincomemedi2011 metstotal2006
                     metstotal2004 metstotal2009 metstotal2011 metstotal2000
                     metstotal1997 gender retireageg lastmarriage birthcohort
                     area provinces communityid yrsinceretire1989 since1989sq
                     intergender interarea
        energy2011: regress energy2011 i.education i.workspouse i.skills
                     i.lastsmoke lastsysdrug lastdiadrug lastbmi
                     i.lastalcohol logincomemedi2000 carbo2000 fat2000
                     protein2000 energy2000 lastwaist logincomemedi1989
                     logincomemedi1991 logincomemedi2004 energy2004 carbo2004
                     fat2004 protein2004 logincomemedi2006 energy2006
                     carbo2006 fat2006 protein2006 logincomemedi1993
                     carbo1991 fat1991 protein1991 energy1991 energy1993
                     carbo1993 fat1993 protein1993 logincomemedi1997
                     carbo1997 protein1997 energy1997 fat1997 energy2009
                     carbo2009 fat2009 protein2009 logincomemedi2009
                     carbo2011 fat2011 protein2011 logincomemedi2011
                     metstotal2006 metstotal2004 metstotal2009 metstotal2011
                     metstotal2000 metstotal1997 gender retireageg
                     lastmarriage birthcohort area provinces communityid
                     yrsinceretire1989 since1989sq intergender interarea
         carbo2011: regress carbo2011 i.education i.workspouse i.skills
                     i.lastsmoke lastsysdrug lastdiadrug lastbmi
                     i.lastalcohol logincomemedi2000 carbo2000 fat2000
                     protein2000 energy2000 lastwaist logincomemedi1989
                     logincomemedi1991 logincomemedi2004 energy2004 carbo2004
                     fat2004 protein2004 logincomemedi2006 energy2006
                     carbo2006 fat2006 protein2006 logincomemedi1993
                     carbo1991 fat1991 protein1991 energy1991 energy1993
                     carbo1993 fat1993 protein1993 logincomemedi1997
                     carbo1997 protein1997 energy1997 fat1997 energy2009
                     carbo2009 fat2009 protein2009 logincomemedi2009
                     energy2011 fat2011 protein2011 logincomemedi2011
                     metstotal2006 metstotal2004 metstotal2009 metstotal2011
                     metstotal2000 metstotal1997 gender retireageg
                     lastmarriage birthcohort area provinces communityid
                     yrsinceretire1989 since1989sq intergender interarea
           fat2011: regress fat2011 i.education i.workspouse i.skills
                     i.lastsmoke lastsysdrug lastdiadrug lastbmi
                     i.lastalcohol logincomemedi2000 carbo2000 fat2000
                     protein2000 energy2000 lastwaist logincomemedi1989
                     logincomemedi1991 logincomemedi2004 energy2004 carbo2004
                     fat2004 protein2004 logincomemedi2006 energy2006
                     carbo2006 fat2006 protein2006 logincomemedi1993
                     carbo1991 fat1991 protein1991 energy1991 energy1993
                     carbo1993 fat1993 protein1993 logincomemedi1997
                     carbo1997 protein1997 energy1997 fat1997 energy2009
                     carbo2009 fat2009 protein2009 logincomemedi2009
                     energy2011 carbo2011 protein2011 logincomemedi2011
                     metstotal2006 metstotal2004 metstotal2009 metstotal2011
                     metstotal2000 metstotal1997 gender retireageg
                     lastmarriage birthcohort area provinces communityid
                     yrsinceretire1989 since1989sq intergender interarea
       protein2011: regress protein2011 i.education i.workspouse i.skills
                     i.lastsmoke lastsysdrug lastdiadrug lastbmi
                     i.lastalcohol logincomemedi2000 carbo2000 fat2000
                     protein2000 energy2000 lastwaist logincomemedi1989
                     logincomemedi1991 logincomemedi2004 energy2004 carbo2004
                     fat2004 protein2004 logincomemedi2006 energy2006
                     carbo2006 fat2006 protein2006 logincomemedi1993
                     carbo1991 fat1991 protein1991 energy1991 energy1993
                     carbo1993 fat1993 protein1993 logincomemedi1997
                     carbo1997 protein1997 energy1997 fat1997 energy2009
                     carbo2009 fat2009 protein2009 logincomemedi2009
                     energy2011 carbo2011 fat2011 logincomemedi2011
                     metstotal2006 metstotal2004 metstotal2009 metstotal2011
                     metstotal2000 metstotal1997 gender retireageg
                     lastmarriage birthcohort area provinces communityid
                     yrsinceretire1989 since1989sq intergender interarea
    logincome~2011: regress logincomemedi2011 i.education i.workspouse
                     i.skills i.lastsmoke lastsysdrug lastdiadrug lastbmi
                     i.lastalcohol logincomemedi2000 carbo2000 fat2000
                     protein2000 energy2000 lastwaist logincomemedi1989
                     logincomemedi1991 logincomemedi2004 energy2004 carbo2004
                     fat2004 protein2004 logincomemedi2006 energy2006
                     carbo2006 fat2006 protein2006 logincomemedi1993
                     carbo1991 fat1991 protein1991 energy1991 energy1993
                     carbo1993 fat1993 protein1993 logincomemedi1997
                     carbo1997 protein1997 energy1997 fat1997 energy2009
                     carbo2009 fat2009 protein2009 logincomemedi2009
                     energy2011 carbo2011 fat2011 protein2011 metstotal2006
                     metstotal2004 metstotal2009 metstotal2011 metstotal2000
                     metstotal1997 gender retireageg lastmarriage birthcohort
                     area provinces communityid yrsinceretire1989 since1989sq
                     intergender interarea
     metstotal2006: regress metstotal2006 i.education i.workspouse i.skills
                     i.lastsmoke lastsysdrug lastdiadrug lastbmi
                     i.lastalcohol logincomemedi2000 carbo2000 fat2000
                     protein2000 energy2000 lastwaist logincomemedi1989
                     logincomemedi1991 logincomemedi2004 energy2004 carbo2004
                     fat2004 protein2004 logincomemedi2006 energy2006
                     carbo2006 fat2006 protein2006 logincomemedi1993
                     carbo1991 fat1991 protein1991 energy1991 energy1993
                     carbo1993 fat1993 protein1993 logincomemedi1997
                     carbo1997 protein1997 energy1997 fat1997 energy2009
                     carbo2009 fat2009 protein2009 logincomemedi2009
                     energy2011 carbo2011 fat2011 protein2011
                     logincomemedi2011 metstotal2004 metstotal2009
                     metstotal2011 metstotal2000 metstotal1997 gender
                     retireageg lastmarriage birthcohort area provinces
                     communityid yrsinceretire1989 since1989sq intergender
                     interarea
     metstotal2004: regress metstotal2004 i.education i.workspouse i.skills
                     i.lastsmoke lastsysdrug lastdiadrug lastbmi
                     i.lastalcohol logincomemedi2000 carbo2000 fat2000
                     protein2000 energy2000 lastwaist logincomemedi1989
                     logincomemedi1991 logincomemedi2004 energy2004 carbo2004
                     fat2004 protein2004 logincomemedi2006 energy2006
                     carbo2006 fat2006 protein2006 logincomemedi1993
                     carbo1991 fat1991 protein1991 energy1991 energy1993
                     carbo1993 fat1993 protein1993 logincomemedi1997
                     carbo1997 protein1997 energy1997 fat1997 energy2009
                     carbo2009 fat2009 protein2009 logincomemedi2009
                     energy2011 carbo2011 fat2011 protein2011
                     logincomemedi2011 metstotal2006 metstotal2009
                     metstotal2011 metstotal2000 metstotal1997 gender
                     retireageg lastmarriage birthcohort area provinces
                     communityid yrsinceretire1989 since1989sq intergender
                     interarea
     metstotal2009: regress metstotal2009 i.education i.workspouse i.skills
                     i.lastsmoke lastsysdrug lastdiadrug lastbmi
                     i.lastalcohol logincomemedi2000 carbo2000 fat2000
                     protein2000 energy2000 lastwaist logincomemedi1989
                     logincomemedi1991 logincomemedi2004 energy2004 carbo2004
                     fat2004 protein2004 logincomemedi2006 energy2006
                     carbo2006 fat2006 protein2006 logincomemedi1993
                     carbo1991 fat1991 protein1991 energy1991 energy1993
                     carbo1993 fat1993 protein1993 logincomemedi1997
                     carbo1997 protein1997 energy1997 fat1997 energy2009
                     carbo2009 fat2009 protein2009 logincomemedi2009
                     energy2011 carbo2011 fat2011 protein2011
                     logincomemedi2011 metstotal2006 metstotal2004
                     metstotal2011 metstotal2000 metstotal1997 gender
                     retireageg lastmarriage birthcohort area provinces
                     communityid yrsinceretire1989 since1989sq intergender
                     interarea
     metstotal2011: regress metstotal2011 i.education i.workspouse i.skills
                     i.lastsmoke lastsysdrug lastdiadrug lastbmi
                     i.lastalcohol logincomemedi2000 carbo2000 fat2000
                     protein2000 energy2000 lastwaist logincomemedi1989
                     logincomemedi1991 logincomemedi2004 energy2004 carbo2004
                     fat2004 protein2004 logincomemedi2006 energy2006
                     carbo2006 fat2006 protein2006 logincomemedi1993
                     carbo1991 fat1991 protein1991 energy1991 energy1993
                     carbo1993 fat1993 protein1993 logincomemedi1997
                     carbo1997 protein1997 energy1997 fat1997 energy2009
                     carbo2009 fat2009 protein2009 logincomemedi2009
                     energy2011 carbo2011 fat2011 protein2011
                     logincomemedi2011 metstotal2006 metstotal2004
                     metstotal2009 metstotal2000 metstotal1997 gender
                     retireageg lastmarriage birthcohort area provinces
                     communityid yrsinceretire1989 since1989sq intergender
                     interarea
     metstotal2000: regress metstotal2000 i.education i.workspouse i.skills
                     i.lastsmoke lastsysdrug lastdiadrug lastbmi
                     i.lastalcohol logincomemedi2000 carbo2000 fat2000
                     protein2000 energy2000 lastwaist logincomemedi1989
                     logincomemedi1991 logincomemedi2004 energy2004 carbo2004
                     fat2004 protein2004 logincomemedi2006 energy2006
                     carbo2006 fat2006 protein2006 logincomemedi1993
                     carbo1991 fat1991 protein1991 energy1991 energy1993
                     carbo1993 fat1993 protein1993 logincomemedi1997
                     carbo1997 protein1997 energy1997 fat1997 energy2009
                     carbo2009 fat2009 protein2009 logincomemedi2009
                     energy2011 carbo2011 fat2011 protein2011
                     logincomemedi2011 metstotal2006 metstotal2004
                     metstotal2009 metstotal2011 metstotal1997 gender
                     retireageg lastmarriage birthcohort area provinces
                     communityid yrsinceretire1989 since1989sq intergender
                     interarea
     metstotal1997: regress metstotal1997 i.education i.workspouse i.skills
                     i.lastsmoke lastsysdrug lastdiadrug lastbmi
                     i.lastalcohol logincomemedi2000 carbo2000 fat2000
                     protein2000 energy2000 lastwaist logincomemedi1989
                     logincomemedi1991 logincomemedi2004 energy2004 carbo2004
                     fat2004 protein2004 logincomemedi2006 energy2006
                     carbo2006 fat2006 protein2006 logincomemedi1993
                     carbo1991 fat1991 protein1991 energy1991 energy1993
                     carbo1993 fat1993 protein1993 logincomemedi1997
                     carbo1997 protein1997 energy1997 fat1997 energy2009
                     carbo2009 fat2009 protein2009 logincomemedi2009
                     energy2011 carbo2011 fat2011 protein2011
                     logincomemedi2011 metstotal2006 metstotal2004
                     metstotal2009 metstotal2011 metstotal2000 gender
                     retireageg lastmarriage birthcohort area provinces
                     communityid yrsinceretire1989 since1989sq intergender
                     interarea

Performing chained iterations ...

Multivariate imputation                     Imputations =       20
Chained equations                                 added =       20
Imputed: m=1 through m=20                       updated =        0

Initialization: monotone                     Iterations =     2000
                                                burn-in =      100

         education: ordered logistic regression
            skills: ordered logistic regression
       lastalcohol: ordered logistic regression
         lastsmoke: ordered logistic regression
        workspouse: logistic regression
    logincome~1989: linear regression
    logincome~1991: linear regression
    logincome~1993: linear regression
    logincome~1997: linear regression
    logincome~2000: linear regression
    logincome~2004: linear regression
    logincome~2006: linear regression
    logincome~2009: linear regression
    logincome~2011: linear regression
       lastsysdrug: linear regression
       lastdiadrug: linear regression
         lastwaist: linear regression
           lastbmi: linear regression
        energy1991: linear regression
         carbo1991: linear regression
           fat1991: linear regression
       protein1991: linear regression
        energy1993: linear regression
         carbo1993: linear regression
           fat1993: linear regression
       protein1993: linear regression
        energy1997: linear regression
         carbo1997: linear regression
           fat1997: linear regression
       protein1997: linear regression
        energy2000: linear regression
         carbo2000: linear regression
           fat2000: linear regression
       protein2000: linear regression
        energy2004: linear regression
         carbo2004: linear regression
           fat2004: linear regression
       protein2004: linear regression
        energy2006: linear regression
         carbo2006: linear regression
           fat2006: linear regression
       protein2006: linear regression
        energy2009: linear regression
         carbo2009: linear regression
           fat2009: linear regression
       protein2009: linear regression
        energy2011: linear regression
         carbo2011: linear regression
           fat2011: linear regression
       protein2011: linear regression
     metstotal1997: linear regression
     metstotal2000: linear regression
     metstotal2004: linear regression
     metstotal2006: linear regression
     metstotal2009: linear regression
     metstotal2011: linear regression

------------------------------------------------------------------
                   |               Observations per m             
                   |----------------------------------------------
          Variable |   Complete   Incomplete   Imputed |     Total
-------------------+-----------------------------------+----------
         education |       1251            3         3 |      1254
            skills |       1229           25        25 |      1254
       lastalcohol |        965          289       289 |      1254
         lastsmoke |       1141          113       113 |      1254
        workspouse |       1139           18        18 |      1157
    logincome~1989 |        854          400       400 |      1254
    logincome~1991 |        848          406       406 |      1254
    logincome~1993 |        813          441       441 |      1254
    logincome~1997 |        780          474       474 |      1254
    logincome~2000 |        930          324       324 |      1254
    logincome~2004 |        847          407       407 |      1254
    logincome~2006 |        833          421       421 |      1254
    logincome~2009 |        747          507       507 |      1254
    logincome~2011 |        635          619       619 |      1254
       lastsysdrug |       1028          226       226 |      1254
       lastdiadrug |       1028          226       226 |      1254
         lastwaist |        893          361       361 |      1254
           lastbmi |       1024          230       230 |      1254
        energy1991 |        803          451       451 |      1254
         carbo1991 |        804          450       450 |      1254
           fat1991 |        804          450       450 |      1254
       protein1991 |        804          450       450 |      1254
        energy1993 |        785          469       469 |      1254
         carbo1993 |        785          469       469 |      1254
           fat1993 |        785          469       469 |      1254
       protein1993 |        785          469       469 |      1254
        energy1997 |        751          503       503 |      1254
         carbo1997 |        752          502       502 |      1254
           fat1997 |        751          503       503 |      1254
       protein1997 |        752          502       502 |      1254
        energy2000 |        922          332       332 |      1254
         carbo2000 |        923          331       331 |      1254
           fat2000 |        923          331       331 |      1254
       protein2000 |        923          331       331 |      1254
        energy2004 |        846          408       408 |      1254
         carbo2004 |        846          408       408 |      1254
           fat2004 |        846          408       408 |      1254
       protein2004 |        846          408       408 |      1254
        energy2006 |        826          428       428 |      1254
         carbo2006 |        826          428       428 |      1254
           fat2006 |        826          428       428 |      1254
       protein2006 |        826          428       428 |      1254
        energy2009 |        748          506       506 |      1254
         carbo2009 |        748          506       506 |      1254
           fat2009 |        748          506       506 |      1254
       protein2009 |        748          506       506 |      1254
        energy2011 |        637          617       617 |      1254
         carbo2011 |        637          617       617 |      1254
           fat2011 |        637          617       617 |      1254
       protein2011 |        637          617       617 |      1254
     metstotal1997 |        242         1012      1012 |      1254
     metstotal2000 |        269          985       985 |      1254
     metstotal2004 |        346          908       908 |      1254
     metstotal2006 |        353          901       901 |      1254
     metstotal2009 |        338          916       916 |      1254
     metstotal2011 |        296          958       958 |      1254
------------------------------------------------------------------
(complete + incomplete = total; imputed is the minimum across m
 of the number of filled-in observations.)

Warning: the sets of predictors of the imputation model vary across
         imputations or iterations

. 
. saveold mied, replace
file mied.dta saved

. 
. 
. 
. 
. 
end of do-file
