-----------------------------------------------------
      name:  <unnamed>
       log:  /data/uctprgu/git/baowen/hpc3/log_hpc3.l
> og
  log type:  text
 opened on:   4 Dec 2015, 22:32:10

. 
. use ../statacompleteh, clear
(Written by R.              )

. 
. xi:mim,cat(fit):gllamm newsmoke part1 part2 gender 
> lastbmi retireage i.provinces i.spstatus i.lastalco
> grp i.education i.skills lastincome index ///
> age1991 i.lastactivity if yearcenter<=17& yearcente
> r>=-17, i(idind newhhid) link(mlogit) family(binom)
>  
i.provinces       _Iprovinces_0-8     (naturally code
> d; _Iprovinces_0 omitted)
i.spstatus        _Ispstatus_0-2      (naturally code
> d; _Ispstatus_0 omitted)
i.lastalcogrp     _Ilastalcog_0-2     (naturally code
> d; _Ilastalcog_0 omitted)
i.education       _Ieducation_0-5     (naturally code
> d; _Ieducation_0 omitted)
i.skills          _Iskills_0-3        (naturally code
> d; _Iskills_0 omitted)
i.lastactivity    _Ilastactiv_0-3     (naturally code
> d; _Ilastactiv_0 omitted)
[note: using mi-style format variables _mi_id and _mi
> _m]

Multiple-imputation estimates (gllamm)               
>     Imputations =      25
gllamm model                                         
>     Minimum obs =    5848
                                                     
>     Minimum dof =   433.1

-----------------------------------------------------
> -------------------------
    newsmoke |     Coef.  Std. Err.     t    P>|t|   
>  [95% Conf. Int.]     FMI
-------------+---------------------------------------
> -------------------------
c2           |
       part1 |  -.103019   .020337   -5.07   0.000   
> -.142925                                           
>          -.063112                                  
>                     0.131
       part2 |  -.032375   .029579   -1.09   0.274   
> -.090378                                           
>           .025627                                  
>                     0.085
      gender |  -6.58878   .511866  -12.87   0.000   
> -7.59335                                           
>          -5.58421                                  
>                     0.140
     lastbmi |  -.124191   .045535   -2.73   0.007   
> -.213568                                           
>          -.034813                                  
>                     0.147
   retireage |  -.068293   .032623   -2.09   0.036   
> -.132266                                           
>          -.004321                                  
>                     0.086
_Iprovince~1 |  -.981728     .5978   -1.64   0.101   
> -2.15355                                           
>           .190092                                  
>                     0.043
_Iprovince~2 |  -.289627   .491373   -0.59   0.556   
> -1.25282                                           
>            .67357                                  
>                     0.043
_Iprovince~3 |   -.16126   .692984   -0.23   0.816   
> -1.52308                                           
>           1.20056                                  
>                     0.199
_Iprovince~4 |  -.661933   .566562   -1.17   0.243   
>  -1.7728                                           
>           .448935                                  
>                     0.074
_Iprovince~5 |  -1.21059   .508755   -2.38   0.017   
> -2.20794                                           
>          -.213245                                  
>                     0.054
_Iprovince~6 |   -1.2342   .487272   -2.53   0.011   
> -2.18927                                           
>          -.279118                                  
>                     0.024
_Iprovince~7 |  -.922021   .515369   -1.79   0.074   
> -1.93228                                           
>           .088242                                  
>                     0.047
_Iprovince~8 |  -.018641   .470893   -0.04   0.968   
> -.941631                                           
>           .904348                                  
>                     0.029
_Ispstatus_1 |   .140721   .285964    0.49   0.623   
> -.420157                                           
>           .701599                                  
>                     0.101
_Ispstatus_2 |   .724022   .523393    1.38   0.167   
> -.302037                                           
>           1.75008                                  
>                     0.056
_Ilastalco~1 |   .869231    .30568    2.84   0.005   
>   .26927                                           
>           1.46919                                  
>                     0.144
_Ilastalco~2 |   1.81866   .521683    3.49   0.001   
>  .794817                                           
>           2.84251                                  
>                     0.140
_Ieducatio~1 |   -.14276   .456029   -0.31   0.754   
> -1.03712                                           
>           .751602                                  
>                     0.095
_Ieducatio~2 |    .09163   .487288    0.19   0.851   
> -.864725                                           
>           1.04799                                  
>                     0.141
_Ieducatio~3 |   -.50748   .516985   -0.98   0.326   
>  -1.5213                                           
>            .50634                                  
>                     0.088
_Ieducatio~4 |  -.383517   .520923   -0.74   0.462   
> -1.40486                                           
>           .637825                                  
>                     0.070
_Ieducatio~5 |  -.848313   .624395   -1.36   0.174   
> -2.07268                                           
>           .376052                                  
>                     0.082
  _Iskills_1 |   -.54213   .540826   -1.00   0.317   
> -1.60498                                           
>           .520719                                  
>                     0.201
  _Iskills_2 |   .577506   .595024    0.97   0.332   
> -.590817                                           
>           1.74583                                  
>                     0.163
  _Iskills_3 |  -.054545   .614705   -0.09   0.929   
> -1.26149                                           
>            1.1524                                  
>                     0.162
  lastincome |   -.02493   .092623   -0.27   0.788   
> -.206491                                           
>            .15663                                  
>                     0.041
       index |  -.015113   .007091   -2.13   0.033   
> -.029017                                           
>          -.001209                                  
>                     0.077
     age1991 |   .040611   .026666    1.52   0.128   
> -.011678                                           
>           .092901                                  
>                     0.084
_Ilastacti~1 |   .266784   .314403    0.85   0.396   
> -.349926                                           
>           .883495                                  
>                     0.108
_Ilastacti~2 |   .565427   .414962    1.36   0.173   
>  -.24881                                           
>           1.37966                                  
>                     0.129
_Ilastacti~3 |   .265643   .482841    0.55   0.582   
> -.681692                                           
>           1.21298                                  
>                     0.123
       _cons |   7.83449   2.11677    3.70   0.000   
>   3.6813                                           
>           11.9877                                  
>                     0.124
-------------+---------------------------------------
> -------------------------
c3           |
       part1 |  -.093501   .020658   -4.53   0.000   
> -.134048                                           
>          -.052955                                  
>                     0.144
       part2 |  -.072337   .031145   -2.32   0.020   
> -.133447                                           
>          -.011227                                  
>                     0.127
      gender |  -8.09735   .573342  -14.12   0.000   
> -9.22282                                           
>          -6.97189                                  
>                     0.151
     lastbmi |  -.110748   .046234   -2.40   0.017   
> -.201517                                           
>          -.019978                                  
>                     0.158
   retireage |  -.065099   .032327   -2.01   0.044   
> -.128478                                           
>          -.001719                                  
>                     0.068
_Iprovince~1 |  -1.65092   .630498   -2.62   0.009   
> -2.88695                                           
>          -.414892                                  
>                     0.056
_Iprovince~2 |    -.4707   .504791   -0.93   0.351   
> -1.46028                                           
>           .518882                                  
>                     0.055
_Iprovince~3 |  -.120275   .704063   -0.17   0.864   
> -1.50408                                           
>           1.26353                                  
>                     0.205
_Iprovince~4 |  -.795284   .577953   -1.38   0.169   
>  -1.9285                                           
>           .337929                                  
>                     0.075
_Iprovince~5 |  -.571439   .507117   -1.13   0.260   
> -1.56553                                           
>           .422657                                  
>                     0.048
_Iprovince~6 |  -.230162   .487922   -0.47   0.637   
> -1.18654                                           
>           .726213                                  
>                     0.031
_Iprovince~7 |  -.769164   .523685   -1.47   0.142   
> -1.79572                                           
>            .25739                                  
>                     0.046
_Iprovince~8 |  -.282811   .483323   -0.59   0.558   
> -1.23017                                           
>           .664543                                  
>                     0.030
_Ispstatus_1 |    .01932    .28756    0.07   0.946   
> -.544657                                           
>           .583296                                  
>                     0.097
_Ispstatus_2 |   .395666   .546629    0.72   0.469   
> -.676051                                           
>           1.46738                                  
>                     0.068
_Ilastalco~1 |   .676586   .302053    2.24   0.025   
>  .084151                                           
>           1.26902                                  
>                     0.102
_Ilastalco~2 |   2.29642    .51359    4.47   0.000   
>  1.28873                                           
>           3.30412                                  
>                     0.125
_Ieducatio~1 |  -.097235   .457584   -0.21   0.832   
> -.994581                                           
>            .80011                                  
>                     0.089
_Ieducatio~2 |  -.272033   .493544   -0.55   0.582   
> -1.24083                                           
>           .696766                                  
>                     0.150
_Ieducatio~3 |  -.861711   .522944   -1.65   0.100   
> -1.88735                                           
>           .163925                                  
>                     0.098
_Ieducatio~4 |  -.886083   .531841   -1.67   0.096   
> -1.92901                                           
>           .156846                                  
>                     0.086
_Ieducatio~5 |   -1.4177   .629992   -2.25   0.025   
>   -2.653                                           
>            -.1824                                  
>                     0.079
  _Iskills_1 |  -.247627   .525695   -0.47   0.638   
> -1.27907                                           
>            .78382                                  
>                     0.125
  _Iskills_2 |   1.04755   .590701    1.77   0.076   
> -.111531                                           
>           2.20662                                  
>                     0.129
  _Iskills_3 |   .230566   .610723    0.38   0.706   
> -.967727                                           
>           1.42886                                  
>                     0.126
  lastincome |  -.100036   .085157   -1.17   0.240   
> -.266957                                           
>           .066885                                  
>                     0.038
       index |  -.022884   .007051   -3.25   0.001   
> -.036707                                           
>          -.009061                                  
>                     0.052
     age1991 |   .013696   .026429    0.52   0.604   
> -.038119                                           
>           .065511                                  
>                     0.066
_Ilastacti~1 |   .140824   .319458    0.44   0.659   
> -.485871                                           
>           .767519                                  
>                     0.115
_Ilastacti~2 |   .506445   .423758    1.20   0.232   
> -.325346                                           
>           1.33824                                  
>                     0.148
_Ilastacti~3 |   .313353   .480541    0.65   0.514   
> -.629198                                           
>           1.25591                                  
>                     0.104
       _cons |   9.75206   2.11624    4.61   0.000   
>  5.60039                                           
>           13.9037                                  
>                     0.117
-------------+---------------------------------------
> -------------------------
idin1        |
       _cons |    2.2105   .171571   12.88   0.000   
>  1.87417                                           
>           2.54682                                  
>                     0.046
-------------+---------------------------------------
> -------------------------
newh2        |
       _cons |   2.04211   .212407    9.61   0.000   
>  1.62543                                           
>           2.45879                                  
>                     0.114
-----------------------------------------------------
> -------------------------


. 
. matrix coefhpcsmo=e(MIM_Q)'

. svmat coefhpcsmo
new variables cannot be uniquely named or already def
> ined
r(110);

end of do-file

r(110);

. svmat coefhpcsmo2
matrix coefhpcsmo2 not found
r(111);

. matrix coefhpcsmo2=e(MIM_Q)'

. svmat coefhpcsmo
new variables cannot be uniquely named or already def
> ined
r(110);

. svmat coefhpcsmo2

. saveold newresult, replace
(saving in Stata 13 format)
(FYI, saveold has options version(12) and
      version(11) that write files in older Stata
      formats)
(note: file newresult.dta not found)
file newresult.dta saved

. log close
      name:  <unnamed>
       log:  /data/uctprgu/git/baowen/hpc3/log_hpc3.l
> og
  log type:  text
 closed on:  10 Dec 2015, 04:00:56
-----------------------------------------------------
