-------------------------------------------------------------------------------
      name:  <unnamed>
       log:  /gpfs/home/fas/meghir/rg684/git/baowen/hpc3/log_hpc3.log
  log type:  text
 opened on:   9 Feb 2017, 09:19:48

. 
. use ../imputed.dta, clear

. 
. 
. ************retire <60, FIW
. mi stset age_exitnew, failure(retiretime==1) enter(xage_q)exit (age_exitnew=7
> 5)

     failure event:  retiretime == 1
obs. time interval:  (0, age_exitnew]
 enter on or after:  time xage_q
 exit on or before:  age_exitnew==75

------------------------------------------------------------------------------
     7913  total observations
        0  exclusions
------------------------------------------------------------------------------
     7913  observations remaining, representing
     2754  failures in single-record/single-failure data
 76667.65  total analysis time at risk and under observation
                                              at risk from t =         0
                                   earliest observed entry t =     39.58
                                        last observed exit t =     81.02

. xi: mi estimate: stcrreg ftow i.xage_qgp i.gender, compete(retiretime==2 3)
i.xage_qgp        _Ixage_qgp_1-5      (naturally coded; _Ixage_qgp_1 omitted)
i.gender          _Igender_0-1        (naturally coded; _Igender_0 omitted)

Multiple-imputation estimates                     Imputations     =         25
Competing-risks regression                        Number of obs   =       7913
                                                  Average RVI     =     0.0291
                                                  Largest FMI     =     0.1276
DF adjustment:   Large sample                     DF:     min     =    1502.28
                                                          avg     =   1.72e+08
                                                          max     =   5.16e+08
Model F test:       Equal FMI                     F(   5,140673.8)=      12.49
Within VCE type:       Robust                     Prob > F        =     0.0000

------------------------------------------------------------------------------
          _t |      Coef.   Std. Err.      t    P>|t|     [95% Conf. Interval]
-------------+----------------------------------------------------------------
        ftow |  -.0354001   .0132768    -2.67   0.008    -.0614431   -.0093572
_Ixage_qgp_2 |    .007544   .0478068     0.16   0.875    -.0861556    .1012437
_Ixage_qgp_3 |   .2510813   .0550458     4.56   0.000     .1431934    .3589692
_Ixage_qgp_4 |   .2113656   .0734165     2.88   0.004     .0674719    .3552592
_Ixage_qgp_5 |          0  (omitted)
  _Igender_1 |   .1788169   .0415971     4.30   0.000      .097288    .2603457
------------------------------------------------------------------------------

. xi: mi estimate: stcrreg ftow i.xage_qgp i.gender i.tedlev i.xrgrlump i.depre
> ss i.chronic i.spouse, compete(retiretime==2 3)
i.xage_qgp        _Ixage_qgp_1-5      (naturally coded; _Ixage_qgp_1 omitted)
i.gender          _Igender_0-1        (naturally coded; _Igender_0 omitted)
i.tedlev          _Itedlev_0-2        (naturally coded; _Itedlev_0 omitted)
i.xrgrlump        _Ixrgrlump_0-2      (naturally coded; _Ixrgrlump_0 omitted)
i.depress         _Idepress_0-1       (naturally coded; _Idepress_0 omitted)
i.chronic         _Ichronic_0-2       (naturally coded; _Ichronic_0 omitted)
i.spouse          _Ispouse_0-2        (naturally coded; _Ispouse_0 omitted)

Multiple-imputation estimates                     Imputations     =         25
Competing-risks regression                        Number of obs   =       7913
                                                  Average RVI     =     0.0401
                                                  Largest FMI     =     0.1317
DF adjustment:   Large sample                     DF:     min     =    1409.77
                                                          avg     =  722503.81
                                                          max     = 4266605.61
Model F test:       Equal FMI                     F(  14,220664.3)=      17.50
Within VCE type:       Robust                     Prob > F        =     0.0000

------------------------------------------------------------------------------
          _t |      Coef.   Std. Err.      t    P>|t|     [95% Conf. Interval]
-------------+----------------------------------------------------------------
        ftow |  -.0260063   .0136359    -1.91   0.057    -.0527552    .0007425
_Ixage_qgp_2 |  -.0154247   .0485071    -0.32   0.750    -.1104968    .0796474
_Ixage_qgp_3 |   .2177196   .0561851     3.88   0.000     .1075987    .3278405
_Ixage_qgp_4 |   .1598029   .0749333     2.13   0.033     .0129363    .3066695
_Ixage_qgp_5 |          0  (omitted)
  _Igender_1 |   .2046467    .047007     4.35   0.000     .1125146    .2967788
  _Itedlev_1 |   .0372749   .0496829     0.75   0.453    -.0601089    .1346587
  _Itedlev_2 |  -.2969948   .0532682    -5.58   0.000    -.4014131   -.1925764
_Ixrgrlump_1 |  -.1040873   .0460345    -2.26   0.024    -.1943137   -.0138608
_Ixrgrlump_2 |  -.5379191   .0760276    -7.08   0.000    -.6869308   -.3889074
 _Idepress_1 |   .1670668   .0501055     3.33   0.001     .0688567     .265277
 _Ichronic_1 |   .1281176   .0474197     2.70   0.007     .0351557    .2210794
 _Ichronic_2 |   .3137401   .0979002     3.20   0.001     .1217197    .5057604
  _Ispouse_1 |  -.1497932   .0527011    -2.84   0.004    -.2530941   -.0464923
  _Ispouse_2 |   .3081977    .046149     6.68   0.000      .217738    .3986573
------------------------------------------------------------------------------

. 
. 
. saveold newresult, replace
file newresult.dta saved

. log close
      name:  <unnamed>
       log:  /gpfs/home/fas/meghir/rg684/git/baowen/hpc3/log_hpc3.log
  log type:  text
 closed on:   9 Feb 2017, 11:54:59
-------------------------------------------------------------------------------
