---------------------------------------------------------------------------------------------------
      name:  <unnamed>
       log:  /data/uctprgu/git/baowen/hpc2/log_hpc2.log
  log type:  text
 opened on:  29 Dec 2015, 03:53:59

. 
. use ../statacomplete, clear
(Written by R.              )

. 
. xi:mim,cat(fit):gllamm alcogrp part1 part2 gender lastbmi retireage i.provinces i.spstatus i.last
> smoking i.education i.skills lastincome index ///
> age1991 i.lastactivity if yearcenter<=17& yearcenter>=-17&w2!=1991& back!=1, i(idind newhhid) lin
> k(mlogit) family(binom) 
i.provinces       _Iprovinces_0-8     (naturally coded; _Iprovinces_0 omitted)
i.spstatus        _Ispstatus_0-2      (naturally coded; _Ispstatus_0 omitted)
i.lastsmoking     _Ilastsmoki_1-3     (naturally coded; _Ilastsmoki_1 omitted)
i.education       _Ieducation_0-5     (naturally coded; _Ieducation_0 omitted)
i.skills          _Iskills_0-3        (naturally coded; _Iskills_0 omitted)
i.lastactivity    _Ilastactiv_0-3     (naturally coded; _Ilastactiv_0 omitted)
[note: using mi-style format variables _mi_id and _mi_m]
