-------------------------------------------------------------------------------
      name:  <unnamed>
       log:  /gpfs/home/fas/meghir/rg684/git/baowen/hpc7/log_hpc7.log
  log type:  text
 opened on:   6 Apr 2017, 18:34:35

. 
. use ../imputed_march.dta, clear

. 
. mi stset time2, id(id) failure(exit_typeLvar==5) exit(allexit==1)

                id:  idout_107
     failure event:  exit_typeLvar == 5
obs. time interval:  (time2[_n-1], time2]
 exit on or before:  allexit==1

------------------------------------------------------------------------------
    68384  total observations
    21053  observations begin on or after exit
------------------------------------------------------------------------------
    47331  observations remaining, representing
     8548  subjects
      593  failures in single-failure-per-subject data
 111649.5  total analysis time at risk and under observation
                                              at risk from t =         0
                                   earliest observed entry t =         0
                                        last observed exit t =     23.09

. 
. *model 4
. *mi estimate,hr:stcrreg lastftow ageenter i.education i.lastgrade i.lastdepre
> ss i.lastwsp i.chronic i.lastjobdemt i.lastdeclatt i.lastsupp i.lastcarer i.l
> astnumchild i.biconhm if gender==0&notuse!=1, compete(exit_typeLvar ==2 3 4 6
> )
. *mi estimate,hr:stcrreg lastftow ageenter i.education i.lastgrade i.lastdepre
> ss i.lastwsp i.chronic i.lastjobdemt i.lastdeclatt i.lastsupp i.lastcarer i.l
> astnumchild i.biconhm if gender==1&notuse!=1, compete(exit_typeLvar ==2 3 4 6
> )
. mi estimate,hr:stcrreg lastwtof ageenter i.education i.lastgrade i.lastdepres
> s i.lastwsp i.chronic i.lastjobdemt i.lastdeclatt i.lastsupp i.lastcarer i.la
> stnumchild i.biconhm if gender==0&notuse!=1, compete(exit_typeLvar ==2 3 4 6)
note: option shr is assumed

Multiple-imputation estimates                     Imputations     =         25
Competing-risks regression                        Number of obs   =      31075
                                                  Average RVI     =     0.0403
                                                  Largest FMI     =     0.2408
DF adjustment:   Large sample                     DF:     min     =     426.22
                                                          avg     = 4429617.26
                                                          max     =   3.66e+07
Model F test:       Equal FMI                     F(  23,362330.9)=      36.77
Within VCE type:       Robust                     Prob > F        =     0.0000

                          (Within VCE adjusted for 5406 clusters in idout_107)
------------------------------------------------------------------------------
          _t |        SHR   Std. Err.      t    P>|t|     [95% Conf. Interval]
-------------+----------------------------------------------------------------
    lastwtof |   1.023358    .038991     0.61   0.545     .9497177    1.102708
    ageenter |   1.005429   .0095972     0.57   0.571     .9867932    1.024416
             |
   education |
          2  |    .701619   .1139038    -2.18   0.029     .5103802    .9645147
          3  |   .8202089   .1196757    -1.36   0.174     .6161933    1.091772
             |
   lastgrade |
          2  |   1.369995   .2076467     2.08   0.038     1.017899    1.843884
          3  |   1.645236   .4181512     1.96   0.050     .9997408    2.707505
             |
 lastdepress |
 1 yes, h..  |   2.325699   .3430074     5.72   0.000     1.741803    3.105331
             |
     lastwsp |
 1 not wo..  |   1.059381   .1584299     0.39   0.700     .7900173    1.420586
    2 no sp  |    1.09049   .2013313     0.47   0.639     .7586151    1.567552
             |
     chronic |
          1  |   2.741385   .3659253     7.56   0.000     2.110328    3.561148
          2  |   5.640237   1.424866     6.85   0.000     3.437655    9.254062
          3  |   1.66e-06   9.77e-07   -22.56   0.000     5.21e-07    5.26e-06
             |
 lastjobdemt |
          1  |   .9970465   .1457107    -0.02   0.984     .7487189    1.327737
          2  |   1.317905   .2313799     1.57   0.116     .9342037    1.859202
             |
 lastdeclatt |
          1  |   .7425556   .1155207    -1.91   0.056     .5474016    1.007284
          2  |   .4583914   .0821985    -4.35   0.000     .3225517    .6514387
             |
    lastsupp |
          1  |   1.093609   .1573613     0.62   0.534     .8248621    1.449917
          2  |   1.188664   .1739742     1.18   0.238      .892229    1.583587
             |
 1.lastcarer |   1.141394   .2158513     0.70   0.484     .7878818    1.653523
             |
lastnumchild |
          1  |   1.186671   .1863767     1.09   0.276     .8722206    1.614486
          2  |    .968228   .1556094    -0.20   0.841     .7065237    1.326871
          3  |    .732659   .1758182    -1.30   0.195     .4577073    1.172778
             |
     biconhm |
1 have co..  |   1.095572   .2086539     0.48   0.632     .7541534    1.591555
------------------------------------------------------------------------------

. *mi estimate,hr:stcrreg lastwtof ageenter i.education i.lastgrade i.lastdepre
> ss i.lastwsp i.chronic i.lastjobdemt i.lastdeclatt i.lastsupp i.lastcarer i.l
> astnumchild i.biconhm if gender==1&notuse!=1, compete(exit_typeLvar ==2 3 4 6
> )
. 
. 
. saveold newresult, replace
file newresult.dta saved

. log close
      name:  <unnamed>
       log:  /gpfs/home/fas/meghir/rg684/git/baowen/hpc7/log_hpc7.log
  log type:  text
 closed on:   7 Apr 2017, 02:54:34
-------------------------------------------------------------------------------
