-------------------------------------------------------------------------------
      name:  <unnamed>
       log:  /gpfs/home/fas/meghir/rg684/git/baowen/hpc/log_hpc.log
  log type:  text
 opened on:  20 Feb 2017, 08:47:59

. 
. use ../imputed.dta, clear

. 
. 
. ***************all reason, WIF, men, model 1:
. mi stset age_exitnew, failure(outwork==1) enter(xage_q)exit (age_exitnew=75)

     failure event:  outwork == 1
obs. time interval:  (0, age_exitnew]
 enter on or after:  time xage_q
 exit on or before:  age_exitnew==75

------------------------------------------------------------------------------
     7913  total observations
        0  exclusions
------------------------------------------------------------------------------
     7913  observations remaining, representing
     6126  failures in single-record/single-failure data
 76667.65  total analysis time at risk and under observation
                                              at risk from t =         0
                                   earliest observed entry t =     39.58
                                        last observed exit t =     81.02

. xi: mi estimate: stcrreg ftow i.xage_qgp if gender==0, compete(exit_type ==2)
i.xage_qgp        _Ixage_qgp_1-5      (naturally coded; _Ixage_qgp_1 omitted)
