-------------------------------------------------------------------------------
      name:  <unnamed>
       log:  /gpfs/home/fas/meghir/rg684/git/baowen/hpc/log_hpc.log
  log type:  text
 opened on:   8 Feb 2017, 05:30:00

. 
. use ../imputed.dta, clear

. 
. ***************retired
. mi stset age_exitnew, failure(exit_type==3) enter(xage_q)exit (age_exitnew=75
> )

     failure event:  exit_type == 3
obs. time interval:  (0, age_exitnew]
 enter on or after:  time xage_q
 exit on or before:  age_exitnew==75

------------------------------------------------------------------------------
     7913  total observations
        0  exclusions
------------------------------------------------------------------------------
     7913  observations remaining, representing
     4678  failures in single-record/single-failure data
 76667.65  total analysis time at risk and under observation
                                              at risk from t =         0
                                   earliest observed entry t =     39.58
                                        last observed exit t =     81.02

. *model 1:
. *xi: mi estimate: stcrreg ftow i.xage_qgp i.gender, compete(exit_type ==2 4 5
>  6)
. *xi: mi estimate: stcrreg wtof i.xage_qgp i.gender, compete(exit_type ==2 4 5
>  6)
. *mode1 2:
. *xi: mi estimate: stcrreg ftow i.xage_qgp i.gender i.tedlev i.xrgrlump i.depr
> ess i.chronic i.spouse , compete(exit_type ==2 4 5 6)
. *xi: mi estimate: stcrreg wtof i.xage_qgp i.gender i.tedlev i.xrgrlump i.depr
> ess i.chronic i.spouse, compete(exit_type ==2 4 5 6)
. *model 3:
. xi: mi estimate: stcrreg ftow i.xage_qgp i.gender i.tedlev i.xrgrlump i.depre
> ss i.chronic i.spouse i.xdeclatt i.xjobdemt i.support, compete(exit_type ==2 
> 4 5 6)
i.xage_qgp        _Ixage_qgp_1-5      (naturally coded; _Ixage_qgp_1 omitted)
i.gender          _Igender_0-1        (naturally coded; _Igender_0 omitted)
i.tedlev          _Itedlev_0-2        (naturally coded; _Itedlev_0 omitted)
i.xrgrlump        _Ixrgrlump_0-2      (naturally coded; _Ixrgrlump_0 omitted)
i.depress         _Idepress_0-1       (naturally coded; _Idepress_0 omitted)
i.chronic         _Ichronic_0-2       (naturally coded; _Ichronic_0 omitted)
i.spouse          _Ispouse_0-2        (naturally coded; _Ispouse_0 omitted)
i.xdeclatt        _Ixdeclatt_0-2      (naturally coded; _Ixdeclatt_0 omitted)
i.xjobdemt        _Ixjobdemt_0-2      (naturally coded; _Ixjobdemt_0 omitted)
i.support         _Isupport_0-2       (naturally coded; _Isupport_0 omitted)

Multiple-imputation estimates                     Imputations     =         25
Competing-risks regression                        Number of obs   =       7913
                                                  Average RVI     =     0.0457
                                                  Largest FMI     =     0.1007
DF adjustment:   Large sample                     DF:     min     =    2400.70
                                                          avg     =  603329.10
                                                          max     = 7395575.88
Model F test:       Equal FMI                     F(  21,259346.9)=      28.36
Within VCE type:       Robust                     Prob > F        =     0.0000

------------------------------------------------------------------------------
          _t |      Coef.   Std. Err.      t    P>|t|     [95% Conf. Interval]
-------------+----------------------------------------------------------------
        ftow |  -.0472774   .0102547    -4.61   0.000    -.0673815   -.0271733
_Ixage_qgp_2 |   .0991141   .0432601     2.29   0.022     .0143258    .1839025
_Ixage_qgp_3 |    .218457   .0473441     4.61   0.000     .1256641    .3112499
_Ixage_qgp_4 |   .6926224   .0470187    14.73   0.000     .6004672    .7847776
_Ixage_qgp_5 |   1.039387   .0807973    12.86   0.000     .8810271    1.197747
  _Igender_1 |   .1236367   .0361739     3.42   0.001     .0527371    .1945362
  _Itedlev_1 |    .035733   .0399237     0.90   0.371    -.0425304    .1139964
  _Itedlev_2 |  -.2032949   .0398586    -5.10   0.000    -.2814279   -.1251619
_Ixrgrlump_1 |  -.1599606   .0389578    -4.11   0.000    -.2363176   -.0836036
_Ixrgrlump_2 |  -.5189416   .0607096    -8.55   0.000    -.6379368   -.3999463
 _Idepress_1 |   -.076563     .04153    -1.84   0.065    -.1579686    .0048426
 _Ichronic_1 |  -.0506248   .0364184    -1.39   0.165    -.1220293    .0207797
 _Ichronic_2 |  -.0137285   .0716591    -0.19   0.848    -.1542225    .1267655
  _Ispouse_1 |  -.0614695     .03721    -1.65   0.099    -.1344011    .0114622
  _Ispouse_2 |    .005406   .0359672     0.15   0.881    -.0650917    .0759037
_Ixdeclatt_1 |   .1103889   .0444126     2.49   0.013     .0233077    .1974701
_Ixdeclatt_2 |  -.0859753   .0482889    -1.78   0.075    -.1806675    .0087169
_Ixjobdemt_1 |  -.0144372   .0408734    -0.35   0.724     -.094571    .0656966
_Ixjobdemt_2 |  -.0249713   .0472916    -0.53   0.598    -.1177068    .0677642
 _Isupport_1 |   .1201951   .0424726     2.83   0.005     .0369313     .203459
 _Isupport_2 |    .160852   .0413412     3.89   0.000     .0798008    .2419031
------------------------------------------------------------------------------

. 
. /*
> xi: mi estimate: stcrreg wtof i.xage_qgp i.gender i.tedlev i.xrgrlump i.depre
> ss i.chronic i.spouse i.xdeclatt i.xjobdemt i.support, compete(exit_type ==2 
> 4 5 6)
> 
> ***************unemployed
> mi stset age_exitnew, failure(exit_type==4) enter(xage_q)exit (age_exitnew=75
> )
> *model 1:
> xi: mi estimate: stcrreg ftow i.xage_qgp i.gender, compete(exit_type ==2 3 5 
> 6)
> xi: mi estimate: stcrreg wtof i.xage_qgp i.gender, compete(exit_type ==2 3 5 
> 6)
> *mode1 2:
> xi: mi estimate: stcrreg ftow i.xage_qgp i.gender i.tedlev i.xrgrlump i.depre
> ss i.chronic i.spouse , compete(exit_type ==2 3 5 6)
> xi: mi estimate: stcrreg wtof i.xage_qgp i.gender i.tedlev i.xrgrlump i.depre
> ss i.chronic i.spouse, compete(exit_type ==2 3 5 6)
> *model 3:
> xi: mi estimate: stcrreg ftow i.xage_qgp i.gender i.tedlev i.xrgrlump i.depre
> ss i.chronic i.spouse i.xdeclatt i.xjobdemt i.support, compete(exit_type ==2 
> 3 5 6)
> xi: mi estimate: stcrreg wtof i.xage_qgp i.gender i.tedlev i.xrgrlump i.depre
> ss i.chronic i.spouse i.xdeclatt i.xjobdemt i.support, compete(exit_type ==2 
> 3 5 6)
> 
> ***************health reason
> mi stset age_exitnew, failure(exit_type==5) enter(xage_q)exit (age_exitnew=75
> )
> *model 1:
> xi: mi estimate: stcrreg ftow i.xage_qgp i.gender, compete(exit_type ==2 3 4 
> 6)
> xi: mi estimate: stcrreg wtof i.xage_qgp i.gender, compete(exit_type ==2 3 4 
> 6)
> *mode1 2:
> xi: mi estimate: stcrreg ftow i.xage_qgp i.gender i.tedlev i.xrgrlump i.depre
> ss i.chronic i.spouse , compete(exit_type ==2 3 4 6)
> xi: mi estimate: stcrreg wtof i.xage_qgp i.gender i.tedlev i.xrgrlump i.depre
> ss i.chronic i.spouse, compete(exit_type ==2 3 4 6)
> *model 3:
> xi: mi estimate: stcrreg ftow i.xage_qgp i.gender i.tedlev i.xrgrlump i.depre
> ss i.chronic i.spouse i.xdeclatt i.xjobdemt i.support, compete(exit_type ==2 
> 3 4 6)
> xi: mi estimate: stcrreg wtof i.xage_qgp i.gender i.tedlev i.xrgrlump i.depre
> ss i.chronic i.spouse i.xdeclatt i.xjobdemt i.support, compete(exit_type ==2 
> 3 4 6)
> */
. 
. ***************other
. *mi stset age_exitnew, failure(exit_type==6) enter(xage_q)exit (age_exitnew=7
> 5)
. *model 1:
. *xi: mi estimate: stcrreg ftow i.xage_qgp i.gender, compete(exit_type ==2 3 4
>  5)
. *xi: mi estimate: stcrreg wtof i.xage_qgp i.gender, compete(exit_type ==2 3 4
>  5)
. *mode1 2:
. *xi: mi estimate: stcrreg ftow i.xage_qgp i.gender i.tedlev i.xrgrlump i.depr
> ess i.chronic i.spouse , compete(exit_type ==2 3 4 5)
. *xi: mi estimate: stcrreg wtof i.xage_qgp i.gender i.tedlev i.xrgrlump i.depr
> ess i.chronic i.spouse, compete(exit_type ==2 3 4 5)
. *model 3:
. *xi: mi estimate: stcrreg ftow i.xage_qgp i.gender i.tedlev i.xrgrlump i.depr
> ess i.chronic i.spouse i.xdeclatt i.xjobdemt i.support, compete(exit_type ==2
>  3 4 5)
. *xi: mi estimate: stcrreg wtof i.xage_qgp i.gender i.tedlev i.xrgrlump i.depr
> ess i.chronic i.spouse i.xdeclatt i.xjobdemt i.support, compete(exit_type ==2
>  3 4 5)
. 
. 
. saveold newresult, replace
(note: file newresult.dta not found)
file newresult.dta saved

. log close
      name:  <unnamed>
       log:  /gpfs/home/fas/meghir/rg684/git/baowen/hpc/log_hpc.log
  log type:  text
 closed on:   9 Feb 2017, 18:19:49
-------------------------------------------------------------------------------
