-----------------------------------------------------------------------------------------------------------------------------
      name:  <unnamed>
       log:  /data/uctprgu/git/baowen/hpc/log_hpc.log
  log type:  text
 opened on:  26 May 2016, 19:18:21

. 
. use ../preimpute, clear
(created on 30 Jun 2014)

. 
. mi set wide

. mi xtset,clear

. set matsize 10000

. 
. 
. mi register imputed ecpos3g r6agey gender spwork education iscoskill village logwealth logincome r6cesd ///
> r6diabe r6stroke r6hearte dyslipe sbp dbp r6bmi wc logcrp chol loghba1c logtg  smoking4way drinking r6cwtresp giveblood xge
> nder xrural xspwork ///
> medblood meddia medcho

. 
. mi impute chained ///
> (ologit)iscoskill smoking4way drinking education ///
> (logit) medcho medblood meddia village ///
> (ologit)spwork ///
> (regress) logwealth logincome sbp dbp wc r6cesd r6bmi ///
> (regress) logcrp chol loghba1c logtg /// 
> = r6agey gender r6stroke r6hearte r6diabe dyslipe [pweight=r6cwtresp],add(50) burnin(20) rseed(1389)augment 

Conditional models:
            meddia: logit meddia i.medcho i.medblood i.education i.iscoskill logwealth logincome i.spwork i.smoking4way
                     r6cesd i.village i.drinking sbp dbp wc r6bmi logcrp chol logtg loghba1c r6agey gender r6stroke
                     r6hearte r6diabe dyslipe [pweight = r6cwtresp], augment
            medcho: logit medcho i.meddia i.medblood i.education i.iscoskill logwealth logincome i.spwork i.smoking4way
                     r6cesd i.village i.drinking sbp dbp wc r6bmi logcrp chol logtg loghba1c r6agey gender r6stroke
                     r6hearte r6diabe dyslipe [pweight = r6cwtresp], augment
          medblood: logit medblood i.meddia i.medcho i.education i.iscoskill logwealth logincome i.spwork i.smoking4way
                     r6cesd i.village i.drinking sbp dbp wc r6bmi logcrp chol logtg loghba1c r6agey gender r6stroke
                     r6hearte r6diabe dyslipe [pweight = r6cwtresp], augment
         education: ologit education i.meddia i.medcho i.medblood i.iscoskill logwealth logincome i.spwork i.smoking4way
                     r6cesd i.village i.drinking sbp dbp wc r6bmi logcrp chol logtg loghba1c r6agey gender r6stroke
                     r6hearte r6diabe dyslipe [pweight = r6cwtresp], augment
         iscoskill: ologit iscoskill i.meddia i.medcho i.medblood i.education logwealth logincome i.spwork i.smoking4way
                     r6cesd i.village i.drinking sbp dbp wc r6bmi logcrp chol logtg loghba1c r6agey gender r6stroke
                     r6hearte r6diabe dyslipe [pweight = r6cwtresp], augment
         logwealth: regress logwealth i.meddia i.medcho i.medblood i.education i.iscoskill logincome i.spwork i.smoking4way
                     r6cesd i.village i.drinking sbp dbp wc r6bmi logcrp chol logtg loghba1c r6agey gender r6stroke
                     r6hearte r6diabe dyslipe [pweight = r6cwtresp]
         logincome: regress logincome i.meddia i.medcho i.medblood i.education i.iscoskill logwealth i.spwork i.smoking4way
                     r6cesd i.village i.drinking sbp dbp wc r6bmi logcrp chol logtg loghba1c r6agey gender r6stroke
                     r6hearte r6diabe dyslipe [pweight = r6cwtresp]
            spwork: ologit spwork i.meddia i.medcho i.medblood i.education i.iscoskill logwealth logincome i.smoking4way
                     r6cesd i.village i.drinking sbp dbp wc r6bmi logcrp chol logtg loghba1c r6agey gender r6stroke
                     r6hearte r6diabe dyslipe [pweight = r6cwtresp], augment
       smoking4way: ologit smoking4way i.meddia i.medcho i.medblood i.education i.iscoskill logwealth logincome i.spwork
                     r6cesd i.village i.drinking sbp dbp wc r6bmi logcrp chol logtg loghba1c r6agey gender r6stroke
                     r6hearte r6diabe dyslipe [pweight = r6cwtresp], augment
            r6cesd: regress r6cesd i.meddia i.medcho i.medblood i.education i.iscoskill logwealth logincome i.spwork
                     i.smoking4way i.village i.drinking sbp dbp wc r6bmi logcrp chol logtg loghba1c r6agey gender r6stroke
                     r6hearte r6diabe dyslipe [pweight = r6cwtresp]
           village: logit village i.meddia i.medcho i.medblood i.education i.iscoskill logwealth logincome i.spwork
                     i.smoking4way r6cesd i.drinking sbp dbp wc r6bmi logcrp chol logtg loghba1c r6agey gender r6stroke
                     r6hearte r6diabe dyslipe [pweight = r6cwtresp], augment
          drinking: ologit drinking i.meddia i.medcho i.medblood i.education i.iscoskill logwealth logincome i.spwork
                     i.smoking4way r6cesd i.village sbp dbp wc r6bmi logcrp chol logtg loghba1c r6agey gender r6stroke
                     r6hearte r6diabe dyslipe [pweight = r6cwtresp], augment
               sbp: regress sbp i.meddia i.medcho i.medblood i.education i.iscoskill logwealth logincome i.spwork
                     i.smoking4way r6cesd i.village i.drinking dbp wc r6bmi logcrp chol logtg loghba1c r6agey gender
                     r6stroke r6hearte r6diabe dyslipe [pweight = r6cwtresp]
               dbp: regress dbp i.meddia i.medcho i.medblood i.education i.iscoskill logwealth logincome i.spwork
                     i.smoking4way r6cesd i.village i.drinking sbp wc r6bmi logcrp chol logtg loghba1c r6agey gender
                     r6stroke r6hearte r6diabe dyslipe [pweight = r6cwtresp]
                wc: regress wc i.meddia i.medcho i.medblood i.education i.iscoskill logwealth logincome i.spwork
                     i.smoking4way r6cesd i.village i.drinking sbp dbp r6bmi logcrp chol logtg loghba1c r6agey gender
                     r6stroke r6hearte r6diabe dyslipe [pweight = r6cwtresp]
             r6bmi: regress r6bmi i.meddia i.medcho i.medblood i.education i.iscoskill logwealth logincome i.spwork
                     i.smoking4way r6cesd i.village i.drinking sbp dbp wc logcrp chol logtg loghba1c r6agey gender r6stroke
                     r6hearte r6diabe dyslipe [pweight = r6cwtresp]
            logcrp: regress logcrp i.meddia i.medcho i.medblood i.education i.iscoskill logwealth logincome i.spwork
                     i.smoking4way r6cesd i.village i.drinking sbp dbp wc r6bmi chol logtg loghba1c r6agey gender r6stroke
                     r6hearte r6diabe dyslipe [pweight = r6cwtresp]
              chol: regress chol i.meddia i.medcho i.medblood i.education i.iscoskill logwealth logincome i.spwork
                     i.smoking4way r6cesd i.village i.drinking sbp dbp wc r6bmi logcrp logtg loghba1c r6agey gender
                     r6stroke r6hearte r6diabe dyslipe [pweight = r6cwtresp]
             logtg: regress logtg i.meddia i.medcho i.medblood i.education i.iscoskill logwealth logincome i.spwork
                     i.smoking4way r6cesd i.village i.drinking sbp dbp wc r6bmi logcrp chol loghba1c r6agey gender r6stroke
                     r6hearte r6diabe dyslipe [pweight = r6cwtresp]
          loghba1c: regress loghba1c i.meddia i.medcho i.medblood i.education i.iscoskill logwealth logincome i.spwork
                     i.smoking4way r6cesd i.village i.drinking sbp dbp wc r6bmi logcrp chol logtg r6agey gender r6stroke
                     r6hearte r6diabe dyslipe [pweight = r6cwtresp]

Performing chained iterations ...

Multivariate imputation                     Imputations =       50
Chained equations                                 added =       50
Imputed: m=1 through m=50                       updated =        0

Initialization: monotone                     Iterations =     1000
                                                burn-in =       20

         iscoskill: ordered logistic regression
       smoking4way: ordered logistic regression
          drinking: ordered logistic regression
         education: ordered logistic regression
            medcho: logistic regression
          medblood: logistic regression
            meddia: logistic regression
           village: logistic regression
            spwork: augmented ordered logistic regression
         logwealth: linear regression
         logincome: linear regression
               sbp: linear regression
               dbp: linear regression
                wc: linear regression
            r6cesd: linear regression
             r6bmi: linear regression
            logcrp: linear regression
              chol: linear regression
          loghba1c: linear regression
             logtg: linear regression

------------------------------------------------------------------
                   |               Observations per m             
                   |----------------------------------------------
          Variable |   Complete   Incomplete   Imputed |     Total
-------------------+-----------------------------------+----------
         iscoskill |       9022          147       147 |      9169
       smoking4way |       8788          381       381 |      9169
          drinking |       7709         1460      1460 |      9169
         education |       9093           76        76 |      9169
            medcho |       9164            5         5 |      9169
          medblood |       9159           10        10 |      9169
            meddia |       9166            3         3 |      9169
           village |       7895         1274      1274 |      9169
            spwork |       8808          361       361 |      9169
         logwealth |       8948          221       221 |      9169
         logincome |       8940          229       229 |      9169
               sbp |       7655         1514      1514 |      9169
               dbp |       7655         1514      1514 |      9169
                wc |       7554         1615      1615 |      9169
            r6cesd |       8734          435       435 |      9169
             r6bmi |       7383         1786      1786 |      9169
            logcrp |       5883         3286      3286 |      9169
              chol |       5883         3286      3286 |      9169
          loghba1c |       5814         3355      3355 |      9169
             logtg |       5883         3286      3286 |      9169
------------------------------------------------------------------
(complete + incomplete = total; imputed is the minimum across m
 of the number of filled-in observations.)

Note: Right-hand-side variables (or weights) have missing values;
      model parameters estimated using listwise deletion.

. 
. 
. saveold newresult, replace
(saving in Stata 13 format)
(FYI, saveold has options version(12) and version(11) that write files in older Stata formats)
file newresult.dta saved

. log close
      name:  <unnamed>
       log:  /data/uctprgu/git/baowen/hpc/log_hpc.log
  log type:  text
 closed on:  26 May 2016, 21:18:27
-----------------------------------------------------------------------------------------------------------------------------
