
  ___  ____  ____  ____  ____ (R)
 /__    /   ____/   /   ____/
___/   /   /___/   /   /___/   14.1   Copyright 1985-2015 StataCorp LP
  Statistics/Data Analysis            StataCorp
                                      4905 Lakeway Drive
     MP - Parallel Edition            College Station, Texas 77845 USA
                                      800-STATA-PC        http://www.stata.com
                                      979-696-4600        stata@stata.com
                                      979-696-4601 (fax)

5-user 4-core Stata network perpetual license:
       Serial number:  501406219442
         Licensed to:  Department of Economics
                       University College London

Notes:
      1.  Stata is running in batch mode.
      2.  Unicode is supported; see help unicode_advice.
      3.  More than 2 billion observations are allowed; see help obs_advice.
      4.  Maximum number of variables is set to 5000; see help set_maxvar.

. do hpc5.do 

. cd ~/git/baowen/hpc5
/data/uctprgu/git/baowen/hpc5

. set more 1

. cap log close

. log using log_hpc5, text replace
(note: file /data/uctprgu/git/baowen/hpc5/log_hpc5.log not found)
-------------------------------------------------------------------------------
      name:  <unnamed>
       log:  /data/uctprgu/git/baowen/hpc5/log_hpc5.log
  log type:  text
 opened on:  14 Jan 2016, 04:21:31

. 
. use ../completelong, clear
(Written by R.              )

. 
. mi estimate: xtmixed bmi part1 part2 part1sq gender restopage i.provinces i.l
> astmarriage i.lastalcogrp i.lastsmoking i.education i.skills lastincome i.vil
> lage  ///
> age1991 i.lastactivity if yearsincerehou<=17&yearsincerehou>=-17&w2!=1991|| n
> ewhhid:|| idind: posiyearcenter,covariance(unstructured) mle var 
w2 not found
r(111);

end of do-file
r(111);
