-------------------------------------------------------------------------------
      name:  <unnamed>
       log:  /gpfs/home/fas/meghir/rg684/git/baowen/hpc4/log_hpc4.log
  log type:  text
 opened on:   9 Feb 2017, 09:19:52

. 
. use ../imputed.dta, clear

. 
. ************retire <60, WIF
. mi stset age_exitnew, failure(retiretime==1) enter(xage_q)exit (age_exitnew=7
> 5)

     failure event:  retiretime == 1
obs. time interval:  (0, age_exitnew]
 enter on or after:  time xage_q
 exit on or before:  age_exitnew==75

------------------------------------------------------------------------------
     7913  total observations
        0  exclusions
------------------------------------------------------------------------------
     7913  observations remaining, representing
     2754  failures in single-record/single-failure data
 76667.65  total analysis time at risk and under observation
                                              at risk from t =         0
                                   earliest observed entry t =     39.58
                                        last observed exit t =     81.02

. xi: mi estimate:stcrreg wtof i.xage_qgp i.gender, compete(retiretime==2 3)
i.xage_qgp        _Ixage_qgp_1-5      (naturally coded; _Ixage_qgp_1 omitted)
i.gender          _Igender_0-1        (naturally coded; _Igender_0 omitted)

Multiple-imputation estimates                     Imputations     =         25
Competing-risks regression                        Number of obs   =       7913
                                                  Average RVI     =     0.0207
                                                  Largest FMI     =     0.0943
DF adjustment:   Large sample                     DF:     min     =    2737.41
                                                          avg     =   4.33e+08
                                                          max     =   1.85e+09
Model F test:       Equal FMI                     F(   5,272413.3)=      10.96
Within VCE type:       Robust                     Prob > F        =     0.0000

------------------------------------------------------------------------------
          _t |      Coef.   Std. Err.      t    P>|t|     [95% Conf. Interval]
-------------+----------------------------------------------------------------
        wtof |  -.0073187   .0115511    -0.63   0.526    -.0299685     .015331
_Ixage_qgp_2 |   .0102053   .0478368     0.21   0.831     -.083553    .1039637
_Ixage_qgp_3 |   .2625434    .054853     4.79   0.000     .1550335    .3700534
_Ixage_qgp_4 |   .2261209   .0733367     3.08   0.002     .0823836    .3698581
_Ixage_qgp_5 |          0  (omitted)
  _Igender_1 |   .1713462   .0427781     4.01   0.000     .0875026    .2551897
------------------------------------------------------------------------------

. xi: mi estimate:stcrreg wtof i.xage_qgp i.gender i.tedlev i.xrgrlump i.depres
> s i.chronic i.spouse, compete(retiretime==2 3)
i.xage_qgp        _Ixage_qgp_1-5      (naturally coded; _Ixage_qgp_1 omitted)
i.gender          _Igender_0-1        (naturally coded; _Igender_0 omitted)
i.tedlev          _Itedlev_0-2        (naturally coded; _Itedlev_0 omitted)
i.xrgrlump        _Ixrgrlump_0-2      (naturally coded; _Ixrgrlump_0 omitted)
i.depress         _Idepress_0-1       (naturally coded; _Idepress_0 omitted)
i.chronic         _Ichronic_0-2       (naturally coded; _Ichronic_0 omitted)
i.spouse          _Ispouse_0-2        (naturally coded; _Ispouse_0 omitted)

Multiple-imputation estimates                     Imputations     =         25
Competing-risks regression                        Number of obs   =       7913
                                                  Average RVI     =     0.0399
                                                  Largest FMI     =     0.1305
DF adjustment:   Large sample                     DF:     min     =    1435.42
                                                          avg     =  608908.80
                                                          max     = 3460651.53
Model F test:       Equal FMI                     F(  14,222791.1)=      17.28
Within VCE type:       Robust                     Prob > F        =     0.0000

------------------------------------------------------------------------------
          _t |      Coef.   Std. Err.      t    P>|t|     [95% Conf. Interval]
-------------+----------------------------------------------------------------
        wtof |  -.0122113   .0129926    -0.94   0.347    -.0376977    .0132752
_Ixage_qgp_2 |  -.0156934   .0485645    -0.32   0.747    -.1108781    .0794913
_Ixage_qgp_3 |   .2229265   .0560987     3.97   0.000      .112975     .332878
_Ixage_qgp_4 |   .1658018   .0749658     2.21   0.027     .0188713    .3127322
_Ixage_qgp_5 |          0  (omitted)
  _Igender_1 |   .1982481   .0468772     4.23   0.000     .1063705    .2901257
  _Itedlev_1 |   .0376971   .0496516     0.76   0.448    -.0596246    .1350188
  _Itedlev_2 |   -.298927   .0532123    -5.62   0.000    -.4032346   -.1946195
_Ixrgrlump_1 |  -.1146462   .0485009    -2.36   0.018    -.2097084   -.0195839
_Ixrgrlump_2 |  -.5544749   .0804168    -6.90   0.000     -.712092   -.3968579
 _Idepress_1 |   .1558194   .0496644     3.14   0.002     .0584741    .2531646
 _Ichronic_1 |   .1302047   .0474125     2.75   0.006     .0372552    .2231542
 _Ichronic_2 |   .3135427   .0980415     3.20   0.001     .1212446    .5058408
  _Ispouse_1 |  -.1506324   .0527062    -2.86   0.004    -.2539433   -.0473216
  _Ispouse_2 |   .3166337    .045983     6.89   0.000     .2264989    .4067684
------------------------------------------------------------------------------

. 
. saveold newresult, replace
file newresult.dta saved

. log close
      name:  <unnamed>
       log:  /gpfs/home/fas/meghir/rg684/git/baowen/hpc4/log_hpc4.log
  log type:  text
 closed on:   9 Feb 2017, 11:55:58
-------------------------------------------------------------------------------
