-------------------------------------------------------------------------------
      name:  <unnamed>
       log:  /gpfs/home/fas/meghir/rg684/git/baowen/hpc4/log_hpc4.log
  log type:  text
 opened on:   6 Feb 2017, 20:02:35

. 
. use ../imputed.dta, clear

. 
. ***************retired
. *mi stset age_exitnew, failure(exit_type==3) enter(xage_q)exit (age_exitnew=7
> 5)
. *model 1:
. *xi: mi estimate: stcrreg ftow i.xage_qgp i.gender, compete(exit_type ==2 4 5
>  6)
. *xi: mi estimate: stcrreg wtof i.xage_qgp i.gender, compete(exit_type ==2 4 5
>  6)
. *mode1 2:
. *xi: mi estimate: stcrreg ftow i.xage_qgp i.gender i.tedlev i.xrgrlump i.depr
> ess i.chronic i.spouse , compete(exit_type ==2 4 5 6)
. *xi: mi estimate: stcrreg wtof i.xage_qgp i.gender i.tedlev i.xrgrlump i.depr
> ess i.chronic i.spouse, compete(exit_type ==2 4 5 6)
. *model 3:
. *xi: mi estimate: stcrreg ftow i.xage_qgp i.gender i.tedlev i.xrgrlump i.depr
> ess i.chronic i.spouse i.xdeclatt i.xjobdemt i.support, compete(exit_type ==2
>  4 5 6)
. *xi: mi estimate: stcrreg wtof i.xage_qgp i.gender i.tedlev i.xrgrlump i.depr
> ess i.chronic i.spouse i.xdeclatt i.xjobdemt i.support, compete(exit_type ==2
>  4 5 6)
. 
. ***************unemployed
. mi stset age_exitnew, failure(exit_type==4) enter(xage_q)exit (age_exitnew=75
> )

     failure event:  exit_type == 4
obs. time interval:  (0, age_exitnew]
 enter on or after:  time xage_q
 exit on or before:  age_exitnew==75

------------------------------------------------------------------------------
     7913  total observations
        0  exclusions
------------------------------------------------------------------------------
     7913  observations remaining, representing
      435  failures in single-record/single-failure data
 76667.65  total analysis time at risk and under observation
                                              at risk from t =         0
                                   earliest observed entry t =     39.58
                                        last observed exit t =     81.02

. *model 1:
. *xi: mi estimate: stcrreg ftow i.xage_qgp i.gender, compete(exit_type ==2 3 5
>  6)
. *xi: mi estimate: stcrreg wtof i.xage_qgp i.gender, compete(exit_type ==2 3 5
>  6)
. 
. *mode1 2:
. xi: mi estimate: stcrreg ftow i.xage_qgp i.gender i.tedlev i.xrgrlump i.depre
> ss i.chronic i.spouse , compete(exit_type ==2 3 5 6)
i.xage_qgp        _Ixage_qgp_1-5      (naturally coded; _Ixage_qgp_1 omitted)
i.gender          _Igender_0-1        (naturally coded; _Igender_0 omitted)
i.tedlev          _Itedlev_0-2        (naturally coded; _Itedlev_0 omitted)
i.xrgrlump        _Ixrgrlump_0-2      (naturally coded; _Ixrgrlump_0 omitted)
i.depress         _Idepress_0-1       (naturally coded; _Idepress_0 omitted)
i.chronic         _Ichronic_0-2       (naturally coded; _Ichronic_0 omitted)
i.spouse          _Ispouse_0-2        (naturally coded; _Ispouse_0 omitted)

Multiple-imputation estimates                     Imputations     =         25
Competing-risks regression                        Number of obs   =       7913
                                                  Average RVI     =     0.0465
                                                  Largest FMI     =     0.2150
DF adjustment:   Large sample                     DF:     min     =     533.77
                                                          avg     = 6606777.37
                                                          max     =   4.61e+07
Model F test:       Equal FMI                     F(  15,178389.5)=       6.84
Within VCE type:       Robust                     Prob > F        =     0.0000

------------------------------------------------------------------------------
          _t |      Coef.   Std. Err.      t    P>|t|     [95% Conf. Interval]
-------------+----------------------------------------------------------------
        ftow |   .0366703   .0332537     1.10   0.271    -.0286539    .1019945
_Ixage_qgp_2 |   .1346205   .1324136     1.02   0.309    -.1249053    .3941464
_Ixage_qgp_3 |   .8651227   .1566453     5.52   0.000     .5581035    1.172142
_Ixage_qgp_4 |   .8552706   .2022758     4.23   0.000     .4588172    1.251724
_Ixage_qgp_5 |   1.122573   .4732538     2.37   0.018     .1950125    2.050133
  _Igender_1 |  -.4114981    .120105    -3.43   0.001    -.6468997   -.1760965
  _Itedlev_1 |  -.4339229   .1364386    -3.18   0.001    -.7013656   -.1664802
  _Itedlev_2 |  -.1397052    .128712    -1.09   0.278    -.3919884     .112578
_Ixrgrlump_1 |   .4191806   .1260499     3.33   0.001     .1721269    .6662343
_Ixrgrlump_2 |   .5772397   .1717853     3.36   0.001     .2405462    .9139333
 _Idepress_1 |   .1217175   .1229774     0.99   0.322    -.1193738    .3628088
 _Ichronic_1 |    .059852   .1171903     0.51   0.610    -.1698685    .2895726
 _Ichronic_2 |   .1735586   .2298723     0.76   0.450    -.2772295    .6243468
  _Ispouse_1 |  -.3103007   .1399581    -2.22   0.027    -.5846444    -.035957
  _Ispouse_2 |   .1764535    .110551     1.60   0.110    -.0402413    .3931483
------------------------------------------------------------------------------

. xi: mi estimate: stcrreg wtof i.xage_qgp i.gender i.tedlev i.xrgrlump i.depre
> ss i.chronic i.spouse, compete(exit_type ==2 3 5 6)
i.xage_qgp        _Ixage_qgp_1-5      (naturally coded; _Ixage_qgp_1 omitted)
i.gender          _Igender_0-1        (naturally coded; _Igender_0 omitted)
i.tedlev          _Itedlev_0-2        (naturally coded; _Itedlev_0 omitted)
i.xrgrlump        _Ixrgrlump_0-2      (naturally coded; _Ixrgrlump_0 omitted)
i.depress         _Idepress_0-1       (naturally coded; _Idepress_0 omitted)
i.chronic         _Ichronic_0-2       (naturally coded; _Ichronic_0 omitted)
i.spouse          _Ispouse_0-2        (naturally coded; _Ispouse_0 omitted)

Multiple-imputation estimates                     Imputations     =         25
Competing-risks regression                        Number of obs   =       7913
                                                  Average RVI     =     0.0440
                                                  Largest FMI     =     0.1965
DF adjustment:   Large sample                     DF:     min     =     637.80
                                                          avg     = 6889791.91
                                                          max     =   4.09e+07
Model F test:       Equal FMI                     F(  15,198008.1)=       6.76
Within VCE type:       Robust                     Prob > F        =     0.0000

------------------------------------------------------------------------------
          _t |      Coef.   Std. Err.      t    P>|t|     [95% Conf. Interval]
-------------+----------------------------------------------------------------
        wtof |   .0188969   .0335851     0.56   0.574    -.0470539    .0848477
_Ixage_qgp_2 |   .1355855   .1324926     1.02   0.306    -.1240952    .3952661
_Ixage_qgp_3 |     .85926   .1560824     5.51   0.000      .553344    1.165176
_Ixage_qgp_4 |   .8471161   .2017746     4.20   0.000      .451645    1.242587
_Ixage_qgp_5 |   1.117526   .4735323     2.36   0.018     .1894193    2.045632
  _Igender_1 |  -.4021775   .1202029    -3.35   0.001    -.6377708   -.1665841
  _Itedlev_1 |  -.4347364   .1365208    -3.18   0.001    -.7023404   -.1671323
  _Itedlev_2 |  -.1376843   .1286365    -1.07   0.284    -.3898196     .114451
_Ixrgrlump_1 |   .4360503   .1300211     3.35   0.001     .1812086     .690892
_Ixrgrlump_2 |   .6027863   .1798592     3.35   0.001     .2502552    .9553175
 _Idepress_1 |   .1369409   .1206745     1.13   0.256    -.0996098    .3734915
 _Ichronic_1 |   .0592048   .1172182     0.51   0.614    -.1705709    .2889805
 _Ichronic_2 |   .1770339   .2304908     0.77   0.443    -.2749869    .6290547
  _Ispouse_1 |  -.3086676   .1401651    -2.20   0.028    -.5834186   -.0339166
  _Ispouse_2 |   .1669474   .1105944     1.51   0.131    -.0498273    .3837222
------------------------------------------------------------------------------

. /*
> *model 3:
> xi: mi estimate: stcrreg ftow i.xage_qgp i.gender i.tedlev i.xrgrlump i.depre
> ss i.chronic i.spouse i.xdeclatt i.xjobdemt i.support, compete(exit_type ==2 
> 3 5 6)
> xi: mi estimate: stcrreg wtof i.xage_qgp i.gender i.tedlev i.xrgrlump i.depre
> ss i.chronic i.spouse i.xdeclatt i.xjobdemt i.support, compete(exit_type ==2 
> 3 5 6)
> 
> ***************health reason
> mi stset age_exitnew, failure(exit_type==5) enter(xage_q)exit (age_exitnew=75
> )
> *model 1:
> xi: mi estimate: stcrreg ftow i.xage_qgp i.gender, compete(exit_type ==2 3 4 
> 6)
> xi: mi estimate: stcrreg wtof i.xage_qgp i.gender, compete(exit_type ==2 3 4 
> 6)
> *mode1 2:
> xi: mi estimate: stcrreg ftow i.xage_qgp i.gender i.tedlev i.xrgrlump i.depre
> ss i.chronic i.spouse , compete(exit_type ==2 3 4 6)
> xi: mi estimate: stcrreg wtof i.xage_qgp i.gender i.tedlev i.xrgrlump i.depre
> ss i.chronic i.spouse, compete(exit_type ==2 3 4 6)
> *model 3:
> xi: mi estimate: stcrreg ftow i.xage_qgp i.gender i.tedlev i.xrgrlump i.depre
> ss i.chronic i.spouse i.xdeclatt i.xjobdemt i.support, compete(exit_type ==2 
> 3 4 6)
> xi: mi estimate: stcrreg wtof i.xage_qgp i.gender i.tedlev i.xrgrlump i.depre
> ss i.chronic i.spouse i.xdeclatt i.xjobdemt i.support, compete(exit_type ==2 
> 3 4 6)
> */
. 
. ***************other
. *mi stset age_exitnew, failure(exit_type==6) enter(xage_q)exit (age_exitnew=7
> 5)
. *model 1:
. *xi: mi estimate: stcrreg ftow i.xage_qgp i.gender, compete(exit_type ==2 3 4
>  5)
. *xi: mi estimate: stcrreg wtof i.xage_qgp i.gender, compete(exit_type ==2 3 4
>  5)
. *mode1 2:
. *xi: mi estimate: stcrreg ftow i.xage_qgp i.gender i.tedlev i.xrgrlump i.depr
> ess i.chronic i.spouse , compete(exit_type ==2 3 4 5)
. *xi: mi estimate: stcrreg wtof i.xage_qgp i.gender i.tedlev i.xrgrlump i.depr
> ess i.chronic i.spouse, compete(exit_type ==2 3 4 5)
. *model 3:
. *xi: mi estimate: stcrreg ftow i.xage_qgp i.gender i.tedlev i.xrgrlump i.depr
> ess i.chronic i.spouse i.xdeclatt i.xjobdemt i.support, compete(exit_type ==2
>  3 4 5)
. *xi: mi estimate: stcrreg wtof i.xage_qgp i.gender i.tedlev i.xrgrlump i.depr
> ess i.chronic i.spouse i.xdeclatt i.xjobdemt i.support, compete(exit_type ==2
>  3 4 5)
. 
. 
. saveold newresult, replace
(note: file newresult.dta not found)
file newresult.dta saved

. log close
      name:  <unnamed>
       log:  /gpfs/home/fas/meghir/rg684/git/baowen/hpc4/log_hpc4.log
  log type:  text
 closed on:   7 Feb 2017, 04:26:04
-------------------------------------------------------------------------------
